[1.140s] Invoking command in '/home/masters/ros2/build/turtlebot3_autorace_detect': PYTHONPATH=/home/masters/ros2/build/turtlebot3_autorace_detect/prefix_override:/usr/lib/python3/dist-packages/colcon_core/task/python/colcon_distutils_commands:/home/masters/ros2/install/turtlebot3_autorace_detect/lib/python3.10/site-packages:${PYTHONPATH} /usr/bin/python3 -W ignore:setup.py install is deprecated -W ignore:easy_install command is deprecated setup.py develop --editable --build-directory /home/masters/ros2/build/turtlebot3_autorace_detect/build --no-deps symlink_data --force
[1.363s] running develop
[1.499s] running egg_info
[1.499s] writing turtlebot3_autorace_detect.egg-info/PKG-INFO
[1.500s] writing dependency_links to turtlebot3_autorace_detect.egg-info/dependency_links.txt
[1.500s] writing entry points to turtlebot3_autorace_detect.egg-info/entry_points.txt
[1.500s] writing requirements to turtlebot3_autorace_detect.egg-info/requires.txt
[1.500s] writing top-level names to turtlebot3_autorace_detect.egg-info/top_level.txt
[1.501s] reading manifest file 'turtlebot3_autorace_detect.egg-info/SOURCES.txt'
[1.502s] writing manifest file 'turtlebot3_autorace_detect.egg-info/SOURCES.txt'
[1.503s] running build_ext
[1.503s] Creating /home/masters/ros2/install/turtlebot3_autorace_detect/lib/python3.10/site-packages/turtlebot3-autorace-detect.egg-link (link to .)
[1.504s] Installing detect_construction_sign script to /home/masters/ros2/install/turtlebot3_autorace_detect/lib/turtlebot3_autorace_detect
[1.504s] Installing detect_intersection_sign script to /home/masters/ros2/install/turtlebot3_autorace_detect/lib/turtlebot3_autorace_detect
[1.504s] Installing detect_lane script to /home/masters/ros2/install/turtlebot3_autorace_detect/lib/turtlebot3_autorace_detect
[1.504s] Installing detect_level_crossing script to /home/masters/ros2/install/turtlebot3_autorace_detect/lib/turtlebot3_autorace_detect
[1.504s] Installing detect_level_crossing_sign script to /home/masters/ros2/install/turtlebot3_autorace_detect/lib/turtlebot3_autorace_detect
[1.504s] Installing detect_parking_sign script to /home/masters/ros2/install/turtlebot3_autorace_detect/lib/turtlebot3_autorace_detect
[1.504s] Installing detect_traffic_light script to /home/masters/ros2/install/turtlebot3_autorace_detect/lib/turtlebot3_autorace_detect
[1.504s] Installing detect_tunnel_sign script to /home/masters/ros2/install/turtlebot3_autorace_detect/lib/turtlebot3_autorace_detect
[1.505s] 
[1.505s] Installed /home/masters/ros2/build/turtlebot3_autorace_detect
[1.505s] running symlink_data
[1.505s] symbolically linking /home/masters/ros2/build/turtlebot3_autorace_detect/resource/turtlebot3_autorace_detect -> /home/masters/ros2/install/turtlebot3_autorace_detect/share/ament_index/resource_index/packages
[1.505s] symbolically linking /home/masters/ros2/build/turtlebot3_autorace_detect/package.xml -> /home/masters/ros2/install/turtlebot3_autorace_detect/share/turtlebot3_autorace_detect
[1.505s] symbolically linking /home/masters/ros2/build/turtlebot3_autorace_detect/launch/detect_lane.launch.py -> /home/masters/ros2/install/turtlebot3_autorace_detect/share/turtlebot3_autorace_detect/launch
[1.505s] symbolically linking /home/masters/ros2/build/turtlebot3_autorace_detect/launch/detect_traffic_light.launch.py -> /home/masters/ros2/install/turtlebot3_autorace_detect/share/turtlebot3_autorace_detect/launch
[1.505s] symbolically linking /home/masters/ros2/build/turtlebot3_autorace_detect/launch/detect_level_crossing.launch.py -> /home/masters/ros2/install/turtlebot3_autorace_detect/share/turtlebot3_autorace_detect/launch
[1.505s] symbolically linking /home/masters/ros2/build/turtlebot3_autorace_detect/launch/detect_sign.launch.py -> /home/masters/ros2/install/turtlebot3_autorace_detect/share/turtlebot3_autorace_detect/launch
[1.505s] symbolically linking /home/masters/ros2/build/turtlebot3_autorace_detect/param/lane/lane.yaml -> /home/masters/ros2/install/turtlebot3_autorace_detect/share/turtlebot3_autorace_detect/param/lane
[1.505s] symbolically linking /home/masters/ros2/build/turtlebot3_autorace_detect/param/level/level.yaml -> /home/masters/ros2/install/turtlebot3_autorace_detect/share/turtlebot3_autorace_detect/param/level
[1.505s] symbolically linking /home/masters/ros2/build/turtlebot3_autorace_detect/param/traffic_light/traffic_light.yaml -> /home/masters/ros2/install/turtlebot3_autorace_detect/share/turtlebot3_autorace_detect/param/traffic_light
[1.505s] symbolically linking /home/masters/ros2/build/turtlebot3_autorace_detect/image/construction.png -> /home/masters/ros2/install/turtlebot3_autorace_detect/share/turtlebot3_autorace_detect/image
[1.505s] symbolically linking /home/masters/ros2/build/turtlebot3_autorace_detect/image/tunnel.png -> /home/masters/ros2/install/turtlebot3_autorace_detect/share/turtlebot3_autorace_detect/image
[1.506s] symbolically linking /home/masters/ros2/build/turtlebot3_autorace_detect/image/stop.png -> /home/masters/ros2/install/turtlebot3_autorace_detect/share/turtlebot3_autorace_detect/image
[1.506s] symbolically linking /home/masters/ros2/build/turtlebot3_autorace_detect/image/left.png -> /home/masters/ros2/install/turtlebot3_autorace_detect/share/turtlebot3_autorace_detect/image
[1.506s] symbolically linking /home/masters/ros2/build/turtlebot3_autorace_detect/image/right.png -> /home/masters/ros2/install/turtlebot3_autorace_detect/share/turtlebot3_autorace_detect/image
[1.506s] symbolically linking /home/masters/ros2/build/turtlebot3_autorace_detect/image/parking.png -> /home/masters/ros2/install/turtlebot3_autorace_detect/share/turtlebot3_autorace_detect/image
[1.506s] symbolically linking /home/masters/ros2/build/turtlebot3_autorace_detect/image/intersection.png -> /home/masters/ros2/install/turtlebot3_autorace_detect/share/turtlebot3_autorace_detect/image
[1.529s] Invoked command in '/home/masters/ros2/build/turtlebot3_autorace_detect' returned '0': PYTHONPATH=/home/masters/ros2/build/turtlebot3_autorace_detect/prefix_override:/usr/lib/python3/dist-packages/colcon_core/task/python/colcon_distutils_commands:/home/masters/ros2/install/turtlebot3_autorace_detect/lib/python3.10/site-packages:${PYTHONPATH} /usr/bin/python3 -W ignore:setup.py install is deprecated -W ignore:easy_install command is deprecated setup.py develop --editable --build-directory /home/masters/ros2/build/turtlebot3_autorace_detect/build --no-deps symlink_data --force
