[1.209s] Invoking command in '/home/masters/ros2/src/turtlebot3_autorace/turtlebot3_autorace_camera': PYTHONPATH=/home/masters/ros2/src/build/turtlebot3_autorace_camera/prefix_override:/usr/lib/python3/dist-packages/colcon_core/task/python/colcon_distutils_commands:/home/masters/ros2/src/install/turtlebot3_autorace_camera/lib/python3.10/site-packages:${PYTHONPATH} /usr/bin/python3 -W ignore:setup.py install is deprecated -W ignore:easy_install command is deprecated setup.py egg_info --egg-base ../../build/turtlebot3_autorace_camera build --build-base /home/masters/ros2/src/build/turtlebot3_autorace_camera/build install --record /home/masters/ros2/src/build/turtlebot3_autorace_camera/install.log --single-version-externally-managed install_data
[1.413s] running egg_info
[1.414s] writing ../../build/turtlebot3_autorace_camera/turtlebot3_autorace_camera.egg-info/PKG-INFO
[1.414s] writing dependency_links to ../../build/turtlebot3_autorace_camera/turtlebot3_autorace_camera.egg-info/dependency_links.txt
[1.415s] writing entry points to ../../build/turtlebot3_autorace_camera/turtlebot3_autorace_camera.egg-info/entry_points.txt
[1.415s] writing requirements to ../../build/turtlebot3_autorace_camera/turtlebot3_autorace_camera.egg-info/requires.txt
[1.415s] writing top-level names to ../../build/turtlebot3_autorace_camera/turtlebot3_autorace_camera.egg-info/top_level.txt
[1.416s] reading manifest file '../../build/turtlebot3_autorace_camera/turtlebot3_autorace_camera.egg-info/SOURCES.txt'
[1.417s] writing manifest file '../../build/turtlebot3_autorace_camera/turtlebot3_autorace_camera.egg-info/SOURCES.txt'
[1.417s] running build
[1.417s] running build_py
[1.418s] running install
[1.418s] running install_lib
[1.419s] running install_data
[1.419s] copying calibration/extrinsic_calibration/compensation.yaml -> /home/masters/ros2/src/install/turtlebot3_autorace_camera/share/turtlebot3_autorace_camera/calibration/extrinsic_calibration
[1.419s] copying calibration/extrinsic_calibration/projection.yaml -> /home/masters/ros2/src/install/turtlebot3_autorace_camera/share/turtlebot3_autorace_camera/calibration/extrinsic_calibration
[1.420s] running install_egg_info
[1.421s] removing '/home/masters/ros2/src/install/turtlebot3_autorace_camera/lib/python3.10/site-packages/turtlebot3_autorace_camera-1.2.2-py3.10.egg-info' (and everything under it)
[1.421s] Copying ../../build/turtlebot3_autorace_camera/turtlebot3_autorace_camera.egg-info to /home/masters/ros2/src/install/turtlebot3_autorace_camera/lib/python3.10/site-packages/turtlebot3_autorace_camera-1.2.2-py3.10.egg-info
[1.422s] running install_scripts
[1.437s] Installing image_compensation script to /home/masters/ros2/src/install/turtlebot3_autorace_camera/lib/turtlebot3_autorace_camera
[1.438s] Installing image_projection script to /home/masters/ros2/src/install/turtlebot3_autorace_camera/lib/turtlebot3_autorace_camera
[1.438s] writing list of installed files to '/home/masters/ros2/src/build/turtlebot3_autorace_camera/install.log'
[1.489s] Invoked command in '/home/masters/ros2/src/turtlebot3_autorace/turtlebot3_autorace_camera' returned '0': PYTHONPATH=/home/masters/ros2/src/build/turtlebot3_autorace_camera/prefix_override:/usr/lib/python3/dist-packages/colcon_core/task/python/colcon_distutils_commands:/home/masters/ros2/src/install/turtlebot3_autorace_camera/lib/python3.10/site-packages:${PYTHONPATH} /usr/bin/python3 -W ignore:setup.py install is deprecated -W ignore:easy_install command is deprecated setup.py egg_info --egg-base ../../build/turtlebot3_autorace_camera build --build-base /home/masters/ros2/src/build/turtlebot3_autorace_camera/build install --record /home/masters/ros2/src/build/turtlebot3_autorace_camera/install.log --single-version-externally-managed install_data
