[0.087s] DEBUG:colcon:Command line arguments: ['/usr/bin/colcon', 'build']
[0.087s] DEBUG:colcon:Parsed command line arguments: Namespace(log_base=None, log_level=None, verb_name='build', build_base='build', install_base='install', merge_install=False, symlink_install=False, test_result_base=None, continue_on_error=False, executor='parallel', parallel_workers=16, event_handlers=None, ignore_user_meta=False, metas=['./colcon.meta'], base_paths=['.'], packages_ignore=None, packages_ignore_regex=None, paths=None, packages_up_to=None, packages_up_to_regex=None, packages_above=None, packages_above_and_dependencies=None, packages_above_depth=None, packages_select_by_dep=None, packages_skip_by_dep=None, packages_skip_up_to=None, packages_select_build_failed=False, packages_skip_build_finished=False, packages_select_test_failures=False, packages_skip_test_passed=False, packages_select=None, packages_skip=None, packages_select_regex=None, packages_skip_regex=None, packages_start=None, packages_end=None, allow_overriding=[], cmake_args=None, cmake_target=None, cmake_target_skip_unavailable=False, cmake_clean_cache=False, cmake_clean_first=False, cmake_force_configure=False, ament_cmake_args=None, catkin_cmake_args=None, catkin_skip_building_tests=False, mixin_files=None, mixin=None, verb_parser=<colcon_mixin.mixin.mixin_argument.MixinArgumentDecorator object at 0x743dc117c430>, verb_extension=<colcon_core.verb.build.BuildVerb object at 0x743dc114fdc0>, main=<bound method BuildVerb.main of <colcon_core.verb.build.BuildVerb object at 0x743dc114fdc0>>, mixin_verb=('build',))
[0.223s] Level 1:colcon.colcon_core.package_discovery:discover_packages(colcon_meta) check parameters
[0.223s] Level 1:colcon.colcon_core.package_discovery:discover_packages(recursive) check parameters
[0.223s] Level 1:colcon.colcon_core.package_discovery:discover_packages(ignore) check parameters
[0.223s] Level 1:colcon.colcon_core.package_discovery:discover_packages(path) check parameters
[0.223s] Level 1:colcon.colcon_core.package_discovery:discover_packages(colcon_meta) discover
[0.223s] Level 1:colcon.colcon_core.package_discovery:discover_packages(recursive) discover
[0.223s] INFO:colcon.colcon_core.package_discovery:Crawling recursively for packages in '/home/masters/ros2/src'
[0.223s] Level 1:colcon.colcon_core.package_identification:_identify(.) by extensions ['ignore', 'ignore_ament_install']
[0.223s] Level 1:colcon.colcon_core.package_identification:_identify(.) by extension 'ignore'
[0.223s] Level 1:colcon.colcon_core.package_identification:_identify(.) by extension 'ignore_ament_install'
[0.223s] Level 1:colcon.colcon_core.package_identification:_identify(.) by extensions ['colcon_pkg']
[0.223s] Level 1:colcon.colcon_core.package_identification:_identify(.) by extension 'colcon_pkg'
[0.223s] Level 1:colcon.colcon_core.package_identification:_identify(.) by extensions ['colcon_meta']
[0.223s] Level 1:colcon.colcon_core.package_identification:_identify(.) by extension 'colcon_meta'
[0.223s] Level 1:colcon.colcon_core.package_identification:_identify(.) by extensions ['ros']
[0.223s] Level 1:colcon.colcon_core.package_identification:_identify(.) by extension 'ros'
[0.231s] Level 1:colcon.colcon_core.package_identification:_identify(.) by extensions ['cmake', 'python']
[0.231s] Level 1:colcon.colcon_core.package_identification:_identify(.) by extension 'cmake'
[0.231s] Level 1:colcon.colcon_core.package_identification:_identify(.) by extension 'python'
[0.231s] Level 1:colcon.colcon_core.package_identification:_identify(.) by extensions ['python_setup_py']
[0.231s] Level 1:colcon.colcon_core.package_identification:_identify(.) by extension 'python_setup_py'
[0.231s] Level 1:colcon.colcon_core.package_identification:_identify(build) by extensions ['ignore', 'ignore_ament_install']
[0.231s] Level 1:colcon.colcon_core.package_identification:_identify(build) by extension 'ignore'
[0.232s] Level 1:colcon.colcon_core.package_identification:_identify(build) ignored
[0.232s] Level 1:colcon.colcon_core.package_identification:_identify(install) by extensions ['ignore', 'ignore_ament_install']
[0.232s] Level 1:colcon.colcon_core.package_identification:_identify(install) by extension 'ignore'
[0.232s] Level 1:colcon.colcon_core.package_identification:_identify(install) ignored
[0.232s] Level 1:colcon.colcon_core.package_identification:_identify(log) by extensions ['ignore', 'ignore_ament_install']
[0.232s] Level 1:colcon.colcon_core.package_identification:_identify(log) by extension 'ignore'
[0.232s] Level 1:colcon.colcon_core.package_identification:_identify(log) ignored
[0.232s] Level 1:colcon.colcon_core.package_identification:_identify(sensor_fusion) by extensions ['ignore', 'ignore_ament_install']
[0.232s] Level 1:colcon.colcon_core.package_identification:_identify(sensor_fusion) by extension 'ignore'
[0.232s] Level 1:colcon.colcon_core.package_identification:_identify(sensor_fusion) by extension 'ignore_ament_install'
[0.232s] Level 1:colcon.colcon_core.package_identification:_identify(sensor_fusion) by extensions ['colcon_pkg']
[0.232s] Level 1:colcon.colcon_core.package_identification:_identify(sensor_fusion) by extension 'colcon_pkg'
[0.232s] Level 1:colcon.colcon_core.package_identification:_identify(sensor_fusion) by extensions ['colcon_meta']
[0.232s] Level 1:colcon.colcon_core.package_identification:_identify(sensor_fusion) by extension 'colcon_meta'
[0.232s] Level 1:colcon.colcon_core.package_identification:_identify(sensor_fusion) by extensions ['ros']
[0.232s] Level 1:colcon.colcon_core.package_identification:_identify(sensor_fusion) by extension 'ros'
[0.234s] DEBUG:colcon.colcon_core.package_identification:Package 'sensor_fusion' with type 'ros.ament_python' and name 'sensor_fusion'
[0.234s] Level 1:colcon.colcon_core.package_identification:_identify(turtlebot3_autorace) by extensions ['ignore', 'ignore_ament_install']
[0.234s] Level 1:colcon.colcon_core.package_identification:_identify(turtlebot3_autorace) by extension 'ignore'
[0.234s] Level 1:colcon.colcon_core.package_identification:_identify(turtlebot3_autorace) by extension 'ignore_ament_install'
[0.234s] Level 1:colcon.colcon_core.package_identification:_identify(turtlebot3_autorace) by extensions ['colcon_pkg']
[0.234s] Level 1:colcon.colcon_core.package_identification:_identify(turtlebot3_autorace) by extension 'colcon_pkg'
[0.234s] Level 1:colcon.colcon_core.package_identification:_identify(turtlebot3_autorace) by extensions ['colcon_meta']
[0.234s] Level 1:colcon.colcon_core.package_identification:_identify(turtlebot3_autorace) by extension 'colcon_meta'
[0.235s] Level 1:colcon.colcon_core.package_identification:_identify(turtlebot3_autorace) by extensions ['ros']
[0.235s] Level 1:colcon.colcon_core.package_identification:_identify(turtlebot3_autorace) by extension 'ros'
[0.235s] Level 1:colcon.colcon_core.package_identification:_identify(turtlebot3_autorace) by extensions ['cmake', 'python']
[0.235s] Level 1:colcon.colcon_core.package_identification:_identify(turtlebot3_autorace) by extension 'cmake'
[0.235s] Level 1:colcon.colcon_core.package_identification:_identify(turtlebot3_autorace) by extension 'python'
[0.235s] Level 1:colcon.colcon_core.package_identification:_identify(turtlebot3_autorace) by extensions ['python_setup_py']
[0.235s] Level 1:colcon.colcon_core.package_identification:_identify(turtlebot3_autorace) by extension 'python_setup_py'
[0.235s] Level 1:colcon.colcon_core.package_identification:_identify(turtlebot3_autorace/turtlebot3_autorace) by extensions ['ignore', 'ignore_ament_install']
[0.235s] Level 1:colcon.colcon_core.package_identification:_identify(turtlebot3_autorace/turtlebot3_autorace) by extension 'ignore'
[0.235s] Level 1:colcon.colcon_core.package_identification:_identify(turtlebot3_autorace/turtlebot3_autorace) by extension 'ignore_ament_install'
[0.235s] Level 1:colcon.colcon_core.package_identification:_identify(turtlebot3_autorace/turtlebot3_autorace) by extensions ['colcon_pkg']
[0.235s] Level 1:colcon.colcon_core.package_identification:_identify(turtlebot3_autorace/turtlebot3_autorace) by extension 'colcon_pkg'
[0.235s] Level 1:colcon.colcon_core.package_identification:_identify(turtlebot3_autorace/turtlebot3_autorace) by extensions ['colcon_meta']
[0.235s] Level 1:colcon.colcon_core.package_identification:_identify(turtlebot3_autorace/turtlebot3_autorace) by extension 'colcon_meta'
[0.235s] Level 1:colcon.colcon_core.package_identification:_identify(turtlebot3_autorace/turtlebot3_autorace) by extensions ['ros']
[0.235s] Level 1:colcon.colcon_core.package_identification:_identify(turtlebot3_autorace/turtlebot3_autorace) by extension 'ros'
[0.236s] DEBUG:colcon.colcon_core.package_identification:Package 'turtlebot3_autorace/turtlebot3_autorace' with type 'ros.ament_cmake' and name 'turtlebot3_autorace'
[0.236s] Level 1:colcon.colcon_core.package_identification:_identify(turtlebot3_autorace/turtlebot3_autorace_camera) by extensions ['ignore', 'ignore_ament_install']
[0.236s] Level 1:colcon.colcon_core.package_identification:_identify(turtlebot3_autorace/turtlebot3_autorace_camera) by extension 'ignore'
[0.236s] Level 1:colcon.colcon_core.package_identification:_identify(turtlebot3_autorace/turtlebot3_autorace_camera) by extension 'ignore_ament_install'
[0.236s] Level 1:colcon.colcon_core.package_identification:_identify(turtlebot3_autorace/turtlebot3_autorace_camera) by extensions ['colcon_pkg']
[0.236s] Level 1:colcon.colcon_core.package_identification:_identify(turtlebot3_autorace/turtlebot3_autorace_camera) by extension 'colcon_pkg'
[0.236s] Level 1:colcon.colcon_core.package_identification:_identify(turtlebot3_autorace/turtlebot3_autorace_camera) by extensions ['colcon_meta']
[0.236s] Level 1:colcon.colcon_core.package_identification:_identify(turtlebot3_autorace/turtlebot3_autorace_camera) by extension 'colcon_meta'
[0.236s] Level 1:colcon.colcon_core.package_identification:_identify(turtlebot3_autorace/turtlebot3_autorace_camera) by extensions ['ros']
[0.236s] Level 1:colcon.colcon_core.package_identification:_identify(turtlebot3_autorace/turtlebot3_autorace_camera) by extension 'ros'
[0.237s] DEBUG:colcon.colcon_core.package_identification:Package 'turtlebot3_autorace/turtlebot3_autorace_camera' with type 'ros.ament_python' and name 'turtlebot3_autorace_camera'
[0.237s] Level 1:colcon.colcon_core.package_identification:_identify(turtlebot3_autorace/turtlebot3_autorace_detect) by extensions ['ignore', 'ignore_ament_install']
[0.237s] Level 1:colcon.colcon_core.package_identification:_identify(turtlebot3_autorace/turtlebot3_autorace_detect) by extension 'ignore'
[0.237s] Level 1:colcon.colcon_core.package_identification:_identify(turtlebot3_autorace/turtlebot3_autorace_detect) by extension 'ignore_ament_install'
[0.237s] Level 1:colcon.colcon_core.package_identification:_identify(turtlebot3_autorace/turtlebot3_autorace_detect) by extensions ['colcon_pkg']
[0.237s] Level 1:colcon.colcon_core.package_identification:_identify(turtlebot3_autorace/turtlebot3_autorace_detect) by extension 'colcon_pkg'
[0.237s] Level 1:colcon.colcon_core.package_identification:_identify(turtlebot3_autorace/turtlebot3_autorace_detect) by extensions ['colcon_meta']
[0.237s] Level 1:colcon.colcon_core.package_identification:_identify(turtlebot3_autorace/turtlebot3_autorace_detect) by extension 'colcon_meta'
[0.237s] Level 1:colcon.colcon_core.package_identification:_identify(turtlebot3_autorace/turtlebot3_autorace_detect) by extensions ['ros']
[0.237s] Level 1:colcon.colcon_core.package_identification:_identify(turtlebot3_autorace/turtlebot3_autorace_detect) by extension 'ros'
[0.238s] DEBUG:colcon.colcon_core.package_identification:Package 'turtlebot3_autorace/turtlebot3_autorace_detect' with type 'ros.ament_python' and name 'turtlebot3_autorace_detect'
[0.238s] Level 1:colcon.colcon_core.package_identification:_identify(turtlebot3_autorace/turtlebot3_autorace_mission) by extensions ['ignore', 'ignore_ament_install']
[0.238s] Level 1:colcon.colcon_core.package_identification:_identify(turtlebot3_autorace/turtlebot3_autorace_mission) by extension 'ignore'
[0.238s] Level 1:colcon.colcon_core.package_identification:_identify(turtlebot3_autorace/turtlebot3_autorace_mission) by extension 'ignore_ament_install'
[0.238s] Level 1:colcon.colcon_core.package_identification:_identify(turtlebot3_autorace/turtlebot3_autorace_mission) by extensions ['colcon_pkg']
[0.238s] Level 1:colcon.colcon_core.package_identification:_identify(turtlebot3_autorace/turtlebot3_autorace_mission) by extension 'colcon_pkg'
[0.238s] Level 1:colcon.colcon_core.package_identification:_identify(turtlebot3_autorace/turtlebot3_autorace_mission) by extensions ['colcon_meta']
[0.238s] Level 1:colcon.colcon_core.package_identification:_identify(turtlebot3_autorace/turtlebot3_autorace_mission) by extension 'colcon_meta'
[0.238s] Level 1:colcon.colcon_core.package_identification:_identify(turtlebot3_autorace/turtlebot3_autorace_mission) by extensions ['ros']
[0.238s] Level 1:colcon.colcon_core.package_identification:_identify(turtlebot3_autorace/turtlebot3_autorace_mission) by extension 'ros'
[0.239s] DEBUG:colcon.colcon_core.package_identification:Package 'turtlebot3_autorace/turtlebot3_autorace_mission' with type 'ros.ament_python' and name 'turtlebot3_autorace_mission'
[0.239s] Level 1:colcon.colcon_core.package_discovery:discover_packages(recursive) using defaults
[0.239s] Level 1:colcon.colcon_core.package_discovery:discover_packages(ignore) discover
[0.239s] Level 1:colcon.colcon_core.package_discovery:discover_packages(ignore) using defaults
[0.239s] Level 1:colcon.colcon_core.package_discovery:discover_packages(path) discover
[0.239s] Level 1:colcon.colcon_core.package_discovery:discover_packages(path) using defaults
[0.261s] Level 1:colcon.colcon_core.package_discovery:discover_packages(prefix_path) check parameters
[0.261s] Level 1:colcon.colcon_core.package_discovery:discover_packages(prefix_path) discover
[0.262s] DEBUG:colcon.colcon_installed_package_information.package_discovery:Found 5 installed packages in /home/masters/ros2/install
[0.263s] DEBUG:colcon.colcon_installed_package_information.package_discovery:Found 16 installed packages in /home/masters/turtlebot3_ws/install
[0.264s] DEBUG:colcon.colcon_installed_package_information.package_discovery:Found 377 installed packages in /opt/ros/humble
[0.266s] Level 1:colcon.colcon_core.package_discovery:discover_packages(prefix_path) using defaults
[0.302s] Level 5:colcon.colcon_core.verb:set package 'sensor_fusion' build argument 'cmake_args' from command line to 'None'
[0.302s] Level 5:colcon.colcon_core.verb:set package 'sensor_fusion' build argument 'cmake_target' from command line to 'None'
[0.302s] Level 5:colcon.colcon_core.verb:set package 'sensor_fusion' build argument 'cmake_target_skip_unavailable' from command line to 'False'
[0.302s] Level 5:colcon.colcon_core.verb:set package 'sensor_fusion' build argument 'cmake_clean_cache' from command line to 'False'
[0.302s] Level 5:colcon.colcon_core.verb:set package 'sensor_fusion' build argument 'cmake_clean_first' from command line to 'False'
[0.302s] Level 5:colcon.colcon_core.verb:set package 'sensor_fusion' build argument 'cmake_force_configure' from command line to 'False'
[0.302s] Level 5:colcon.colcon_core.verb:set package 'sensor_fusion' build argument 'ament_cmake_args' from command line to 'None'
[0.302s] Level 5:colcon.colcon_core.verb:set package 'sensor_fusion' build argument 'catkin_cmake_args' from command line to 'None'
[0.302s] Level 5:colcon.colcon_core.verb:set package 'sensor_fusion' build argument 'catkin_skip_building_tests' from command line to 'False'
[0.302s] DEBUG:colcon.colcon_core.verb:Building package 'sensor_fusion' with the following arguments: {'ament_cmake_args': None, 'build_base': '/home/masters/ros2/src/build/sensor_fusion', 'catkin_cmake_args': None, 'catkin_skip_building_tests': False, 'cmake_args': None, 'cmake_clean_cache': False, 'cmake_clean_first': False, 'cmake_force_configure': False, 'cmake_target': None, 'cmake_target_skip_unavailable': False, 'install_base': '/home/masters/ros2/src/install/sensor_fusion', 'merge_install': False, 'path': '/home/masters/ros2/src/sensor_fusion', 'symlink_install': False, 'test_result_base': None}
[0.302s] Level 5:colcon.colcon_core.verb:set package 'turtlebot3_autorace_camera' build argument 'cmake_args' from command line to 'None'
[0.302s] Level 5:colcon.colcon_core.verb:set package 'turtlebot3_autorace_camera' build argument 'cmake_target' from command line to 'None'
[0.302s] Level 5:colcon.colcon_core.verb:set package 'turtlebot3_autorace_camera' build argument 'cmake_target_skip_unavailable' from command line to 'False'
[0.302s] Level 5:colcon.colcon_core.verb:set package 'turtlebot3_autorace_camera' build argument 'cmake_clean_cache' from command line to 'False'
[0.302s] Level 5:colcon.colcon_core.verb:set package 'turtlebot3_autorace_camera' build argument 'cmake_clean_first' from command line to 'False'
[0.302s] Level 5:colcon.colcon_core.verb:set package 'turtlebot3_autorace_camera' build argument 'cmake_force_configure' from command line to 'False'
[0.302s] Level 5:colcon.colcon_core.verb:set package 'turtlebot3_autorace_camera' build argument 'ament_cmake_args' from command line to 'None'
[0.303s] Level 5:colcon.colcon_core.verb:set package 'turtlebot3_autorace_camera' build argument 'catkin_cmake_args' from command line to 'None'
[0.303s] Level 5:colcon.colcon_core.verb:set package 'turtlebot3_autorace_camera' build argument 'catkin_skip_building_tests' from command line to 'False'
[0.303s] DEBUG:colcon.colcon_core.verb:Building package 'turtlebot3_autorace_camera' with the following arguments: {'ament_cmake_args': None, 'build_base': '/home/masters/ros2/src/build/turtlebot3_autorace_camera', 'catkin_cmake_args': None, 'catkin_skip_building_tests': False, 'cmake_args': None, 'cmake_clean_cache': False, 'cmake_clean_first': False, 'cmake_force_configure': False, 'cmake_target': None, 'cmake_target_skip_unavailable': False, 'install_base': '/home/masters/ros2/src/install/turtlebot3_autorace_camera', 'merge_install': False, 'path': '/home/masters/ros2/src/turtlebot3_autorace/turtlebot3_autorace_camera', 'symlink_install': False, 'test_result_base': None}
[0.303s] Level 5:colcon.colcon_core.verb:set package 'turtlebot3_autorace_detect' build argument 'cmake_args' from command line to 'None'
[0.303s] Level 5:colcon.colcon_core.verb:set package 'turtlebot3_autorace_detect' build argument 'cmake_target' from command line to 'None'
[0.303s] Level 5:colcon.colcon_core.verb:set package 'turtlebot3_autorace_detect' build argument 'cmake_target_skip_unavailable' from command line to 'False'
[0.303s] Level 5:colcon.colcon_core.verb:set package 'turtlebot3_autorace_detect' build argument 'cmake_clean_cache' from command line to 'False'
[0.303s] Level 5:colcon.colcon_core.verb:set package 'turtlebot3_autorace_detect' build argument 'cmake_clean_first' from command line to 'False'
[0.303s] Level 5:colcon.colcon_core.verb:set package 'turtlebot3_autorace_detect' build argument 'cmake_force_configure' from command line to 'False'
[0.303s] Level 5:colcon.colcon_core.verb:set package 'turtlebot3_autorace_detect' build argument 'ament_cmake_args' from command line to 'None'
[0.303s] Level 5:colcon.colcon_core.verb:set package 'turtlebot3_autorace_detect' build argument 'catkin_cmake_args' from command line to 'None'
[0.303s] Level 5:colcon.colcon_core.verb:set package 'turtlebot3_autorace_detect' build argument 'catkin_skip_building_tests' from command line to 'False'
[0.303s] DEBUG:colcon.colcon_core.verb:Building package 'turtlebot3_autorace_detect' with the following arguments: {'ament_cmake_args': None, 'build_base': '/home/masters/ros2/src/build/turtlebot3_autorace_detect', 'catkin_cmake_args': None, 'catkin_skip_building_tests': False, 'cmake_args': None, 'cmake_clean_cache': False, 'cmake_clean_first': False, 'cmake_force_configure': False, 'cmake_target': None, 'cmake_target_skip_unavailable': False, 'install_base': '/home/masters/ros2/src/install/turtlebot3_autorace_detect', 'merge_install': False, 'path': '/home/masters/ros2/src/turtlebot3_autorace/turtlebot3_autorace_detect', 'symlink_install': False, 'test_result_base': None}
[0.303s] Level 5:colcon.colcon_core.verb:set package 'turtlebot3_autorace_mission' build argument 'cmake_args' from command line to 'None'
[0.303s] Level 5:colcon.colcon_core.verb:set package 'turtlebot3_autorace_mission' build argument 'cmake_target' from command line to 'None'
[0.303s] Level 5:colcon.colcon_core.verb:set package 'turtlebot3_autorace_mission' build argument 'cmake_target_skip_unavailable' from command line to 'False'
[0.303s] Level 5:colcon.colcon_core.verb:set package 'turtlebot3_autorace_mission' build argument 'cmake_clean_cache' from command line to 'False'
[0.303s] Level 5:colcon.colcon_core.verb:set package 'turtlebot3_autorace_mission' build argument 'cmake_clean_first' from command line to 'False'
[0.303s] Level 5:colcon.colcon_core.verb:set package 'turtlebot3_autorace_mission' build argument 'cmake_force_configure' from command line to 'False'
[0.303s] Level 5:colcon.colcon_core.verb:set package 'turtlebot3_autorace_mission' build argument 'ament_cmake_args' from command line to 'None'
[0.303s] Level 5:colcon.colcon_core.verb:set package 'turtlebot3_autorace_mission' build argument 'catkin_cmake_args' from command line to 'None'
[0.303s] Level 5:colcon.colcon_core.verb:set package 'turtlebot3_autorace_mission' build argument 'catkin_skip_building_tests' from command line to 'False'
[0.303s] DEBUG:colcon.colcon_core.verb:Building package 'turtlebot3_autorace_mission' with the following arguments: {'ament_cmake_args': None, 'build_base': '/home/masters/ros2/src/build/turtlebot3_autorace_mission', 'catkin_cmake_args': None, 'catkin_skip_building_tests': False, 'cmake_args': None, 'cmake_clean_cache': False, 'cmake_clean_first': False, 'cmake_force_configure': False, 'cmake_target': None, 'cmake_target_skip_unavailable': False, 'install_base': '/home/masters/ros2/src/install/turtlebot3_autorace_mission', 'merge_install': False, 'path': '/home/masters/ros2/src/turtlebot3_autorace/turtlebot3_autorace_mission', 'symlink_install': False, 'test_result_base': None}
[0.304s] Level 5:colcon.colcon_core.verb:set package 'turtlebot3_autorace' build argument 'cmake_args' from command line to 'None'
[0.304s] Level 5:colcon.colcon_core.verb:set package 'turtlebot3_autorace' build argument 'cmake_target' from command line to 'None'
[0.304s] Level 5:colcon.colcon_core.verb:set package 'turtlebot3_autorace' build argument 'cmake_target_skip_unavailable' from command line to 'False'
[0.304s] Level 5:colcon.colcon_core.verb:set package 'turtlebot3_autorace' build argument 'cmake_clean_cache' from command line to 'False'
[0.304s] Level 5:colcon.colcon_core.verb:set package 'turtlebot3_autorace' build argument 'cmake_clean_first' from command line to 'False'
[0.304s] Level 5:colcon.colcon_core.verb:set package 'turtlebot3_autorace' build argument 'cmake_force_configure' from command line to 'False'
[0.304s] Level 5:colcon.colcon_core.verb:set package 'turtlebot3_autorace' build argument 'ament_cmake_args' from command line to 'None'
[0.304s] Level 5:colcon.colcon_core.verb:set package 'turtlebot3_autorace' build argument 'catkin_cmake_args' from command line to 'None'
[0.304s] Level 5:colcon.colcon_core.verb:set package 'turtlebot3_autorace' build argument 'catkin_skip_building_tests' from command line to 'False'
[0.304s] DEBUG:colcon.colcon_core.verb:Building package 'turtlebot3_autorace' with the following arguments: {'ament_cmake_args': None, 'build_base': '/home/masters/ros2/src/build/turtlebot3_autorace', 'catkin_cmake_args': None, 'catkin_skip_building_tests': False, 'cmake_args': None, 'cmake_clean_cache': False, 'cmake_clean_first': False, 'cmake_force_configure': False, 'cmake_target': None, 'cmake_target_skip_unavailable': False, 'install_base': '/home/masters/ros2/src/install/turtlebot3_autorace', 'merge_install': False, 'path': '/home/masters/ros2/src/turtlebot3_autorace/turtlebot3_autorace', 'symlink_install': False, 'test_result_base': None}
[0.304s] INFO:colcon.colcon_core.executor:Executing jobs using 'parallel' executor
[0.305s] DEBUG:colcon.colcon_parallel_executor.executor.parallel:run_until_complete
[0.305s] INFO:colcon.colcon_ros.task.ament_python.build:Building ROS package in '/home/masters/ros2/src/turtlebot3_autorace/turtlebot3_autorace_camera' with build type 'ament_python'
[0.305s] Level 1:colcon.colcon_core.shell:create_environment_hook('turtlebot3_autorace_camera', 'ament_prefix_path')
[0.306s] INFO:colcon.colcon_core.plugin_system:Skipping extension 'colcon_core.shell.bat': Not used on non-Windows systems
[0.307s] INFO:colcon.colcon_core.shell:Creating environment hook '/home/masters/ros2/src/install/turtlebot3_autorace_camera/share/turtlebot3_autorace_camera/hook/ament_prefix_path.ps1'
[0.307s] INFO:colcon.colcon_core.shell:Creating environment descriptor '/home/masters/ros2/src/install/turtlebot3_autorace_camera/share/turtlebot3_autorace_camera/hook/ament_prefix_path.dsv'
[0.307s] INFO:colcon.colcon_core.shell:Creating environment hook '/home/masters/ros2/src/install/turtlebot3_autorace_camera/share/turtlebot3_autorace_camera/hook/ament_prefix_path.sh'
[0.308s] INFO:colcon.colcon_core.shell:Skip shell extension 'powershell' for command environment: Not usable outside of PowerShell
[0.308s] DEBUG:colcon.colcon_core.shell:Skip shell extension 'dsv' for command environment
[0.311s] INFO:colcon.colcon_ros.task.ament_python.build:Building ROS package in '/home/masters/ros2/src/turtlebot3_autorace/turtlebot3_autorace_detect' with build type 'ament_python'
[0.312s] Level 1:colcon.colcon_core.shell:create_environment_hook('turtlebot3_autorace_detect', 'ament_prefix_path')
[0.312s] INFO:colcon.colcon_core.shell:Creating environment hook '/home/masters/ros2/src/install/turtlebot3_autorace_detect/share/turtlebot3_autorace_detect/hook/ament_prefix_path.ps1'
[0.312s] INFO:colcon.colcon_core.shell:Creating environment descriptor '/home/masters/ros2/src/install/turtlebot3_autorace_detect/share/turtlebot3_autorace_detect/hook/ament_prefix_path.dsv'
[0.312s] INFO:colcon.colcon_core.shell:Creating environment hook '/home/masters/ros2/src/install/turtlebot3_autorace_detect/share/turtlebot3_autorace_detect/hook/ament_prefix_path.sh'
[0.313s] INFO:colcon.colcon_core.shell:Skip shell extension 'powershell' for command environment: Not usable outside of PowerShell
[0.313s] DEBUG:colcon.colcon_core.shell:Skip shell extension 'dsv' for command environment
[0.316s] INFO:colcon.colcon_ros.task.ament_python.build:Building ROS package in '/home/masters/ros2/src/turtlebot3_autorace/turtlebot3_autorace_mission' with build type 'ament_python'
[0.316s] Level 1:colcon.colcon_core.shell:create_environment_hook('turtlebot3_autorace_mission', 'ament_prefix_path')
[0.316s] INFO:colcon.colcon_core.shell:Creating environment hook '/home/masters/ros2/src/install/turtlebot3_autorace_mission/share/turtlebot3_autorace_mission/hook/ament_prefix_path.ps1'
[0.347s] INFO:colcon.colcon_core.shell:Creating environment descriptor '/home/masters/ros2/src/install/turtlebot3_autorace_mission/share/turtlebot3_autorace_mission/hook/ament_prefix_path.dsv'
[0.348s] INFO:colcon.colcon_core.shell:Creating environment hook '/home/masters/ros2/src/install/turtlebot3_autorace_mission/share/turtlebot3_autorace_mission/hook/ament_prefix_path.sh'
[0.348s] INFO:colcon.colcon_core.shell:Skip shell extension 'powershell' for command environment: Not usable outside of PowerShell
[0.348s] DEBUG:colcon.colcon_core.shell:Skip shell extension 'dsv' for command environment
[0.352s] INFO:colcon.colcon_ros.task.ament_python.build:Building ROS package in '/home/masters/ros2/src/sensor_fusion' with build type 'ament_python'
[0.352s] Level 1:colcon.colcon_core.shell:create_environment_hook('sensor_fusion', 'ament_prefix_path')
[0.352s] INFO:colcon.colcon_core.shell:Creating environment hook '/home/masters/ros2/src/install/sensor_fusion/share/sensor_fusion/hook/ament_prefix_path.ps1'
[0.352s] INFO:colcon.colcon_core.shell:Creating environment descriptor '/home/masters/ros2/src/install/sensor_fusion/share/sensor_fusion/hook/ament_prefix_path.dsv'
[0.353s] INFO:colcon.colcon_core.shell:Creating environment hook '/home/masters/ros2/src/install/sensor_fusion/share/sensor_fusion/hook/ament_prefix_path.sh'
[0.353s] INFO:colcon.colcon_core.shell:Skip shell extension 'powershell' for command environment: Not usable outside of PowerShell
[0.353s] DEBUG:colcon.colcon_core.shell:Skip shell extension 'dsv' for command environment
[0.561s] INFO:colcon.colcon_core.task.python.build:Building Python package in '/home/masters/ros2/src/turtlebot3_autorace/turtlebot3_autorace_camera'
[0.561s] INFO:colcon.colcon_core.shell:Skip shell extension 'powershell' for command environment: Not usable outside of PowerShell
[0.561s] DEBUG:colcon.colcon_core.shell:Skip shell extension 'dsv' for command environment
[0.772s] INFO:colcon.colcon_core.task.python.build:Building Python package in '/home/masters/ros2/src/turtlebot3_autorace/turtlebot3_autorace_detect'
[0.772s] INFO:colcon.colcon_core.shell:Skip shell extension 'powershell' for command environment: Not usable outside of PowerShell
[0.772s] DEBUG:colcon.colcon_core.shell:Skip shell extension 'dsv' for command environment
[0.978s] INFO:colcon.colcon_core.task.python.build:Building Python package in '/home/masters/ros2/src/turtlebot3_autorace/turtlebot3_autorace_mission'
[0.978s] INFO:colcon.colcon_core.shell:Skip shell extension 'powershell' for command environment: Not usable outside of PowerShell
[0.978s] DEBUG:colcon.colcon_core.shell:Skip shell extension 'dsv' for command environment
[1.193s] INFO:colcon.colcon_core.task.python.build:Building Python package in '/home/masters/ros2/src/sensor_fusion'
[1.193s] INFO:colcon.colcon_core.shell:Skip shell extension 'powershell' for command environment: Not usable outside of PowerShell
[1.193s] DEBUG:colcon.colcon_core.shell:Skip shell extension 'dsv' for command environment
[1.492s] DEBUG:colcon.colcon_core.event_handler.log_command:Invoking command in '/home/masters/ros2/src/sensor_fusion': PYTHONPATH=/home/masters/ros2/src/build/sensor_fusion/prefix_override:/usr/lib/python3/dist-packages/colcon_core/task/python/colcon_distutils_commands:/home/masters/ros2/src/install/sensor_fusion/lib/python3.10/site-packages:${PYTHONPATH} /usr/bin/python3 -W ignore:setup.py install is deprecated -W ignore:easy_install command is deprecated setup.py egg_info --egg-base ../build/sensor_fusion build --build-base /home/masters/ros2/src/build/sensor_fusion/build install --record /home/masters/ros2/src/build/sensor_fusion/install.log --single-version-externally-managed install_data
[1.499s] DEBUG:colcon.colcon_core.event_handler.log_command:Invoking command in '/home/masters/ros2/src/turtlebot3_autorace/turtlebot3_autorace_mission': PYTHONPATH=/home/masters/ros2/src/build/turtlebot3_autorace_mission/prefix_override:/usr/lib/python3/dist-packages/colcon_core/task/python/colcon_distutils_commands:/home/masters/ros2/src/install/turtlebot3_autorace_mission/lib/python3.10/site-packages:${PYTHONPATH} /usr/bin/python3 -W ignore:setup.py install is deprecated -W ignore:easy_install command is deprecated setup.py egg_info --egg-base ../../build/turtlebot3_autorace_mission build --build-base /home/masters/ros2/src/build/turtlebot3_autorace_mission/build install --record /home/masters/ros2/src/build/turtlebot3_autorace_mission/install.log --single-version-externally-managed install_data
[1.500s] DEBUG:colcon.colcon_core.event_handler.log_command:Invoking command in '/home/masters/ros2/src/turtlebot3_autorace/turtlebot3_autorace_camera': PYTHONPATH=/home/masters/ros2/src/build/turtlebot3_autorace_camera/prefix_override:/usr/lib/python3/dist-packages/colcon_core/task/python/colcon_distutils_commands:/home/masters/ros2/src/install/turtlebot3_autorace_camera/lib/python3.10/site-packages:${PYTHONPATH} /usr/bin/python3 -W ignore:setup.py install is deprecated -W ignore:easy_install command is deprecated setup.py egg_info --egg-base ../../build/turtlebot3_autorace_camera build --build-base /home/masters/ros2/src/build/turtlebot3_autorace_camera/build install --record /home/masters/ros2/src/build/turtlebot3_autorace_camera/install.log --single-version-externally-managed install_data
[1.502s] DEBUG:colcon.colcon_core.event_handler.log_command:Invoking command in '/home/masters/ros2/src/turtlebot3_autorace/turtlebot3_autorace_detect': PYTHONPATH=/home/masters/ros2/src/build/turtlebot3_autorace_detect/prefix_override:/usr/lib/python3/dist-packages/colcon_core/task/python/colcon_distutils_commands:/home/masters/ros2/src/install/turtlebot3_autorace_detect/lib/python3.10/site-packages:${PYTHONPATH} /usr/bin/python3 -W ignore:setup.py install is deprecated -W ignore:easy_install command is deprecated setup.py egg_info --egg-base ../../build/turtlebot3_autorace_detect build --build-base /home/masters/ros2/src/build/turtlebot3_autorace_detect/build install --record /home/masters/ros2/src/build/turtlebot3_autorace_detect/install.log --single-version-externally-managed install_data
[1.751s] DEBUG:colcon.colcon_core.event_handler.log_command:Invoked command in '/home/masters/ros2/src/sensor_fusion' returned '0': PYTHONPATH=/home/masters/ros2/src/build/sensor_fusion/prefix_override:/usr/lib/python3/dist-packages/colcon_core/task/python/colcon_distutils_commands:/home/masters/ros2/src/install/sensor_fusion/lib/python3.10/site-packages:${PYTHONPATH} /usr/bin/python3 -W ignore:setup.py install is deprecated -W ignore:easy_install command is deprecated setup.py egg_info --egg-base ../build/sensor_fusion build --build-base /home/masters/ros2/src/build/sensor_fusion/build install --record /home/masters/ros2/src/build/sensor_fusion/install.log --single-version-externally-managed install_data
[1.753s] Level 1:colcon.colcon_core.environment:checking '/home/masters/ros2/src/install/sensor_fusion' for CMake module files
[1.754s] Level 1:colcon.colcon_core.environment:checking '/home/masters/ros2/src/install/sensor_fusion' for CMake config files
[1.754s] Level 1:colcon.colcon_core.environment:checking '/home/masters/ros2/src/install/sensor_fusion/lib'
[1.754s] Level 1:colcon.colcon_core.environment:checking '/home/masters/ros2/src/install/sensor_fusion/bin'
[1.754s] Level 1:colcon.colcon_core.environment:checking '/home/masters/ros2/src/install/sensor_fusion/lib/pkgconfig/sensor_fusion.pc'
[1.755s] Level 1:colcon.colcon_core.environment:checking '/home/masters/ros2/src/install/sensor_fusion/lib/python3.10/site-packages'
[1.755s] Level 1:colcon.colcon_core.shell:create_environment_hook('sensor_fusion', 'pythonpath')
[1.755s] INFO:colcon.colcon_core.shell:Creating environment hook '/home/masters/ros2/src/install/sensor_fusion/share/sensor_fusion/hook/pythonpath.ps1'
[1.755s] INFO:colcon.colcon_core.shell:Creating environment descriptor '/home/masters/ros2/src/install/sensor_fusion/share/sensor_fusion/hook/pythonpath.dsv'
[1.756s] INFO:colcon.colcon_core.shell:Creating environment hook '/home/masters/ros2/src/install/sensor_fusion/share/sensor_fusion/hook/pythonpath.sh'
[1.756s] Level 1:colcon.colcon_core.environment:checking '/home/masters/ros2/src/install/sensor_fusion/bin'
[1.756s] Level 1:colcon.colcon_core.environment:create_environment_scripts_only(sensor_fusion)
[1.757s] INFO:colcon.colcon_core.shell:Creating package script '/home/masters/ros2/src/install/sensor_fusion/share/sensor_fusion/package.ps1'
[1.757s] INFO:colcon.colcon_core.shell:Creating package descriptor '/home/masters/ros2/src/install/sensor_fusion/share/sensor_fusion/package.dsv'
[1.758s] INFO:colcon.colcon_core.shell:Creating package script '/home/masters/ros2/src/install/sensor_fusion/share/sensor_fusion/package.sh'
[1.758s] INFO:colcon.colcon_core.shell:Creating package script '/home/masters/ros2/src/install/sensor_fusion/share/sensor_fusion/package.bash'
[1.759s] INFO:colcon.colcon_core.shell:Creating package script '/home/masters/ros2/src/install/sensor_fusion/share/sensor_fusion/package.zsh'
[1.760s] Level 1:colcon.colcon_core.environment:create_file_with_runtime_dependencies(/home/masters/ros2/src/install/sensor_fusion/share/colcon-core/packages/sensor_fusion)
[1.761s] Level 1:colcon.colcon_core.environment:checking '/home/masters/ros2/src/install/turtlebot3_autorace_camera' for CMake module files
[1.762s] DEBUG:colcon.colcon_core.event_handler.log_command:Invoked command in '/home/masters/ros2/src/turtlebot3_autorace/turtlebot3_autorace_camera' returned '0': PYTHONPATH=/home/masters/ros2/src/build/turtlebot3_autorace_camera/prefix_override:/usr/lib/python3/dist-packages/colcon_core/task/python/colcon_distutils_commands:/home/masters/ros2/src/install/turtlebot3_autorace_camera/lib/python3.10/site-packages:${PYTHONPATH} /usr/bin/python3 -W ignore:setup.py install is deprecated -W ignore:easy_install command is deprecated setup.py egg_info --egg-base ../../build/turtlebot3_autorace_camera build --build-base /home/masters/ros2/src/build/turtlebot3_autorace_camera/build install --record /home/masters/ros2/src/build/turtlebot3_autorace_camera/install.log --single-version-externally-managed install_data
[1.762s] Level 1:colcon.colcon_core.environment:checking '/home/masters/ros2/src/install/turtlebot3_autorace_camera' for CMake config files
[1.762s] Level 1:colcon.colcon_core.environment:checking '/home/masters/ros2/src/install/turtlebot3_autorace_camera/lib'
[1.762s] Level 1:colcon.colcon_core.environment:checking '/home/masters/ros2/src/install/turtlebot3_autorace_camera/bin'
[1.762s] Level 1:colcon.colcon_core.environment:checking '/home/masters/ros2/src/install/turtlebot3_autorace_camera/lib/pkgconfig/turtlebot3_autorace_camera.pc'
[1.763s] Level 1:colcon.colcon_core.environment:checking '/home/masters/ros2/src/install/turtlebot3_autorace_camera/lib/python3.10/site-packages'
[1.763s] Level 1:colcon.colcon_core.shell:create_environment_hook('turtlebot3_autorace_camera', 'pythonpath')
[1.763s] INFO:colcon.colcon_core.shell:Creating environment hook '/home/masters/ros2/src/install/turtlebot3_autorace_camera/share/turtlebot3_autorace_camera/hook/pythonpath.ps1'
[1.763s] INFO:colcon.colcon_core.shell:Creating environment descriptor '/home/masters/ros2/src/install/turtlebot3_autorace_camera/share/turtlebot3_autorace_camera/hook/pythonpath.dsv'
[1.764s] INFO:colcon.colcon_core.shell:Creating environment hook '/home/masters/ros2/src/install/turtlebot3_autorace_camera/share/turtlebot3_autorace_camera/hook/pythonpath.sh'
[1.764s] Level 1:colcon.colcon_core.environment:checking '/home/masters/ros2/src/install/turtlebot3_autorace_camera/bin'
[1.764s] Level 1:colcon.colcon_core.environment:create_environment_scripts_only(turtlebot3_autorace_camera)
[1.764s] INFO:colcon.colcon_core.shell:Creating package script '/home/masters/ros2/src/install/turtlebot3_autorace_camera/share/turtlebot3_autorace_camera/package.ps1'
[1.765s] INFO:colcon.colcon_core.shell:Creating package descriptor '/home/masters/ros2/src/install/turtlebot3_autorace_camera/share/turtlebot3_autorace_camera/package.dsv'
[1.765s] INFO:colcon.colcon_core.shell:Creating package script '/home/masters/ros2/src/install/turtlebot3_autorace_camera/share/turtlebot3_autorace_camera/package.sh'
[1.766s] INFO:colcon.colcon_core.shell:Creating package script '/home/masters/ros2/src/install/turtlebot3_autorace_camera/share/turtlebot3_autorace_camera/package.bash'
[1.766s] INFO:colcon.colcon_core.shell:Creating package script '/home/masters/ros2/src/install/turtlebot3_autorace_camera/share/turtlebot3_autorace_camera/package.zsh'
[1.766s] Level 1:colcon.colcon_core.environment:create_file_with_runtime_dependencies(/home/masters/ros2/src/install/turtlebot3_autorace_camera/share/colcon-core/packages/turtlebot3_autorace_camera)
[1.767s] Level 1:colcon.colcon_core.environment:checking '/home/masters/ros2/src/install/turtlebot3_autorace_mission' for CMake module files
[1.767s] Level 1:colcon.colcon_core.environment:checking '/home/masters/ros2/src/install/turtlebot3_autorace_mission' for CMake config files
[1.768s] DEBUG:colcon.colcon_core.event_handler.log_command:Invoked command in '/home/masters/ros2/src/turtlebot3_autorace/turtlebot3_autorace_mission' returned '0': PYTHONPATH=/home/masters/ros2/src/build/turtlebot3_autorace_mission/prefix_override:/usr/lib/python3/dist-packages/colcon_core/task/python/colcon_distutils_commands:/home/masters/ros2/src/install/turtlebot3_autorace_mission/lib/python3.10/site-packages:${PYTHONPATH} /usr/bin/python3 -W ignore:setup.py install is deprecated -W ignore:easy_install command is deprecated setup.py egg_info --egg-base ../../build/turtlebot3_autorace_mission build --build-base /home/masters/ros2/src/build/turtlebot3_autorace_mission/build install --record /home/masters/ros2/src/build/turtlebot3_autorace_mission/install.log --single-version-externally-managed install_data
[1.768s] Level 1:colcon.colcon_core.environment:checking '/home/masters/ros2/src/install/turtlebot3_autorace_mission/lib'
[1.768s] Level 1:colcon.colcon_core.environment:checking '/home/masters/ros2/src/install/turtlebot3_autorace_mission/bin'
[1.768s] Level 1:colcon.colcon_core.environment:checking '/home/masters/ros2/src/install/turtlebot3_autorace_mission/lib/pkgconfig/turtlebot3_autorace_mission.pc'
[1.768s] Level 1:colcon.colcon_core.environment:checking '/home/masters/ros2/src/install/turtlebot3_autorace_mission/lib/python3.10/site-packages'
[1.768s] Level 1:colcon.colcon_core.shell:create_environment_hook('turtlebot3_autorace_mission', 'pythonpath')
[1.769s] INFO:colcon.colcon_core.shell:Creating environment hook '/home/masters/ros2/src/install/turtlebot3_autorace_mission/share/turtlebot3_autorace_mission/hook/pythonpath.ps1'
[1.769s] INFO:colcon.colcon_core.shell:Creating environment descriptor '/home/masters/ros2/src/install/turtlebot3_autorace_mission/share/turtlebot3_autorace_mission/hook/pythonpath.dsv'
[1.769s] INFO:colcon.colcon_core.shell:Creating environment hook '/home/masters/ros2/src/install/turtlebot3_autorace_mission/share/turtlebot3_autorace_mission/hook/pythonpath.sh'
[1.770s] Level 1:colcon.colcon_core.environment:checking '/home/masters/ros2/src/install/turtlebot3_autorace_mission/bin'
[1.770s] Level 1:colcon.colcon_core.environment:create_environment_scripts_only(turtlebot3_autorace_mission)
[1.770s] INFO:colcon.colcon_core.shell:Creating package script '/home/masters/ros2/src/install/turtlebot3_autorace_mission/share/turtlebot3_autorace_mission/package.ps1'
[1.771s] INFO:colcon.colcon_core.shell:Creating package descriptor '/home/masters/ros2/src/install/turtlebot3_autorace_mission/share/turtlebot3_autorace_mission/package.dsv'
[1.771s] INFO:colcon.colcon_core.shell:Creating package script '/home/masters/ros2/src/install/turtlebot3_autorace_mission/share/turtlebot3_autorace_mission/package.sh'
[1.771s] INFO:colcon.colcon_core.shell:Creating package script '/home/masters/ros2/src/install/turtlebot3_autorace_mission/share/turtlebot3_autorace_mission/package.bash'
[1.772s] INFO:colcon.colcon_core.shell:Creating package script '/home/masters/ros2/src/install/turtlebot3_autorace_mission/share/turtlebot3_autorace_mission/package.zsh'
[1.772s] Level 1:colcon.colcon_core.environment:create_file_with_runtime_dependencies(/home/masters/ros2/src/install/turtlebot3_autorace_mission/share/colcon-core/packages/turtlebot3_autorace_mission)
[1.773s] Level 1:colcon.colcon_core.environment:checking '/home/masters/ros2/src/install/turtlebot3_autorace_detect' for CMake module files
[1.773s] DEBUG:colcon.colcon_core.event_handler.log_command:Invoked command in '/home/masters/ros2/src/turtlebot3_autorace/turtlebot3_autorace_detect' returned '0': PYTHONPATH=/home/masters/ros2/src/build/turtlebot3_autorace_detect/prefix_override:/usr/lib/python3/dist-packages/colcon_core/task/python/colcon_distutils_commands:/home/masters/ros2/src/install/turtlebot3_autorace_detect/lib/python3.10/site-packages:${PYTHONPATH} /usr/bin/python3 -W ignore:setup.py install is deprecated -W ignore:easy_install command is deprecated setup.py egg_info --egg-base ../../build/turtlebot3_autorace_detect build --build-base /home/masters/ros2/src/build/turtlebot3_autorace_detect/build install --record /home/masters/ros2/src/build/turtlebot3_autorace_detect/install.log --single-version-externally-managed install_data
[1.773s] Level 1:colcon.colcon_core.environment:checking '/home/masters/ros2/src/install/turtlebot3_autorace_detect' for CMake config files
[1.774s] Level 1:colcon.colcon_core.environment:checking '/home/masters/ros2/src/install/turtlebot3_autorace_detect/lib'
[1.774s] Level 1:colcon.colcon_core.environment:checking '/home/masters/ros2/src/install/turtlebot3_autorace_detect/bin'
[1.774s] Level 1:colcon.colcon_core.environment:checking '/home/masters/ros2/src/install/turtlebot3_autorace_detect/lib/pkgconfig/turtlebot3_autorace_detect.pc'
[1.774s] Level 1:colcon.colcon_core.environment:checking '/home/masters/ros2/src/install/turtlebot3_autorace_detect/lib/python3.10/site-packages'
[1.774s] Level 1:colcon.colcon_core.shell:create_environment_hook('turtlebot3_autorace_detect', 'pythonpath')
[1.775s] INFO:colcon.colcon_core.shell:Creating environment hook '/home/masters/ros2/src/install/turtlebot3_autorace_detect/share/turtlebot3_autorace_detect/hook/pythonpath.ps1'
[1.775s] INFO:colcon.colcon_core.shell:Creating environment descriptor '/home/masters/ros2/src/install/turtlebot3_autorace_detect/share/turtlebot3_autorace_detect/hook/pythonpath.dsv'
[1.775s] INFO:colcon.colcon_core.shell:Creating environment hook '/home/masters/ros2/src/install/turtlebot3_autorace_detect/share/turtlebot3_autorace_detect/hook/pythonpath.sh'
[1.776s] Level 1:colcon.colcon_core.environment:checking '/home/masters/ros2/src/install/turtlebot3_autorace_detect/bin'
[1.776s] Level 1:colcon.colcon_core.environment:create_environment_scripts_only(turtlebot3_autorace_detect)
[1.776s] INFO:colcon.colcon_core.shell:Creating package script '/home/masters/ros2/src/install/turtlebot3_autorace_detect/share/turtlebot3_autorace_detect/package.ps1'
[1.776s] INFO:colcon.colcon_core.shell:Creating package descriptor '/home/masters/ros2/src/install/turtlebot3_autorace_detect/share/turtlebot3_autorace_detect/package.dsv'
[1.777s] INFO:colcon.colcon_core.shell:Creating package script '/home/masters/ros2/src/install/turtlebot3_autorace_detect/share/turtlebot3_autorace_detect/package.sh'
[1.777s] INFO:colcon.colcon_core.shell:Creating package script '/home/masters/ros2/src/install/turtlebot3_autorace_detect/share/turtlebot3_autorace_detect/package.bash'
[1.777s] INFO:colcon.colcon_core.shell:Creating package script '/home/masters/ros2/src/install/turtlebot3_autorace_detect/share/turtlebot3_autorace_detect/package.zsh'
[1.778s] Level 1:colcon.colcon_core.environment:create_file_with_runtime_dependencies(/home/masters/ros2/src/install/turtlebot3_autorace_detect/share/colcon-core/packages/turtlebot3_autorace_detect)
[1.778s] INFO:colcon.colcon_ros.task.ament_cmake.build:Building ROS package in '/home/masters/ros2/src/turtlebot3_autorace/turtlebot3_autorace' with build type 'ament_cmake'
[1.778s] INFO:colcon.colcon_cmake.task.cmake.build:Building CMake package in '/home/masters/ros2/src/turtlebot3_autorace/turtlebot3_autorace'
[1.778s] INFO:colcon.colcon_core.shell:Skip shell extension 'powershell' for command environment: Not usable outside of PowerShell
[1.778s] DEBUG:colcon.colcon_core.shell:Skip shell extension 'dsv' for command environment
[1.788s] DEBUG:colcon.colcon_core.event_handler.log_command:Invoking command in '/home/masters/ros2/src/build/turtlebot3_autorace': AMENT_PREFIX_PATH=/home/masters/ros2/src/install/turtlebot3_autorace_mission:/home/masters/ros2/src/install/turtlebot3_autorace_detect:/home/masters/ros2/src/install/turtlebot3_autorace_camera:${AMENT_PREFIX_PATH} CMAKE_PREFIX_PATH=${CMAKE_PREFIX_PATH}:/home/masters/ros2/install/turtlebot3_autorace_mission:/home/masters/ros2/install/turtlebot3_autorace_detect:/home/masters/ros2/install/turtlebot3_autorace_camera:/home/masters/ros2/install/sensor_fusion:/home/masters/turtlebot3_ws/install/turtlebot3_teleop:/home/masters/turtlebot3_ws/install/turtlebot3_example:/opt/ros/humble PYTHONPATH=/home/masters/ros2/src/install/turtlebot3_autorace_mission/lib/python3.10/site-packages:/home/masters/ros2/src/install/turtlebot3_autorace_detect/lib/python3.10/site-packages:/home/masters/ros2/src/install/turtlebot3_autorace_camera/lib/python3.10/site-packages:${PYTHONPATH} /usr/bin/cmake --build /home/masters/ros2/src/build/turtlebot3_autorace -- -j16 -l16
[1.818s] DEBUG:colcon.colcon_core.event_handler.log_command:Invoked command in '/home/masters/ros2/src/build/turtlebot3_autorace' returned '0': AMENT_PREFIX_PATH=/home/masters/ros2/src/install/turtlebot3_autorace_mission:/home/masters/ros2/src/install/turtlebot3_autorace_detect:/home/masters/ros2/src/install/turtlebot3_autorace_camera:${AMENT_PREFIX_PATH} CMAKE_PREFIX_PATH=${CMAKE_PREFIX_PATH}:/home/masters/ros2/install/turtlebot3_autorace_mission:/home/masters/ros2/install/turtlebot3_autorace_detect:/home/masters/ros2/install/turtlebot3_autorace_camera:/home/masters/ros2/install/sensor_fusion:/home/masters/turtlebot3_ws/install/turtlebot3_teleop:/home/masters/turtlebot3_ws/install/turtlebot3_example:/opt/ros/humble PYTHONPATH=/home/masters/ros2/src/install/turtlebot3_autorace_mission/lib/python3.10/site-packages:/home/masters/ros2/src/install/turtlebot3_autorace_detect/lib/python3.10/site-packages:/home/masters/ros2/src/install/turtlebot3_autorace_camera/lib/python3.10/site-packages:${PYTHONPATH} /usr/bin/cmake --build /home/masters/ros2/src/build/turtlebot3_autorace -- -j16 -l16
[1.827s] DEBUG:colcon.colcon_core.event_handler.log_command:Invoking command in '/home/masters/ros2/src/build/turtlebot3_autorace': AMENT_PREFIX_PATH=/home/masters/ros2/src/install/turtlebot3_autorace_mission:/home/masters/ros2/src/install/turtlebot3_autorace_detect:/home/masters/ros2/src/install/turtlebot3_autorace_camera:${AMENT_PREFIX_PATH} CMAKE_PREFIX_PATH=${CMAKE_PREFIX_PATH}:/home/masters/ros2/install/turtlebot3_autorace_mission:/home/masters/ros2/install/turtlebot3_autorace_detect:/home/masters/ros2/install/turtlebot3_autorace_camera:/home/masters/ros2/install/sensor_fusion:/home/masters/turtlebot3_ws/install/turtlebot3_teleop:/home/masters/turtlebot3_ws/install/turtlebot3_example:/opt/ros/humble PYTHONPATH=/home/masters/ros2/src/install/turtlebot3_autorace_mission/lib/python3.10/site-packages:/home/masters/ros2/src/install/turtlebot3_autorace_detect/lib/python3.10/site-packages:/home/masters/ros2/src/install/turtlebot3_autorace_camera/lib/python3.10/site-packages:${PYTHONPATH} /usr/bin/cmake --install /home/masters/ros2/src/build/turtlebot3_autorace
[1.834s] Level 1:colcon.colcon_core.environment:create_environment_scripts_only(turtlebot3_autorace)
[1.834s] Level 1:colcon.colcon_core.environment:checking '/home/masters/ros2/src/install/turtlebot3_autorace' for CMake module files
[1.835s] DEBUG:colcon.colcon_core.event_handler.log_command:Invoked command in '/home/masters/ros2/src/build/turtlebot3_autorace' returned '0': AMENT_PREFIX_PATH=/home/masters/ros2/src/install/turtlebot3_autorace_mission:/home/masters/ros2/src/install/turtlebot3_autorace_detect:/home/masters/ros2/src/install/turtlebot3_autorace_camera:${AMENT_PREFIX_PATH} CMAKE_PREFIX_PATH=${CMAKE_PREFIX_PATH}:/home/masters/ros2/install/turtlebot3_autorace_mission:/home/masters/ros2/install/turtlebot3_autorace_detect:/home/masters/ros2/install/turtlebot3_autorace_camera:/home/masters/ros2/install/sensor_fusion:/home/masters/turtlebot3_ws/install/turtlebot3_teleop:/home/masters/turtlebot3_ws/install/turtlebot3_example:/opt/ros/humble PYTHONPATH=/home/masters/ros2/src/install/turtlebot3_autorace_mission/lib/python3.10/site-packages:/home/masters/ros2/src/install/turtlebot3_autorace_detect/lib/python3.10/site-packages:/home/masters/ros2/src/install/turtlebot3_autorace_camera/lib/python3.10/site-packages:${PYTHONPATH} /usr/bin/cmake --install /home/masters/ros2/src/build/turtlebot3_autorace
[1.835s] Level 1:colcon.colcon_core.environment:checking '/home/masters/ros2/src/install/turtlebot3_autorace' for CMake config files
[1.835s] Level 1:colcon.colcon_core.shell:create_environment_hook('turtlebot3_autorace', 'cmake_prefix_path')
[1.835s] INFO:colcon.colcon_core.shell:Creating environment hook '/home/masters/ros2/src/install/turtlebot3_autorace/share/turtlebot3_autorace/hook/cmake_prefix_path.ps1'
[1.836s] INFO:colcon.colcon_core.shell:Creating environment descriptor '/home/masters/ros2/src/install/turtlebot3_autorace/share/turtlebot3_autorace/hook/cmake_prefix_path.dsv'
[1.836s] INFO:colcon.colcon_core.shell:Creating environment hook '/home/masters/ros2/src/install/turtlebot3_autorace/share/turtlebot3_autorace/hook/cmake_prefix_path.sh'
[1.836s] Level 1:colcon.colcon_core.environment:checking '/home/masters/ros2/src/install/turtlebot3_autorace/bin'
[1.836s] Level 1:colcon.colcon_core.environment:checking '/home/masters/ros2/src/install/turtlebot3_autorace/lib/pkgconfig/turtlebot3_autorace.pc'
[1.836s] Level 1:colcon.colcon_core.environment:checking '/home/masters/ros2/src/install/turtlebot3_autorace/lib/python3.10/site-packages'
[1.837s] Level 1:colcon.colcon_core.environment:checking '/home/masters/ros2/src/install/turtlebot3_autorace/bin'
[1.837s] INFO:colcon.colcon_core.shell:Creating package script '/home/masters/ros2/src/install/turtlebot3_autorace/share/turtlebot3_autorace/package.ps1'
[1.837s] INFO:colcon.colcon_core.shell:Creating package descriptor '/home/masters/ros2/src/install/turtlebot3_autorace/share/turtlebot3_autorace/package.dsv'
[1.837s] INFO:colcon.colcon_core.shell:Creating package script '/home/masters/ros2/src/install/turtlebot3_autorace/share/turtlebot3_autorace/package.sh'
[1.838s] INFO:colcon.colcon_core.shell:Creating package script '/home/masters/ros2/src/install/turtlebot3_autorace/share/turtlebot3_autorace/package.bash'
[1.838s] INFO:colcon.colcon_core.shell:Creating package script '/home/masters/ros2/src/install/turtlebot3_autorace/share/turtlebot3_autorace/package.zsh'
[1.838s] Level 1:colcon.colcon_core.environment:create_file_with_runtime_dependencies(/home/masters/ros2/src/install/turtlebot3_autorace/share/colcon-core/packages/turtlebot3_autorace)
[1.839s] Level 1:colcon.colcon_core.environment:create_environment_scripts_only(turtlebot3_autorace)
[1.839s] Level 1:colcon.colcon_core.environment:checking '/home/masters/ros2/src/install/turtlebot3_autorace' for CMake module files
[1.839s] Level 1:colcon.colcon_core.environment:checking '/home/masters/ros2/src/install/turtlebot3_autorace' for CMake config files
[1.839s] Level 1:colcon.colcon_core.shell:create_environment_hook('turtlebot3_autorace', 'cmake_prefix_path')
[1.839s] INFO:colcon.colcon_core.shell:Creating environment hook '/home/masters/ros2/src/install/turtlebot3_autorace/share/turtlebot3_autorace/hook/cmake_prefix_path.ps1'
[1.840s] INFO:colcon.colcon_core.shell:Creating environment descriptor '/home/masters/ros2/src/install/turtlebot3_autorace/share/turtlebot3_autorace/hook/cmake_prefix_path.dsv'
[1.840s] INFO:colcon.colcon_core.shell:Creating environment hook '/home/masters/ros2/src/install/turtlebot3_autorace/share/turtlebot3_autorace/hook/cmake_prefix_path.sh'
[1.840s] Level 1:colcon.colcon_core.environment:checking '/home/masters/ros2/src/install/turtlebot3_autorace/bin'
[1.840s] Level 1:colcon.colcon_core.environment:checking '/home/masters/ros2/src/install/turtlebot3_autorace/lib/pkgconfig/turtlebot3_autorace.pc'
[1.841s] Level 1:colcon.colcon_core.environment:checking '/home/masters/ros2/src/install/turtlebot3_autorace/lib/python3.10/site-packages'
[1.841s] Level 1:colcon.colcon_core.environment:checking '/home/masters/ros2/src/install/turtlebot3_autorace/bin'
[1.841s] INFO:colcon.colcon_core.shell:Creating package script '/home/masters/ros2/src/install/turtlebot3_autorace/share/turtlebot3_autorace/package.ps1'
[1.841s] INFO:colcon.colcon_core.shell:Creating package descriptor '/home/masters/ros2/src/install/turtlebot3_autorace/share/turtlebot3_autorace/package.dsv'
[1.842s] INFO:colcon.colcon_core.shell:Creating package script '/home/masters/ros2/src/install/turtlebot3_autorace/share/turtlebot3_autorace/package.sh'
[1.842s] INFO:colcon.colcon_core.shell:Creating package script '/home/masters/ros2/src/install/turtlebot3_autorace/share/turtlebot3_autorace/package.bash'
[1.842s] INFO:colcon.colcon_core.shell:Creating package script '/home/masters/ros2/src/install/turtlebot3_autorace/share/turtlebot3_autorace/package.zsh'
[1.843s] Level 1:colcon.colcon_core.environment:create_file_with_runtime_dependencies(/home/masters/ros2/src/install/turtlebot3_autorace/share/colcon-core/packages/turtlebot3_autorace)
[1.843s] DEBUG:colcon.colcon_parallel_executor.executor.parallel:closing loop
[1.843s] DEBUG:colcon.colcon_parallel_executor.executor.parallel:loop closed
[1.843s] DEBUG:colcon.colcon_parallel_executor.executor.parallel:run_until_complete finished with '0'
[1.843s] DEBUG:colcon.colcon_core.event_reactor:joining thread
[1.847s] INFO:colcon.colcon_core.plugin_system:Skipping extension 'colcon_notification.desktop_notification.terminal_notifier': Not used on non-Darwin systems
[1.847s] INFO:colcon.colcon_core.plugin_system:Skipping extension 'colcon_notification.desktop_notification.win32': Not used on non-Windows systems
[1.847s] INFO:colcon.colcon_notification.desktop_notification:Sending desktop notification using 'notify2'
[1.855s] DEBUG:colcon.colcon_core.event_reactor:joined thread
[1.855s] INFO:colcon.colcon_core.shell:Creating prefix script '/home/masters/ros2/src/install/local_setup.ps1'
[1.856s] INFO:colcon.colcon_core.shell:Creating prefix util module '/home/masters/ros2/src/install/_local_setup_util_ps1.py'
[1.857s] INFO:colcon.colcon_core.shell:Creating prefix chain script '/home/masters/ros2/src/install/setup.ps1'
[1.858s] INFO:colcon.colcon_core.shell:Creating prefix script '/home/masters/ros2/src/install/local_setup.sh'
[1.859s] INFO:colcon.colcon_core.shell:Creating prefix util module '/home/masters/ros2/src/install/_local_setup_util_sh.py'
[1.859s] INFO:colcon.colcon_core.shell:Creating prefix chain script '/home/masters/ros2/src/install/setup.sh'
[1.860s] INFO:colcon.colcon_core.shell:Creating prefix script '/home/masters/ros2/src/install/local_setup.bash'
[1.861s] INFO:colcon.colcon_core.shell:Creating prefix chain script '/home/masters/ros2/src/install/setup.bash'
[1.862s] INFO:colcon.colcon_core.shell:Creating prefix script '/home/masters/ros2/src/install/local_setup.zsh'
[1.862s] INFO:colcon.colcon_core.shell:Creating prefix chain script '/home/masters/ros2/src/install/setup.zsh'
