[1.146s] Invoking command in '/home/masters/ros2/src/turtlebot3_autorace/turtlebot3_autorace_mission': PYTHONPATH=/home/masters/ros2/build/turtlebot3_autorace_mission/prefix_override:/usr/lib/python3/dist-packages/colcon_core/task/python/colcon_distutils_commands:/home/masters/ros2/install/turtlebot3_autorace_mission/lib/python3.10/site-packages:${PYTHONPATH} /usr/bin/python3 -W ignore:setup.py install is deprecated -W ignore:easy_install command is deprecated setup.py egg_info --egg-base ../../../build/turtlebot3_autorace_mission build --build-base /home/masters/ros2/build/turtlebot3_autorace_mission/build install --record /home/masters/ros2/build/turtlebot3_autorace_mission/install.log --single-version-externally-managed install_data
[1.356s] running egg_info
[1.357s] creating ../../../build/turtlebot3_autorace_mission/turtlebot3_autorace_mission.egg-info
[1.357s] writing ../../../build/turtlebot3_autorace_mission/turtlebot3_autorace_mission.egg-info/PKG-INFO
[1.357s] writing dependency_links to ../../../build/turtlebot3_autorace_mission/turtlebot3_autorace_mission.egg-info/dependency_links.txt
[1.357s] writing entry points to ../../../build/turtlebot3_autorace_mission/turtlebot3_autorace_mission.egg-info/entry_points.txt
[1.357s] writing requirements to ../../../build/turtlebot3_autorace_mission/turtlebot3_autorace_mission.egg-info/requires.txt
[1.357s] writing top-level names to ../../../build/turtlebot3_autorace_mission/turtlebot3_autorace_mission.egg-info/top_level.txt
[1.357s] writing manifest file '../../../build/turtlebot3_autorace_mission/turtlebot3_autorace_mission.egg-info/SOURCES.txt'
[1.358s] reading manifest file '../../../build/turtlebot3_autorace_mission/turtlebot3_autorace_mission.egg-info/SOURCES.txt'
[1.359s] writing manifest file '../../../build/turtlebot3_autorace_mission/turtlebot3_autorace_mission.egg-info/SOURCES.txt'
[1.359s] running build
[1.359s] running build_py
[1.360s] creating /home/masters/ros2/build/turtlebot3_autorace_mission/build
[1.360s] creating /home/masters/ros2/build/turtlebot3_autorace_mission/build/lib
[1.360s] creating /home/masters/ros2/build/turtlebot3_autorace_mission/build/lib/turtlebot3_autorace_mission
[1.360s] copying turtlebot3_autorace_mission/control_lane.py -> /home/masters/ros2/build/turtlebot3_autorace_mission/build/lib/turtlebot3_autorace_mission
[1.360s] copying turtlebot3_autorace_mission/avoid_construction.py -> /home/masters/ros2/build/turtlebot3_autorace_mission/build/lib/turtlebot3_autorace_mission
[1.360s] copying turtlebot3_autorace_mission/mission_tunnel.py -> /home/masters/ros2/build/turtlebot3_autorace_mission/build/lib/turtlebot3_autorace_mission
[1.360s] copying turtlebot3_autorace_mission/__init__.py -> /home/masters/ros2/build/turtlebot3_autorace_mission/build/lib/turtlebot3_autorace_mission
[1.360s] running install
[1.360s] running install_lib
[1.361s] creating /home/masters/ros2/install/turtlebot3_autorace_mission/lib/python3.10/site-packages/turtlebot3_autorace_mission
[1.361s] copying /home/masters/ros2/build/turtlebot3_autorace_mission/build/lib/turtlebot3_autorace_mission/control_lane.py -> /home/masters/ros2/install/turtlebot3_autorace_mission/lib/python3.10/site-packages/turtlebot3_autorace_mission
[1.361s] copying /home/masters/ros2/build/turtlebot3_autorace_mission/build/lib/turtlebot3_autorace_mission/avoid_construction.py -> /home/masters/ros2/install/turtlebot3_autorace_mission/lib/python3.10/site-packages/turtlebot3_autorace_mission
[1.361s] copying /home/masters/ros2/build/turtlebot3_autorace_mission/build/lib/turtlebot3_autorace_mission/mission_tunnel.py -> /home/masters/ros2/install/turtlebot3_autorace_mission/lib/python3.10/site-packages/turtlebot3_autorace_mission
[1.361s] copying /home/masters/ros2/build/turtlebot3_autorace_mission/build/lib/turtlebot3_autorace_mission/__init__.py -> /home/masters/ros2/install/turtlebot3_autorace_mission/lib/python3.10/site-packages/turtlebot3_autorace_mission
[1.361s] byte-compiling /home/masters/ros2/install/turtlebot3_autorace_mission/lib/python3.10/site-packages/turtlebot3_autorace_mission/control_lane.py to control_lane.cpython-310.pyc
[1.362s] byte-compiling /home/masters/ros2/install/turtlebot3_autorace_mission/lib/python3.10/site-packages/turtlebot3_autorace_mission/avoid_construction.py to avoid_construction.cpython-310.pyc
[1.363s] byte-compiling /home/masters/ros2/install/turtlebot3_autorace_mission/lib/python3.10/site-packages/turtlebot3_autorace_mission/mission_tunnel.py to mission_tunnel.cpython-310.pyc
[1.364s] byte-compiling /home/masters/ros2/install/turtlebot3_autorace_mission/lib/python3.10/site-packages/turtlebot3_autorace_mission/__init__.py to __init__.cpython-310.pyc
[1.364s] running install_data
[1.365s] creating /home/masters/ros2/install/turtlebot3_autorace_mission/share/ament_index
[1.365s] creating /home/masters/ros2/install/turtlebot3_autorace_mission/share/ament_index/resource_index
[1.365s] creating /home/masters/ros2/install/turtlebot3_autorace_mission/share/ament_index/resource_index/packages
[1.365s] copying resource/turtlebot3_autorace_mission -> /home/masters/ros2/install/turtlebot3_autorace_mission/share/ament_index/resource_index/packages
[1.365s] copying package.xml -> /home/masters/ros2/install/turtlebot3_autorace_mission/share/turtlebot3_autorace_mission
[1.365s] creating /home/masters/ros2/install/turtlebot3_autorace_mission/share/turtlebot3_autorace_mission/launch
[1.365s] copying launch/control_lane.launch.py -> /home/masters/ros2/install/turtlebot3_autorace_mission/share/turtlebot3_autorace_mission/launch
[1.366s] copying launch/mission_construction.launch.py -> /home/masters/ros2/install/turtlebot3_autorace_mission/share/turtlebot3_autorace_mission/launch
[1.366s] copying launch/mission_tunnel.launch.py -> /home/masters/ros2/install/turtlebot3_autorace_mission/share/turtlebot3_autorace_mission/launch
[1.366s] creating /home/masters/ros2/install/turtlebot3_autorace_mission/share/turtlebot3_autorace_mission/param
[1.366s] copying param/navigation.yaml -> /home/masters/ros2/install/turtlebot3_autorace_mission/share/turtlebot3_autorace_mission/param
[1.366s] creating /home/masters/ros2/install/turtlebot3_autorace_mission/share/turtlebot3_autorace_mission/map
[1.366s] copying map/map.yaml -> /home/masters/ros2/install/turtlebot3_autorace_mission/share/turtlebot3_autorace_mission/map
[1.367s] copying map/map.pgm -> /home/masters/ros2/install/turtlebot3_autorace_mission/share/turtlebot3_autorace_mission/map
[1.367s] running install_egg_info
[1.367s] Copying ../../../build/turtlebot3_autorace_mission/turtlebot3_autorace_mission.egg-info to /home/masters/ros2/install/turtlebot3_autorace_mission/lib/python3.10/site-packages/turtlebot3_autorace_mission-1.2.2-py3.10.egg-info
[1.368s] running install_scripts
[1.383s] Installing avoid_construction script to /home/masters/ros2/install/turtlebot3_autorace_mission/lib/turtlebot3_autorace_mission
[1.383s] Installing control_lane script to /home/masters/ros2/install/turtlebot3_autorace_mission/lib/turtlebot3_autorace_mission
[1.383s] Installing mission_tunnel script to /home/masters/ros2/install/turtlebot3_autorace_mission/lib/turtlebot3_autorace_mission
[1.383s] writing list of installed files to '/home/masters/ros2/build/turtlebot3_autorace_mission/install.log'
[1.405s] Invoked command in '/home/masters/ros2/src/turtlebot3_autorace/turtlebot3_autorace_mission' returned '0': PYTHONPATH=/home/masters/ros2/build/turtlebot3_autorace_mission/prefix_override:/usr/lib/python3/dist-packages/colcon_core/task/python/colcon_distutils_commands:/home/masters/ros2/install/turtlebot3_autorace_mission/lib/python3.10/site-packages:${PYTHONPATH} /usr/bin/python3 -W ignore:setup.py install is deprecated -W ignore:easy_install command is deprecated setup.py egg_info --egg-base ../../../build/turtlebot3_autorace_mission build --build-base /home/masters/ros2/build/turtlebot3_autorace_mission/build install --record /home/masters/ros2/build/turtlebot3_autorace_mission/install.log --single-version-externally-managed install_data
