[0.130s] DEBUG:colcon:Command line arguments: ['/usr/bin/colcon', 'build']
[0.130s] DEBUG:colcon:Parsed command line arguments: Namespace(log_base=None, log_level=None, verb_name='build', build_base='build', install_base='install', merge_install=False, symlink_install=False, test_result_base=None, continue_on_error=False, executor='parallel', parallel_workers=16, event_handlers=None, ignore_user_meta=False, metas=['./colcon.meta'], base_paths=['.'], packages_ignore=None, packages_ignore_regex=None, paths=None, packages_up_to=None, packages_up_to_regex=None, packages_above=None, packages_above_and_dependencies=None, packages_above_depth=None, packages_select_by_dep=None, packages_skip_by_dep=None, packages_skip_up_to=None, packages_select_build_failed=False, packages_skip_build_finished=False, packages_select_test_failures=False, packages_skip_test_passed=False, packages_select=None, packages_skip=None, packages_select_regex=None, packages_skip_regex=None, packages_start=None, packages_end=None, allow_overriding=[], cmake_args=None, cmake_target=None, cmake_target_skip_unavailable=False, cmake_clean_cache=False, cmake_clean_first=False, cmake_force_configure=False, ament_cmake_args=None, catkin_cmake_args=None, catkin_skip_building_tests=False, mixin_files=None, mixin=None, verb_parser=<colcon_mixin.mixin.mixin_argument.MixinArgumentDecorator object at 0x78f762a302b0>, verb_extension=<colcon_core.verb.build.BuildVerb object at 0x78f7629ffc40>, main=<bound method BuildVerb.main of <colcon_core.verb.build.BuildVerb object at 0x78f7629ffc40>>, mixin_verb=('build',))
[0.269s] Level 1:colcon.colcon_core.package_discovery:discover_packages(colcon_meta) check parameters
[0.269s] Level 1:colcon.colcon_core.package_discovery:discover_packages(recursive) check parameters
[0.269s] Level 1:colcon.colcon_core.package_discovery:discover_packages(ignore) check parameters
[0.269s] Level 1:colcon.colcon_core.package_discovery:discover_packages(path) check parameters
[0.269s] Level 1:colcon.colcon_core.package_discovery:discover_packages(colcon_meta) discover
[0.269s] Level 1:colcon.colcon_core.package_discovery:discover_packages(recursive) discover
[0.269s] INFO:colcon.colcon_core.package_discovery:Crawling recursively for packages in '/home/masters/ros2'
[0.269s] Level 1:colcon.colcon_core.package_identification:_identify(.) by extensions ['ignore', 'ignore_ament_install']
[0.269s] Level 1:colcon.colcon_core.package_identification:_identify(.) by extension 'ignore'
[0.269s] Level 1:colcon.colcon_core.package_identification:_identify(.) by extension 'ignore_ament_install'
[0.269s] Level 1:colcon.colcon_core.package_identification:_identify(.) by extensions ['colcon_pkg']
[0.269s] Level 1:colcon.colcon_core.package_identification:_identify(.) by extension 'colcon_pkg'
[0.269s] Level 1:colcon.colcon_core.package_identification:_identify(.) by extensions ['colcon_meta']
[0.269s] Level 1:colcon.colcon_core.package_identification:_identify(.) by extension 'colcon_meta'
[0.269s] Level 1:colcon.colcon_core.package_identification:_identify(.) by extensions ['ros']
[0.269s] Level 1:colcon.colcon_core.package_identification:_identify(.) by extension 'ros'
[0.278s] Level 1:colcon.colcon_core.package_identification:_identify(.) by extensions ['cmake', 'python']
[0.278s] Level 1:colcon.colcon_core.package_identification:_identify(.) by extension 'cmake'
[0.278s] Level 1:colcon.colcon_core.package_identification:_identify(.) by extension 'python'
[0.278s] Level 1:colcon.colcon_core.package_identification:_identify(.) by extensions ['python_setup_py']
[0.278s] Level 1:colcon.colcon_core.package_identification:_identify(.) by extension 'python_setup_py'
[0.278s] Level 1:colcon.colcon_core.package_identification:_identify(build) by extensions ['ignore', 'ignore_ament_install']
[0.278s] Level 1:colcon.colcon_core.package_identification:_identify(build) by extension 'ignore'
[0.278s] Level 1:colcon.colcon_core.package_identification:_identify(build) ignored
[0.278s] Level 1:colcon.colcon_core.package_identification:_identify(install) by extensions ['ignore', 'ignore_ament_install']
[0.278s] Level 1:colcon.colcon_core.package_identification:_identify(install) by extension 'ignore'
[0.278s] Level 1:colcon.colcon_core.package_identification:_identify(install) ignored
[0.278s] Level 1:colcon.colcon_core.package_identification:_identify(log) by extensions ['ignore', 'ignore_ament_install']
[0.278s] Level 1:colcon.colcon_core.package_identification:_identify(log) by extension 'ignore'
[0.278s] Level 1:colcon.colcon_core.package_identification:_identify(log) ignored
[0.278s] Level 1:colcon.colcon_core.package_identification:_identify(src) by extensions ['ignore', 'ignore_ament_install']
[0.278s] Level 1:colcon.colcon_core.package_identification:_identify(src) by extension 'ignore'
[0.278s] Level 1:colcon.colcon_core.package_identification:_identify(src) by extension 'ignore_ament_install'
[0.278s] Level 1:colcon.colcon_core.package_identification:_identify(src) by extensions ['colcon_pkg']
[0.278s] Level 1:colcon.colcon_core.package_identification:_identify(src) by extension 'colcon_pkg'
[0.279s] Level 1:colcon.colcon_core.package_identification:_identify(src) by extensions ['colcon_meta']
[0.279s] Level 1:colcon.colcon_core.package_identification:_identify(src) by extension 'colcon_meta'
[0.279s] Level 1:colcon.colcon_core.package_identification:_identify(src) by extensions ['ros']
[0.279s] Level 1:colcon.colcon_core.package_identification:_identify(src) by extension 'ros'
[0.279s] Level 1:colcon.colcon_core.package_identification:_identify(src) by extensions ['cmake', 'python']
[0.279s] Level 1:colcon.colcon_core.package_identification:_identify(src) by extension 'cmake'
[0.279s] Level 1:colcon.colcon_core.package_identification:_identify(src) by extension 'python'
[0.279s] Level 1:colcon.colcon_core.package_identification:_identify(src) by extensions ['python_setup_py']
[0.279s] Level 1:colcon.colcon_core.package_identification:_identify(src) by extension 'python_setup_py'
[0.279s] Level 1:colcon.colcon_core.package_identification:_identify(src/sensor_fusion) by extensions ['ignore', 'ignore_ament_install']
[0.279s] Level 1:colcon.colcon_core.package_identification:_identify(src/sensor_fusion) by extension 'ignore'
[0.279s] Level 1:colcon.colcon_core.package_identification:_identify(src/sensor_fusion) by extension 'ignore_ament_install'
[0.279s] Level 1:colcon.colcon_core.package_identification:_identify(src/sensor_fusion) by extensions ['colcon_pkg']
[0.279s] Level 1:colcon.colcon_core.package_identification:_identify(src/sensor_fusion) by extension 'colcon_pkg'
[0.279s] Level 1:colcon.colcon_core.package_identification:_identify(src/sensor_fusion) by extensions ['colcon_meta']
[0.279s] Level 1:colcon.colcon_core.package_identification:_identify(src/sensor_fusion) by extension 'colcon_meta'
[0.279s] Level 1:colcon.colcon_core.package_identification:_identify(src/sensor_fusion) by extensions ['ros']
[0.279s] Level 1:colcon.colcon_core.package_identification:_identify(src/sensor_fusion) by extension 'ros'
[0.281s] DEBUG:colcon.colcon_core.package_identification:Package 'src/sensor_fusion' with type 'ros.ament_python' and name 'sensor_fusion'
[0.281s] Level 1:colcon.colcon_core.package_identification:_identify(src/turtlebot3_autorace) by extensions ['ignore', 'ignore_ament_install']
[0.281s] Level 1:colcon.colcon_core.package_identification:_identify(src/turtlebot3_autorace) by extension 'ignore'
[0.281s] Level 1:colcon.colcon_core.package_identification:_identify(src/turtlebot3_autorace) by extension 'ignore_ament_install'
[0.281s] Level 1:colcon.colcon_core.package_identification:_identify(src/turtlebot3_autorace) by extensions ['colcon_pkg']
[0.281s] Level 1:colcon.colcon_core.package_identification:_identify(src/turtlebot3_autorace) by extension 'colcon_pkg'
[0.281s] Level 1:colcon.colcon_core.package_identification:_identify(src/turtlebot3_autorace) by extensions ['colcon_meta']
[0.281s] Level 1:colcon.colcon_core.package_identification:_identify(src/turtlebot3_autorace) by extension 'colcon_meta'
[0.282s] Level 1:colcon.colcon_core.package_identification:_identify(src/turtlebot3_autorace) by extensions ['ros']
[0.282s] Level 1:colcon.colcon_core.package_identification:_identify(src/turtlebot3_autorace) by extension 'ros'
[0.282s] Level 1:colcon.colcon_core.package_identification:_identify(src/turtlebot3_autorace) by extensions ['cmake', 'python']
[0.282s] Level 1:colcon.colcon_core.package_identification:_identify(src/turtlebot3_autorace) by extension 'cmake'
[0.282s] Level 1:colcon.colcon_core.package_identification:_identify(src/turtlebot3_autorace) by extension 'python'
[0.282s] Level 1:colcon.colcon_core.package_identification:_identify(src/turtlebot3_autorace) by extensions ['python_setup_py']
[0.282s] Level 1:colcon.colcon_core.package_identification:_identify(src/turtlebot3_autorace) by extension 'python_setup_py'
[0.282s] Level 1:colcon.colcon_core.package_identification:_identify(src/turtlebot3_autorace/turtlebot3_autorace) by extensions ['ignore', 'ignore_ament_install']
[0.282s] Level 1:colcon.colcon_core.package_identification:_identify(src/turtlebot3_autorace/turtlebot3_autorace) by extension 'ignore'
[0.282s] Level 1:colcon.colcon_core.package_identification:_identify(src/turtlebot3_autorace/turtlebot3_autorace) by extension 'ignore_ament_install'
[0.282s] Level 1:colcon.colcon_core.package_identification:_identify(src/turtlebot3_autorace/turtlebot3_autorace) by extensions ['colcon_pkg']
[0.282s] Level 1:colcon.colcon_core.package_identification:_identify(src/turtlebot3_autorace/turtlebot3_autorace) by extension 'colcon_pkg'
[0.282s] Level 1:colcon.colcon_core.package_identification:_identify(src/turtlebot3_autorace/turtlebot3_autorace) by extensions ['colcon_meta']
[0.282s] Level 1:colcon.colcon_core.package_identification:_identify(src/turtlebot3_autorace/turtlebot3_autorace) by extension 'colcon_meta'
[0.282s] Level 1:colcon.colcon_core.package_identification:_identify(src/turtlebot3_autorace/turtlebot3_autorace) by extensions ['ros']
[0.282s] Level 1:colcon.colcon_core.package_identification:_identify(src/turtlebot3_autorace/turtlebot3_autorace) by extension 'ros'
[0.283s] DEBUG:colcon.colcon_core.package_identification:Package 'src/turtlebot3_autorace/turtlebot3_autorace' with type 'ros.ament_cmake' and name 'turtlebot3_autorace'
[0.283s] Level 1:colcon.colcon_core.package_identification:_identify(src/turtlebot3_autorace/turtlebot3_autorace_camera) by extensions ['ignore', 'ignore_ament_install']
[0.283s] Level 1:colcon.colcon_core.package_identification:_identify(src/turtlebot3_autorace/turtlebot3_autorace_camera) by extension 'ignore'
[0.283s] Level 1:colcon.colcon_core.package_identification:_identify(src/turtlebot3_autorace/turtlebot3_autorace_camera) by extension 'ignore_ament_install'
[0.283s] Level 1:colcon.colcon_core.package_identification:_identify(src/turtlebot3_autorace/turtlebot3_autorace_camera) by extensions ['colcon_pkg']
[0.283s] Level 1:colcon.colcon_core.package_identification:_identify(src/turtlebot3_autorace/turtlebot3_autorace_camera) by extension 'colcon_pkg'
[0.283s] Level 1:colcon.colcon_core.package_identification:_identify(src/turtlebot3_autorace/turtlebot3_autorace_camera) by extensions ['colcon_meta']
[0.283s] Level 1:colcon.colcon_core.package_identification:_identify(src/turtlebot3_autorace/turtlebot3_autorace_camera) by extension 'colcon_meta'
[0.283s] Level 1:colcon.colcon_core.package_identification:_identify(src/turtlebot3_autorace/turtlebot3_autorace_camera) by extensions ['ros']
[0.283s] Level 1:colcon.colcon_core.package_identification:_identify(src/turtlebot3_autorace/turtlebot3_autorace_camera) by extension 'ros'
[0.284s] DEBUG:colcon.colcon_core.package_identification:Package 'src/turtlebot3_autorace/turtlebot3_autorace_camera' with type 'ros.ament_python' and name 'turtlebot3_autorace_camera'
[0.284s] Level 1:colcon.colcon_core.package_identification:_identify(src/turtlebot3_autorace/turtlebot3_autorace_detect) by extensions ['ignore', 'ignore_ament_install']
[0.284s] Level 1:colcon.colcon_core.package_identification:_identify(src/turtlebot3_autorace/turtlebot3_autorace_detect) by extension 'ignore'
[0.284s] Level 1:colcon.colcon_core.package_identification:_identify(src/turtlebot3_autorace/turtlebot3_autorace_detect) by extension 'ignore_ament_install'
[0.284s] Level 1:colcon.colcon_core.package_identification:_identify(src/turtlebot3_autorace/turtlebot3_autorace_detect) by extensions ['colcon_pkg']
[0.284s] Level 1:colcon.colcon_core.package_identification:_identify(src/turtlebot3_autorace/turtlebot3_autorace_detect) by extension 'colcon_pkg'
[0.284s] Level 1:colcon.colcon_core.package_identification:_identify(src/turtlebot3_autorace/turtlebot3_autorace_detect) by extensions ['colcon_meta']
[0.284s] Level 1:colcon.colcon_core.package_identification:_identify(src/turtlebot3_autorace/turtlebot3_autorace_detect) by extension 'colcon_meta'
[0.284s] Level 1:colcon.colcon_core.package_identification:_identify(src/turtlebot3_autorace/turtlebot3_autorace_detect) by extensions ['ros']
[0.284s] Level 1:colcon.colcon_core.package_identification:_identify(src/turtlebot3_autorace/turtlebot3_autorace_detect) by extension 'ros'
[0.285s] DEBUG:colcon.colcon_core.package_identification:Package 'src/turtlebot3_autorace/turtlebot3_autorace_detect' with type 'ros.ament_python' and name 'turtlebot3_autorace_detect'
[0.285s] Level 1:colcon.colcon_core.package_identification:_identify(src/turtlebot3_autorace/turtlebot3_autorace_mission) by extensions ['ignore', 'ignore_ament_install']
[0.285s] Level 1:colcon.colcon_core.package_identification:_identify(src/turtlebot3_autorace/turtlebot3_autorace_mission) by extension 'ignore'
[0.285s] Level 1:colcon.colcon_core.package_identification:_identify(src/turtlebot3_autorace/turtlebot3_autorace_mission) by extension 'ignore_ament_install'
[0.285s] Level 1:colcon.colcon_core.package_identification:_identify(src/turtlebot3_autorace/turtlebot3_autorace_mission) by extensions ['colcon_pkg']
[0.285s] Level 1:colcon.colcon_core.package_identification:_identify(src/turtlebot3_autorace/turtlebot3_autorace_mission) by extension 'colcon_pkg'
[0.285s] Level 1:colcon.colcon_core.package_identification:_identify(src/turtlebot3_autorace/turtlebot3_autorace_mission) by extensions ['colcon_meta']
[0.285s] Level 1:colcon.colcon_core.package_identification:_identify(src/turtlebot3_autorace/turtlebot3_autorace_mission) by extension 'colcon_meta'
[0.285s] Level 1:colcon.colcon_core.package_identification:_identify(src/turtlebot3_autorace/turtlebot3_autorace_mission) by extensions ['ros']
[0.285s] Level 1:colcon.colcon_core.package_identification:_identify(src/turtlebot3_autorace/turtlebot3_autorace_mission) by extension 'ros'
[0.286s] DEBUG:colcon.colcon_core.package_identification:Package 'src/turtlebot3_autorace/turtlebot3_autorace_mission' with type 'ros.ament_python' and name 'turtlebot3_autorace_mission'
[0.286s] Level 1:colcon.colcon_core.package_discovery:discover_packages(recursive) using defaults
[0.286s] Level 1:colcon.colcon_core.package_discovery:discover_packages(ignore) discover
[0.286s] Level 1:colcon.colcon_core.package_discovery:discover_packages(ignore) using defaults
[0.286s] Level 1:colcon.colcon_core.package_discovery:discover_packages(path) discover
[0.286s] Level 1:colcon.colcon_core.package_discovery:discover_packages(path) using defaults
[0.309s] Level 1:colcon.colcon_core.package_discovery:discover_packages(prefix_path) check parameters
[0.309s] Level 1:colcon.colcon_core.package_discovery:discover_packages(prefix_path) discover
[0.311s] DEBUG:colcon.colcon_installed_package_information.package_discovery:Found 5 installed packages in /home/masters/ros2/install
[0.311s] DEBUG:colcon.colcon_installed_package_information.package_discovery:Found 16 installed packages in /home/masters/turtlebot3_ws/install
[0.312s] DEBUG:colcon.colcon_installed_package_information.package_discovery:Found 377 installed packages in /opt/ros/humble
[0.314s] Level 1:colcon.colcon_core.package_discovery:discover_packages(prefix_path) using defaults
[0.351s] Level 5:colcon.colcon_core.verb:set package 'sensor_fusion' build argument 'cmake_args' from command line to 'None'
[0.351s] Level 5:colcon.colcon_core.verb:set package 'sensor_fusion' build argument 'cmake_target' from command line to 'None'
[0.351s] Level 5:colcon.colcon_core.verb:set package 'sensor_fusion' build argument 'cmake_target_skip_unavailable' from command line to 'False'
[0.351s] Level 5:colcon.colcon_core.verb:set package 'sensor_fusion' build argument 'cmake_clean_cache' from command line to 'False'
[0.351s] Level 5:colcon.colcon_core.verb:set package 'sensor_fusion' build argument 'cmake_clean_first' from command line to 'False'
[0.351s] Level 5:colcon.colcon_core.verb:set package 'sensor_fusion' build argument 'cmake_force_configure' from command line to 'False'
[0.351s] Level 5:colcon.colcon_core.verb:set package 'sensor_fusion' build argument 'ament_cmake_args' from command line to 'None'
[0.351s] Level 5:colcon.colcon_core.verb:set package 'sensor_fusion' build argument 'catkin_cmake_args' from command line to 'None'
[0.351s] Level 5:colcon.colcon_core.verb:set package 'sensor_fusion' build argument 'catkin_skip_building_tests' from command line to 'False'
[0.351s] DEBUG:colcon.colcon_core.verb:Building package 'sensor_fusion' with the following arguments: {'ament_cmake_args': None, 'build_base': '/home/masters/ros2/build/sensor_fusion', 'catkin_cmake_args': None, 'catkin_skip_building_tests': False, 'cmake_args': None, 'cmake_clean_cache': False, 'cmake_clean_first': False, 'cmake_force_configure': False, 'cmake_target': None, 'cmake_target_skip_unavailable': False, 'install_base': '/home/masters/ros2/install/sensor_fusion', 'merge_install': False, 'path': '/home/masters/ros2/src/sensor_fusion', 'symlink_install': False, 'test_result_base': None}
[0.352s] Level 5:colcon.colcon_core.verb:set package 'turtlebot3_autorace_camera' build argument 'cmake_args' from command line to 'None'
[0.352s] Level 5:colcon.colcon_core.verb:set package 'turtlebot3_autorace_camera' build argument 'cmake_target' from command line to 'None'
[0.352s] Level 5:colcon.colcon_core.verb:set package 'turtlebot3_autorace_camera' build argument 'cmake_target_skip_unavailable' from command line to 'False'
[0.352s] Level 5:colcon.colcon_core.verb:set package 'turtlebot3_autorace_camera' build argument 'cmake_clean_cache' from command line to 'False'
[0.352s] Level 5:colcon.colcon_core.verb:set package 'turtlebot3_autorace_camera' build argument 'cmake_clean_first' from command line to 'False'
[0.352s] Level 5:colcon.colcon_core.verb:set package 'turtlebot3_autorace_camera' build argument 'cmake_force_configure' from command line to 'False'
[0.352s] Level 5:colcon.colcon_core.verb:set package 'turtlebot3_autorace_camera' build argument 'ament_cmake_args' from command line to 'None'
[0.352s] Level 5:colcon.colcon_core.verb:set package 'turtlebot3_autorace_camera' build argument 'catkin_cmake_args' from command line to 'None'
[0.352s] Level 5:colcon.colcon_core.verb:set package 'turtlebot3_autorace_camera' build argument 'catkin_skip_building_tests' from command line to 'False'
[0.352s] DEBUG:colcon.colcon_core.verb:Building package 'turtlebot3_autorace_camera' with the following arguments: {'ament_cmake_args': None, 'build_base': '/home/masters/ros2/build/turtlebot3_autorace_camera', 'catkin_cmake_args': None, 'catkin_skip_building_tests': False, 'cmake_args': None, 'cmake_clean_cache': False, 'cmake_clean_first': False, 'cmake_force_configure': False, 'cmake_target': None, 'cmake_target_skip_unavailable': False, 'install_base': '/home/masters/ros2/install/turtlebot3_autorace_camera', 'merge_install': False, 'path': '/home/masters/ros2/src/turtlebot3_autorace/turtlebot3_autorace_camera', 'symlink_install': False, 'test_result_base': None}
[0.352s] Level 5:colcon.colcon_core.verb:set package 'turtlebot3_autorace_detect' build argument 'cmake_args' from command line to 'None'
[0.352s] Level 5:colcon.colcon_core.verb:set package 'turtlebot3_autorace_detect' build argument 'cmake_target' from command line to 'None'
[0.352s] Level 5:colcon.colcon_core.verb:set package 'turtlebot3_autorace_detect' build argument 'cmake_target_skip_unavailable' from command line to 'False'
[0.352s] Level 5:colcon.colcon_core.verb:set package 'turtlebot3_autorace_detect' build argument 'cmake_clean_cache' from command line to 'False'
[0.352s] Level 5:colcon.colcon_core.verb:set package 'turtlebot3_autorace_detect' build argument 'cmake_clean_first' from command line to 'False'
[0.352s] Level 5:colcon.colcon_core.verb:set package 'turtlebot3_autorace_detect' build argument 'cmake_force_configure' from command line to 'False'
[0.352s] Level 5:colcon.colcon_core.verb:set package 'turtlebot3_autorace_detect' build argument 'ament_cmake_args' from command line to 'None'
[0.352s] Level 5:colcon.colcon_core.verb:set package 'turtlebot3_autorace_detect' build argument 'catkin_cmake_args' from command line to 'None'
[0.352s] Level 5:colcon.colcon_core.verb:set package 'turtlebot3_autorace_detect' build argument 'catkin_skip_building_tests' from command line to 'False'
[0.352s] DEBUG:colcon.colcon_core.verb:Building package 'turtlebot3_autorace_detect' with the following arguments: {'ament_cmake_args': None, 'build_base': '/home/masters/ros2/build/turtlebot3_autorace_detect', 'catkin_cmake_args': None, 'catkin_skip_building_tests': False, 'cmake_args': None, 'cmake_clean_cache': False, 'cmake_clean_first': False, 'cmake_force_configure': False, 'cmake_target': None, 'cmake_target_skip_unavailable': False, 'install_base': '/home/masters/ros2/install/turtlebot3_autorace_detect', 'merge_install': False, 'path': '/home/masters/ros2/src/turtlebot3_autorace/turtlebot3_autorace_detect', 'symlink_install': False, 'test_result_base': None}
[0.353s] Level 5:colcon.colcon_core.verb:set package 'turtlebot3_autorace_mission' build argument 'cmake_args' from command line to 'None'
[0.353s] Level 5:colcon.colcon_core.verb:set package 'turtlebot3_autorace_mission' build argument 'cmake_target' from command line to 'None'
[0.353s] Level 5:colcon.colcon_core.verb:set package 'turtlebot3_autorace_mission' build argument 'cmake_target_skip_unavailable' from command line to 'False'
[0.353s] Level 5:colcon.colcon_core.verb:set package 'turtlebot3_autorace_mission' build argument 'cmake_clean_cache' from command line to 'False'
[0.353s] Level 5:colcon.colcon_core.verb:set package 'turtlebot3_autorace_mission' build argument 'cmake_clean_first' from command line to 'False'
[0.353s] Level 5:colcon.colcon_core.verb:set package 'turtlebot3_autorace_mission' build argument 'cmake_force_configure' from command line to 'False'
[0.353s] Level 5:colcon.colcon_core.verb:set package 'turtlebot3_autorace_mission' build argument 'ament_cmake_args' from command line to 'None'
[0.353s] Level 5:colcon.colcon_core.verb:set package 'turtlebot3_autorace_mission' build argument 'catkin_cmake_args' from command line to 'None'
[0.353s] Level 5:colcon.colcon_core.verb:set package 'turtlebot3_autorace_mission' build argument 'catkin_skip_building_tests' from command line to 'False'
[0.353s] DEBUG:colcon.colcon_core.verb:Building package 'turtlebot3_autorace_mission' with the following arguments: {'ament_cmake_args': None, 'build_base': '/home/masters/ros2/build/turtlebot3_autorace_mission', 'catkin_cmake_args': None, 'catkin_skip_building_tests': False, 'cmake_args': None, 'cmake_clean_cache': False, 'cmake_clean_first': False, 'cmake_force_configure': False, 'cmake_target': None, 'cmake_target_skip_unavailable': False, 'install_base': '/home/masters/ros2/install/turtlebot3_autorace_mission', 'merge_install': False, 'path': '/home/masters/ros2/src/turtlebot3_autorace/turtlebot3_autorace_mission', 'symlink_install': False, 'test_result_base': None}
[0.353s] Level 5:colcon.colcon_core.verb:set package 'turtlebot3_autorace' build argument 'cmake_args' from command line to 'None'
[0.353s] Level 5:colcon.colcon_core.verb:set package 'turtlebot3_autorace' build argument 'cmake_target' from command line to 'None'
[0.353s] Level 5:colcon.colcon_core.verb:set package 'turtlebot3_autorace' build argument 'cmake_target_skip_unavailable' from command line to 'False'
[0.353s] Level 5:colcon.colcon_core.verb:set package 'turtlebot3_autorace' build argument 'cmake_clean_cache' from command line to 'False'
[0.353s] Level 5:colcon.colcon_core.verb:set package 'turtlebot3_autorace' build argument 'cmake_clean_first' from command line to 'False'
[0.353s] Level 5:colcon.colcon_core.verb:set package 'turtlebot3_autorace' build argument 'cmake_force_configure' from command line to 'False'
[0.353s] Level 5:colcon.colcon_core.verb:set package 'turtlebot3_autorace' build argument 'ament_cmake_args' from command line to 'None'
[0.353s] Level 5:colcon.colcon_core.verb:set package 'turtlebot3_autorace' build argument 'catkin_cmake_args' from command line to 'None'
[0.353s] Level 5:colcon.colcon_core.verb:set package 'turtlebot3_autorace' build argument 'catkin_skip_building_tests' from command line to 'False'
[0.353s] DEBUG:colcon.colcon_core.verb:Building package 'turtlebot3_autorace' with the following arguments: {'ament_cmake_args': None, 'build_base': '/home/masters/ros2/build/turtlebot3_autorace', 'catkin_cmake_args': None, 'catkin_skip_building_tests': False, 'cmake_args': None, 'cmake_clean_cache': False, 'cmake_clean_first': False, 'cmake_force_configure': False, 'cmake_target': None, 'cmake_target_skip_unavailable': False, 'install_base': '/home/masters/ros2/install/turtlebot3_autorace', 'merge_install': False, 'path': '/home/masters/ros2/src/turtlebot3_autorace/turtlebot3_autorace', 'symlink_install': False, 'test_result_base': None}
[0.353s] INFO:colcon.colcon_core.executor:Executing jobs using 'parallel' executor
[0.354s] DEBUG:colcon.colcon_parallel_executor.executor.parallel:run_until_complete
[0.354s] INFO:colcon.colcon_ros.task.ament_python.build:Building ROS package in '/home/masters/ros2/src/turtlebot3_autorace/turtlebot3_autorace_camera' with build type 'ament_python'
[0.355s] Level 1:colcon.colcon_core.shell:create_environment_hook('turtlebot3_autorace_camera', 'ament_prefix_path')
[0.356s] INFO:colcon.colcon_core.plugin_system:Skipping extension 'colcon_core.shell.bat': Not used on non-Windows systems
[0.356s] INFO:colcon.colcon_core.shell:Creating environment hook '/home/masters/ros2/install/turtlebot3_autorace_camera/share/turtlebot3_autorace_camera/hook/ament_prefix_path.ps1'
[0.357s] INFO:colcon.colcon_core.shell:Creating environment descriptor '/home/masters/ros2/install/turtlebot3_autorace_camera/share/turtlebot3_autorace_camera/hook/ament_prefix_path.dsv'
[0.357s] INFO:colcon.colcon_core.shell:Creating environment hook '/home/masters/ros2/install/turtlebot3_autorace_camera/share/turtlebot3_autorace_camera/hook/ament_prefix_path.sh'
[0.358s] INFO:colcon.colcon_core.shell:Skip shell extension 'powershell' for command environment: Not usable outside of PowerShell
[0.358s] DEBUG:colcon.colcon_core.shell:Skip shell extension 'dsv' for command environment
[0.361s] INFO:colcon.colcon_ros.task.ament_python.build:Building ROS package in '/home/masters/ros2/src/turtlebot3_autorace/turtlebot3_autorace_detect' with build type 'ament_python'
[0.362s] Level 1:colcon.colcon_core.shell:create_environment_hook('turtlebot3_autorace_detect', 'ament_prefix_path')
[0.362s] INFO:colcon.colcon_core.shell:Creating environment hook '/home/masters/ros2/install/turtlebot3_autorace_detect/share/turtlebot3_autorace_detect/hook/ament_prefix_path.ps1'
[0.362s] INFO:colcon.colcon_core.shell:Creating environment descriptor '/home/masters/ros2/install/turtlebot3_autorace_detect/share/turtlebot3_autorace_detect/hook/ament_prefix_path.dsv'
[0.362s] INFO:colcon.colcon_core.shell:Creating environment hook '/home/masters/ros2/install/turtlebot3_autorace_detect/share/turtlebot3_autorace_detect/hook/ament_prefix_path.sh'
[0.363s] INFO:colcon.colcon_core.shell:Skip shell extension 'powershell' for command environment: Not usable outside of PowerShell
[0.363s] DEBUG:colcon.colcon_core.shell:Skip shell extension 'dsv' for command environment
[0.366s] INFO:colcon.colcon_ros.task.ament_python.build:Building ROS package in '/home/masters/ros2/src/turtlebot3_autorace/turtlebot3_autorace_mission' with build type 'ament_python'
[0.366s] Level 1:colcon.colcon_core.shell:create_environment_hook('turtlebot3_autorace_mission', 'ament_prefix_path')
[0.366s] INFO:colcon.colcon_core.shell:Creating environment hook '/home/masters/ros2/install/turtlebot3_autorace_mission/share/turtlebot3_autorace_mission/hook/ament_prefix_path.ps1'
[0.367s] INFO:colcon.colcon_core.shell:Creating environment descriptor '/home/masters/ros2/install/turtlebot3_autorace_mission/share/turtlebot3_autorace_mission/hook/ament_prefix_path.dsv'
[0.367s] INFO:colcon.colcon_core.shell:Creating environment hook '/home/masters/ros2/install/turtlebot3_autorace_mission/share/turtlebot3_autorace_mission/hook/ament_prefix_path.sh'
[0.368s] INFO:colcon.colcon_core.shell:Skip shell extension 'powershell' for command environment: Not usable outside of PowerShell
[0.368s] DEBUG:colcon.colcon_core.shell:Skip shell extension 'dsv' for command environment
[0.371s] INFO:colcon.colcon_ros.task.ament_python.build:Building ROS package in '/home/masters/ros2/src/sensor_fusion' with build type 'ament_python'
[0.371s] Level 1:colcon.colcon_core.shell:create_environment_hook('sensor_fusion', 'ament_prefix_path')
[0.371s] INFO:colcon.colcon_core.shell:Creating environment hook '/home/masters/ros2/install/sensor_fusion/share/sensor_fusion/hook/ament_prefix_path.ps1'
[0.371s] INFO:colcon.colcon_core.shell:Creating environment descriptor '/home/masters/ros2/install/sensor_fusion/share/sensor_fusion/hook/ament_prefix_path.dsv'
[0.372s] INFO:colcon.colcon_core.shell:Creating environment hook '/home/masters/ros2/install/sensor_fusion/share/sensor_fusion/hook/ament_prefix_path.sh'
[0.372s] INFO:colcon.colcon_core.shell:Skip shell extension 'powershell' for command environment: Not usable outside of PowerShell
[0.372s] DEBUG:colcon.colcon_core.shell:Skip shell extension 'dsv' for command environment
[0.585s] INFO:colcon.colcon_core.task.python.build:Building Python package in '/home/masters/ros2/src/turtlebot3_autorace/turtlebot3_autorace_camera'
[0.585s] INFO:colcon.colcon_core.shell:Skip shell extension 'powershell' for command environment: Not usable outside of PowerShell
[0.585s] DEBUG:colcon.colcon_core.shell:Skip shell extension 'dsv' for command environment
[0.796s] INFO:colcon.colcon_core.task.python.build:Building Python package in '/home/masters/ros2/src/turtlebot3_autorace/turtlebot3_autorace_detect'
[0.796s] INFO:colcon.colcon_core.shell:Skip shell extension 'powershell' for command environment: Not usable outside of PowerShell
[0.796s] DEBUG:colcon.colcon_core.shell:Skip shell extension 'dsv' for command environment
[1.019s] INFO:colcon.colcon_core.task.python.build:Building Python package in '/home/masters/ros2/src/turtlebot3_autorace/turtlebot3_autorace_mission'
[1.019s] INFO:colcon.colcon_core.shell:Skip shell extension 'powershell' for command environment: Not usable outside of PowerShell
[1.019s] DEBUG:colcon.colcon_core.shell:Skip shell extension 'dsv' for command environment
[1.234s] INFO:colcon.colcon_core.task.python.build:Building Python package in '/home/masters/ros2/src/sensor_fusion'
[1.234s] INFO:colcon.colcon_core.shell:Skip shell extension 'powershell' for command environment: Not usable outside of PowerShell
[1.234s] DEBUG:colcon.colcon_core.shell:Skip shell extension 'dsv' for command environment
[1.530s] DEBUG:colcon.colcon_core.event_handler.log_command:Invoking command in '/home/masters/ros2/src/turtlebot3_autorace/turtlebot3_autorace_detect': PYTHONPATH=/home/masters/ros2/build/turtlebot3_autorace_detect/prefix_override:/usr/lib/python3/dist-packages/colcon_core/task/python/colcon_distutils_commands:/home/masters/ros2/install/turtlebot3_autorace_detect/lib/python3.10/site-packages:${PYTHONPATH} /usr/bin/python3 -W ignore:setup.py install is deprecated -W ignore:easy_install command is deprecated setup.py egg_info --egg-base ../../../build/turtlebot3_autorace_detect build --build-base /home/masters/ros2/build/turtlebot3_autorace_detect/build install --record /home/masters/ros2/build/turtlebot3_autorace_detect/install.log --single-version-externally-managed install_data
[1.544s] DEBUG:colcon.colcon_core.event_handler.log_command:Invoking command in '/home/masters/ros2/src/sensor_fusion': PYTHONPATH=/home/masters/ros2/build/sensor_fusion/prefix_override:/usr/lib/python3/dist-packages/colcon_core/task/python/colcon_distutils_commands:/home/masters/ros2/install/sensor_fusion/lib/python3.10/site-packages:${PYTHONPATH} /usr/bin/python3 -W ignore:setup.py install is deprecated -W ignore:easy_install command is deprecated setup.py egg_info --egg-base ../../build/sensor_fusion build --build-base /home/masters/ros2/build/sensor_fusion/build install --record /home/masters/ros2/build/sensor_fusion/install.log --single-version-externally-managed install_data
[1.552s] DEBUG:colcon.colcon_core.event_handler.log_command:Invoking command in '/home/masters/ros2/src/turtlebot3_autorace/turtlebot3_autorace_camera': PYTHONPATH=/home/masters/ros2/build/turtlebot3_autorace_camera/prefix_override:/usr/lib/python3/dist-packages/colcon_core/task/python/colcon_distutils_commands:/home/masters/ros2/install/turtlebot3_autorace_camera/lib/python3.10/site-packages:${PYTHONPATH} /usr/bin/python3 -W ignore:setup.py install is deprecated -W ignore:easy_install command is deprecated setup.py egg_info --egg-base ../../../build/turtlebot3_autorace_camera build --build-base /home/masters/ros2/build/turtlebot3_autorace_camera/build install --record /home/masters/ros2/build/turtlebot3_autorace_camera/install.log --single-version-externally-managed install_data
[1.561s] DEBUG:colcon.colcon_core.event_handler.log_command:Invoking command in '/home/masters/ros2/src/turtlebot3_autorace/turtlebot3_autorace_mission': PYTHONPATH=/home/masters/ros2/build/turtlebot3_autorace_mission/prefix_override:/usr/lib/python3/dist-packages/colcon_core/task/python/colcon_distutils_commands:/home/masters/ros2/install/turtlebot3_autorace_mission/lib/python3.10/site-packages:${PYTHONPATH} /usr/bin/python3 -W ignore:setup.py install is deprecated -W ignore:easy_install command is deprecated setup.py egg_info --egg-base ../../../build/turtlebot3_autorace_mission build --build-base /home/masters/ros2/build/turtlebot3_autorace_mission/build install --record /home/masters/ros2/build/turtlebot3_autorace_mission/install.log --single-version-externally-managed install_data
[1.801s] DEBUG:colcon.colcon_core.event_handler.log_command:Invoked command in '/home/masters/ros2/src/sensor_fusion' returned '0': PYTHONPATH=/home/masters/ros2/build/sensor_fusion/prefix_override:/usr/lib/python3/dist-packages/colcon_core/task/python/colcon_distutils_commands:/home/masters/ros2/install/sensor_fusion/lib/python3.10/site-packages:${PYTHONPATH} /usr/bin/python3 -W ignore:setup.py install is deprecated -W ignore:easy_install command is deprecated setup.py egg_info --egg-base ../../build/sensor_fusion build --build-base /home/masters/ros2/build/sensor_fusion/build install --record /home/masters/ros2/build/sensor_fusion/install.log --single-version-externally-managed install_data
[1.804s] Level 1:colcon.colcon_core.environment:checking '/home/masters/ros2/install/sensor_fusion' for CMake module files
[1.804s] Level 1:colcon.colcon_core.environment:checking '/home/masters/ros2/install/sensor_fusion' for CMake config files
[1.805s] Level 1:colcon.colcon_core.environment:checking '/home/masters/ros2/install/sensor_fusion/lib'
[1.805s] Level 1:colcon.colcon_core.environment:checking '/home/masters/ros2/install/sensor_fusion/bin'
[1.805s] Level 1:colcon.colcon_core.environment:checking '/home/masters/ros2/install/sensor_fusion/lib/pkgconfig/sensor_fusion.pc'
[1.806s] Level 1:colcon.colcon_core.environment:checking '/home/masters/ros2/install/sensor_fusion/lib/python3.10/site-packages'
[1.806s] Level 1:colcon.colcon_core.shell:create_environment_hook('sensor_fusion', 'pythonpath')
[1.806s] INFO:colcon.colcon_core.shell:Creating environment hook '/home/masters/ros2/install/sensor_fusion/share/sensor_fusion/hook/pythonpath.ps1'
[1.806s] INFO:colcon.colcon_core.shell:Creating environment descriptor '/home/masters/ros2/install/sensor_fusion/share/sensor_fusion/hook/pythonpath.dsv'
[1.807s] INFO:colcon.colcon_core.shell:Creating environment hook '/home/masters/ros2/install/sensor_fusion/share/sensor_fusion/hook/pythonpath.sh'
[1.807s] Level 1:colcon.colcon_core.environment:checking '/home/masters/ros2/install/sensor_fusion/bin'
[1.807s] Level 1:colcon.colcon_core.environment:create_environment_scripts_only(sensor_fusion)
[1.807s] INFO:colcon.colcon_core.shell:Creating package script '/home/masters/ros2/install/sensor_fusion/share/sensor_fusion/package.ps1'
[1.808s] INFO:colcon.colcon_core.shell:Creating package descriptor '/home/masters/ros2/install/sensor_fusion/share/sensor_fusion/package.dsv'
[1.809s] INFO:colcon.colcon_core.shell:Creating package script '/home/masters/ros2/install/sensor_fusion/share/sensor_fusion/package.sh'
[1.809s] INFO:colcon.colcon_core.shell:Creating package script '/home/masters/ros2/install/sensor_fusion/share/sensor_fusion/package.bash'
[1.810s] INFO:colcon.colcon_core.shell:Creating package script '/home/masters/ros2/install/sensor_fusion/share/sensor_fusion/package.zsh'
[1.811s] Level 1:colcon.colcon_core.environment:create_file_with_runtime_dependencies(/home/masters/ros2/install/sensor_fusion/share/colcon-core/packages/sensor_fusion)
[1.812s] Level 1:colcon.colcon_core.environment:checking '/home/masters/ros2/install/turtlebot3_autorace_detect' for CMake module files
[1.813s] DEBUG:colcon.colcon_core.event_handler.log_command:Invoked command in '/home/masters/ros2/src/turtlebot3_autorace/turtlebot3_autorace_detect' returned '0': PYTHONPATH=/home/masters/ros2/build/turtlebot3_autorace_detect/prefix_override:/usr/lib/python3/dist-packages/colcon_core/task/python/colcon_distutils_commands:/home/masters/ros2/install/turtlebot3_autorace_detect/lib/python3.10/site-packages:${PYTHONPATH} /usr/bin/python3 -W ignore:setup.py install is deprecated -W ignore:easy_install command is deprecated setup.py egg_info --egg-base ../../../build/turtlebot3_autorace_detect build --build-base /home/masters/ros2/build/turtlebot3_autorace_detect/build install --record /home/masters/ros2/build/turtlebot3_autorace_detect/install.log --single-version-externally-managed install_data
[1.813s] Level 1:colcon.colcon_core.environment:checking '/home/masters/ros2/install/turtlebot3_autorace_detect' for CMake config files
[1.814s] Level 1:colcon.colcon_core.environment:checking '/home/masters/ros2/install/turtlebot3_autorace_detect/lib'
[1.814s] Level 1:colcon.colcon_core.environment:checking '/home/masters/ros2/install/turtlebot3_autorace_detect/bin'
[1.814s] Level 1:colcon.colcon_core.environment:checking '/home/masters/ros2/install/turtlebot3_autorace_detect/lib/pkgconfig/turtlebot3_autorace_detect.pc'
[1.814s] Level 1:colcon.colcon_core.environment:checking '/home/masters/ros2/install/turtlebot3_autorace_detect/lib/python3.10/site-packages'
[1.814s] Level 1:colcon.colcon_core.shell:create_environment_hook('turtlebot3_autorace_detect', 'pythonpath')
[1.814s] INFO:colcon.colcon_core.shell:Creating environment hook '/home/masters/ros2/install/turtlebot3_autorace_detect/share/turtlebot3_autorace_detect/hook/pythonpath.ps1'
[1.815s] INFO:colcon.colcon_core.shell:Creating environment descriptor '/home/masters/ros2/install/turtlebot3_autorace_detect/share/turtlebot3_autorace_detect/hook/pythonpath.dsv'
[1.815s] INFO:colcon.colcon_core.shell:Creating environment hook '/home/masters/ros2/install/turtlebot3_autorace_detect/share/turtlebot3_autorace_detect/hook/pythonpath.sh'
[1.816s] Level 1:colcon.colcon_core.environment:checking '/home/masters/ros2/install/turtlebot3_autorace_detect/bin'
[1.816s] Level 1:colcon.colcon_core.environment:create_environment_scripts_only(turtlebot3_autorace_detect)
[1.816s] INFO:colcon.colcon_core.shell:Creating package script '/home/masters/ros2/install/turtlebot3_autorace_detect/share/turtlebot3_autorace_detect/package.ps1'
[1.816s] INFO:colcon.colcon_core.shell:Creating package descriptor '/home/masters/ros2/install/turtlebot3_autorace_detect/share/turtlebot3_autorace_detect/package.dsv'
[1.817s] INFO:colcon.colcon_core.shell:Creating package script '/home/masters/ros2/install/turtlebot3_autorace_detect/share/turtlebot3_autorace_detect/package.sh'
[1.817s] INFO:colcon.colcon_core.shell:Creating package script '/home/masters/ros2/install/turtlebot3_autorace_detect/share/turtlebot3_autorace_detect/package.bash'
[1.818s] INFO:colcon.colcon_core.shell:Creating package script '/home/masters/ros2/install/turtlebot3_autorace_detect/share/turtlebot3_autorace_detect/package.zsh'
[1.818s] Level 1:colcon.colcon_core.environment:create_file_with_runtime_dependencies(/home/masters/ros2/install/turtlebot3_autorace_detect/share/colcon-core/packages/turtlebot3_autorace_detect)
[1.820s] Level 1:colcon.colcon_core.environment:checking '/home/masters/ros2/install/turtlebot3_autorace_camera' for CMake module files
[1.821s] DEBUG:colcon.colcon_core.event_handler.log_command:Invoked command in '/home/masters/ros2/src/turtlebot3_autorace/turtlebot3_autorace_camera' returned '0': PYTHONPATH=/home/masters/ros2/build/turtlebot3_autorace_camera/prefix_override:/usr/lib/python3/dist-packages/colcon_core/task/python/colcon_distutils_commands:/home/masters/ros2/install/turtlebot3_autorace_camera/lib/python3.10/site-packages:${PYTHONPATH} /usr/bin/python3 -W ignore:setup.py install is deprecated -W ignore:easy_install command is deprecated setup.py egg_info --egg-base ../../../build/turtlebot3_autorace_camera build --build-base /home/masters/ros2/build/turtlebot3_autorace_camera/build install --record /home/masters/ros2/build/turtlebot3_autorace_camera/install.log --single-version-externally-managed install_data
[1.821s] Level 1:colcon.colcon_core.environment:checking '/home/masters/ros2/install/turtlebot3_autorace_camera' for CMake config files
[1.821s] Level 1:colcon.colcon_core.environment:checking '/home/masters/ros2/install/turtlebot3_autorace_camera/lib'
[1.821s] Level 1:colcon.colcon_core.environment:checking '/home/masters/ros2/install/turtlebot3_autorace_camera/bin'
[1.821s] Level 1:colcon.colcon_core.environment:checking '/home/masters/ros2/install/turtlebot3_autorace_camera/lib/pkgconfig/turtlebot3_autorace_camera.pc'
[1.822s] Level 1:colcon.colcon_core.environment:checking '/home/masters/ros2/install/turtlebot3_autorace_camera/lib/python3.10/site-packages'
[1.822s] Level 1:colcon.colcon_core.shell:create_environment_hook('turtlebot3_autorace_camera', 'pythonpath')
[1.822s] INFO:colcon.colcon_core.shell:Creating environment hook '/home/masters/ros2/install/turtlebot3_autorace_camera/share/turtlebot3_autorace_camera/hook/pythonpath.ps1'
[1.822s] INFO:colcon.colcon_core.shell:Creating environment descriptor '/home/masters/ros2/install/turtlebot3_autorace_camera/share/turtlebot3_autorace_camera/hook/pythonpath.dsv'
[1.823s] INFO:colcon.colcon_core.shell:Creating environment hook '/home/masters/ros2/install/turtlebot3_autorace_camera/share/turtlebot3_autorace_camera/hook/pythonpath.sh'
[1.823s] Level 1:colcon.colcon_core.environment:checking '/home/masters/ros2/install/turtlebot3_autorace_camera/bin'
[1.823s] Level 1:colcon.colcon_core.environment:create_environment_scripts_only(turtlebot3_autorace_camera)
[1.824s] INFO:colcon.colcon_core.shell:Creating package script '/home/masters/ros2/install/turtlebot3_autorace_camera/share/turtlebot3_autorace_camera/package.ps1'
[1.824s] INFO:colcon.colcon_core.shell:Creating package descriptor '/home/masters/ros2/install/turtlebot3_autorace_camera/share/turtlebot3_autorace_camera/package.dsv'
[1.824s] INFO:colcon.colcon_core.shell:Creating package script '/home/masters/ros2/install/turtlebot3_autorace_camera/share/turtlebot3_autorace_camera/package.sh'
[1.825s] INFO:colcon.colcon_core.shell:Creating package script '/home/masters/ros2/install/turtlebot3_autorace_camera/share/turtlebot3_autorace_camera/package.bash'
[1.825s] INFO:colcon.colcon_core.shell:Creating package script '/home/masters/ros2/install/turtlebot3_autorace_camera/share/turtlebot3_autorace_camera/package.zsh'
[1.825s] Level 1:colcon.colcon_core.environment:create_file_with_runtime_dependencies(/home/masters/ros2/install/turtlebot3_autorace_camera/share/colcon-core/packages/turtlebot3_autorace_camera)
[1.826s] Level 1:colcon.colcon_core.environment:checking '/home/masters/ros2/install/turtlebot3_autorace_mission' for CMake module files
[1.827s] DEBUG:colcon.colcon_core.event_handler.log_command:Invoked command in '/home/masters/ros2/src/turtlebot3_autorace/turtlebot3_autorace_mission' returned '0': PYTHONPATH=/home/masters/ros2/build/turtlebot3_autorace_mission/prefix_override:/usr/lib/python3/dist-packages/colcon_core/task/python/colcon_distutils_commands:/home/masters/ros2/install/turtlebot3_autorace_mission/lib/python3.10/site-packages:${PYTHONPATH} /usr/bin/python3 -W ignore:setup.py install is deprecated -W ignore:easy_install command is deprecated setup.py egg_info --egg-base ../../../build/turtlebot3_autorace_mission build --build-base /home/masters/ros2/build/turtlebot3_autorace_mission/build install --record /home/masters/ros2/build/turtlebot3_autorace_mission/install.log --single-version-externally-managed install_data
[1.827s] Level 1:colcon.colcon_core.environment:checking '/home/masters/ros2/install/turtlebot3_autorace_mission' for CMake config files
[1.827s] Level 1:colcon.colcon_core.environment:checking '/home/masters/ros2/install/turtlebot3_autorace_mission/lib'
[1.828s] Level 1:colcon.colcon_core.environment:checking '/home/masters/ros2/install/turtlebot3_autorace_mission/bin'
[1.828s] Level 1:colcon.colcon_core.environment:checking '/home/masters/ros2/install/turtlebot3_autorace_mission/lib/pkgconfig/turtlebot3_autorace_mission.pc'
[1.828s] Level 1:colcon.colcon_core.environment:checking '/home/masters/ros2/install/turtlebot3_autorace_mission/lib/python3.10/site-packages'
[1.828s] Level 1:colcon.colcon_core.shell:create_environment_hook('turtlebot3_autorace_mission', 'pythonpath')
[1.828s] INFO:colcon.colcon_core.shell:Creating environment hook '/home/masters/ros2/install/turtlebot3_autorace_mission/share/turtlebot3_autorace_mission/hook/pythonpath.ps1'
[1.828s] INFO:colcon.colcon_core.shell:Creating environment descriptor '/home/masters/ros2/install/turtlebot3_autorace_mission/share/turtlebot3_autorace_mission/hook/pythonpath.dsv'
[1.829s] INFO:colcon.colcon_core.shell:Creating environment hook '/home/masters/ros2/install/turtlebot3_autorace_mission/share/turtlebot3_autorace_mission/hook/pythonpath.sh'
[1.829s] Level 1:colcon.colcon_core.environment:checking '/home/masters/ros2/install/turtlebot3_autorace_mission/bin'
[1.829s] Level 1:colcon.colcon_core.environment:create_environment_scripts_only(turtlebot3_autorace_mission)
[1.829s] INFO:colcon.colcon_core.shell:Creating package script '/home/masters/ros2/install/turtlebot3_autorace_mission/share/turtlebot3_autorace_mission/package.ps1'
[1.830s] INFO:colcon.colcon_core.shell:Creating package descriptor '/home/masters/ros2/install/turtlebot3_autorace_mission/share/turtlebot3_autorace_mission/package.dsv'
[1.830s] INFO:colcon.colcon_core.shell:Creating package script '/home/masters/ros2/install/turtlebot3_autorace_mission/share/turtlebot3_autorace_mission/package.sh'
[1.831s] INFO:colcon.colcon_core.shell:Creating package script '/home/masters/ros2/install/turtlebot3_autorace_mission/share/turtlebot3_autorace_mission/package.bash'
[1.831s] INFO:colcon.colcon_core.shell:Creating package script '/home/masters/ros2/install/turtlebot3_autorace_mission/share/turtlebot3_autorace_mission/package.zsh'
[1.831s] Level 1:colcon.colcon_core.environment:create_file_with_runtime_dependencies(/home/masters/ros2/install/turtlebot3_autorace_mission/share/colcon-core/packages/turtlebot3_autorace_mission)
[1.831s] INFO:colcon.colcon_ros.task.ament_cmake.build:Building ROS package in '/home/masters/ros2/src/turtlebot3_autorace/turtlebot3_autorace' with build type 'ament_cmake'
[1.832s] INFO:colcon.colcon_cmake.task.cmake.build:Building CMake package in '/home/masters/ros2/src/turtlebot3_autorace/turtlebot3_autorace'
[1.832s] INFO:colcon.colcon_core.shell:Skip shell extension 'powershell' for command environment: Not usable outside of PowerShell
[1.832s] DEBUG:colcon.colcon_core.shell:Skip shell extension 'dsv' for command environment
[1.842s] DEBUG:colcon.colcon_core.event_handler.log_command:Invoking command in '/home/masters/ros2/build/turtlebot3_autorace': AMENT_PREFIX_PATH=/home/masters/ros2/install/turtlebot3_autorace_mission:/home/masters/ros2/install/turtlebot3_autorace_detect:/home/masters/ros2/install/turtlebot3_autorace_camera:/home/masters/ros2/install/turtlebot3_autorace:/home/masters/ros2/install/sensor_fusion:/home/masters/turtlebot3_ws/install/turtlebot3:/home/masters/turtlebot3_ws/install/turtlebot3_teleop:/home/masters/turtlebot3_ws/install/turtlebot3_simulations:/home/masters/turtlebot3_ws/install/turtlebot3_bringup:/home/masters/turtlebot3_ws/install/turtlebot3_node:/home/masters/turtlebot3_ws/install/turtlebot3_navigation2:/home/masters/turtlebot3_ws/install/turtlebot3_fake_node:/home/masters/turtlebot3_ws/install/turtlebot3_example:/home/masters/turtlebot3_ws/install/turtlebot3_msgs:/home/masters/turtlebot3_ws/install/turtlebot3_manipulation_gazebo:/home/masters/turtlebot3_ws/install/turtlebot3_gazebo:/home/masters/turtlebot3_ws/install/turtlebot3_description:/home/masters/turtlebot3_ws/install/turtlebot3_cartographer:/home/masters/turtlebot3_ws/install/dynamixel_sdk_examples:/home/masters/turtlebot3_ws/install/dynamixel_sdk_custom_interfaces:/home/masters/turtlebot3_ws/install/dynamixel_sdk:/opt/ros/humble CMAKE_PREFIX_PATH=${CMAKE_PREFIX_PATH}:/home/masters/ros2/install/turtlebot3_autorace_mission:/home/masters/ros2/install/turtlebot3_autorace_detect:/home/masters/ros2/install/turtlebot3_autorace_camera:/home/masters/ros2/install/sensor_fusion:/home/masters/turtlebot3_ws/install/turtlebot3_teleop:/home/masters/turtlebot3_ws/install/turtlebot3_example:/opt/ros/humble /usr/bin/cmake --build /home/masters/ros2/build/turtlebot3_autorace -- -j16 -l16
[1.873s] DEBUG:colcon.colcon_core.event_handler.log_command:Invoked command in '/home/masters/ros2/build/turtlebot3_autorace' returned '0': AMENT_PREFIX_PATH=/home/masters/ros2/install/turtlebot3_autorace_mission:/home/masters/ros2/install/turtlebot3_autorace_detect:/home/masters/ros2/install/turtlebot3_autorace_camera:/home/masters/ros2/install/turtlebot3_autorace:/home/masters/ros2/install/sensor_fusion:/home/masters/turtlebot3_ws/install/turtlebot3:/home/masters/turtlebot3_ws/install/turtlebot3_teleop:/home/masters/turtlebot3_ws/install/turtlebot3_simulations:/home/masters/turtlebot3_ws/install/turtlebot3_bringup:/home/masters/turtlebot3_ws/install/turtlebot3_node:/home/masters/turtlebot3_ws/install/turtlebot3_navigation2:/home/masters/turtlebot3_ws/install/turtlebot3_fake_node:/home/masters/turtlebot3_ws/install/turtlebot3_example:/home/masters/turtlebot3_ws/install/turtlebot3_msgs:/home/masters/turtlebot3_ws/install/turtlebot3_manipulation_gazebo:/home/masters/turtlebot3_ws/install/turtlebot3_gazebo:/home/masters/turtlebot3_ws/install/turtlebot3_description:/home/masters/turtlebot3_ws/install/turtlebot3_cartographer:/home/masters/turtlebot3_ws/install/dynamixel_sdk_examples:/home/masters/turtlebot3_ws/install/dynamixel_sdk_custom_interfaces:/home/masters/turtlebot3_ws/install/dynamixel_sdk:/opt/ros/humble CMAKE_PREFIX_PATH=${CMAKE_PREFIX_PATH}:/home/masters/ros2/install/turtlebot3_autorace_mission:/home/masters/ros2/install/turtlebot3_autorace_detect:/home/masters/ros2/install/turtlebot3_autorace_camera:/home/masters/ros2/install/sensor_fusion:/home/masters/turtlebot3_ws/install/turtlebot3_teleop:/home/masters/turtlebot3_ws/install/turtlebot3_example:/opt/ros/humble /usr/bin/cmake --build /home/masters/ros2/build/turtlebot3_autorace -- -j16 -l16
[1.881s] DEBUG:colcon.colcon_core.event_handler.log_command:Invoking command in '/home/masters/ros2/build/turtlebot3_autorace': AMENT_PREFIX_PATH=/home/masters/ros2/install/turtlebot3_autorace_mission:/home/masters/ros2/install/turtlebot3_autorace_detect:/home/masters/ros2/install/turtlebot3_autorace_camera:/home/masters/ros2/install/turtlebot3_autorace:/home/masters/ros2/install/sensor_fusion:/home/masters/turtlebot3_ws/install/turtlebot3:/home/masters/turtlebot3_ws/install/turtlebot3_teleop:/home/masters/turtlebot3_ws/install/turtlebot3_simulations:/home/masters/turtlebot3_ws/install/turtlebot3_bringup:/home/masters/turtlebot3_ws/install/turtlebot3_node:/home/masters/turtlebot3_ws/install/turtlebot3_navigation2:/home/masters/turtlebot3_ws/install/turtlebot3_fake_node:/home/masters/turtlebot3_ws/install/turtlebot3_example:/home/masters/turtlebot3_ws/install/turtlebot3_msgs:/home/masters/turtlebot3_ws/install/turtlebot3_manipulation_gazebo:/home/masters/turtlebot3_ws/install/turtlebot3_gazebo:/home/masters/turtlebot3_ws/install/turtlebot3_description:/home/masters/turtlebot3_ws/install/turtlebot3_cartographer:/home/masters/turtlebot3_ws/install/dynamixel_sdk_examples:/home/masters/turtlebot3_ws/install/dynamixel_sdk_custom_interfaces:/home/masters/turtlebot3_ws/install/dynamixel_sdk:/opt/ros/humble CMAKE_PREFIX_PATH=${CMAKE_PREFIX_PATH}:/home/masters/ros2/install/turtlebot3_autorace_mission:/home/masters/ros2/install/turtlebot3_autorace_detect:/home/masters/ros2/install/turtlebot3_autorace_camera:/home/masters/ros2/install/sensor_fusion:/home/masters/turtlebot3_ws/install/turtlebot3_teleop:/home/masters/turtlebot3_ws/install/turtlebot3_example:/opt/ros/humble /usr/bin/cmake --install /home/masters/ros2/build/turtlebot3_autorace
[1.889s] Level 1:colcon.colcon_core.environment:create_environment_scripts_only(turtlebot3_autorace)
[1.889s] Level 1:colcon.colcon_core.environment:checking '/home/masters/ros2/install/turtlebot3_autorace' for CMake module files
[1.890s] DEBUG:colcon.colcon_core.event_handler.log_command:Invoked command in '/home/masters/ros2/build/turtlebot3_autorace' returned '0': AMENT_PREFIX_PATH=/home/masters/ros2/install/turtlebot3_autorace_mission:/home/masters/ros2/install/turtlebot3_autorace_detect:/home/masters/ros2/install/turtlebot3_autorace_camera:/home/masters/ros2/install/turtlebot3_autorace:/home/masters/ros2/install/sensor_fusion:/home/masters/turtlebot3_ws/install/turtlebot3:/home/masters/turtlebot3_ws/install/turtlebot3_teleop:/home/masters/turtlebot3_ws/install/turtlebot3_simulations:/home/masters/turtlebot3_ws/install/turtlebot3_bringup:/home/masters/turtlebot3_ws/install/turtlebot3_node:/home/masters/turtlebot3_ws/install/turtlebot3_navigation2:/home/masters/turtlebot3_ws/install/turtlebot3_fake_node:/home/masters/turtlebot3_ws/install/turtlebot3_example:/home/masters/turtlebot3_ws/install/turtlebot3_msgs:/home/masters/turtlebot3_ws/install/turtlebot3_manipulation_gazebo:/home/masters/turtlebot3_ws/install/turtlebot3_gazebo:/home/masters/turtlebot3_ws/install/turtlebot3_description:/home/masters/turtlebot3_ws/install/turtlebot3_cartographer:/home/masters/turtlebot3_ws/install/dynamixel_sdk_examples:/home/masters/turtlebot3_ws/install/dynamixel_sdk_custom_interfaces:/home/masters/turtlebot3_ws/install/dynamixel_sdk:/opt/ros/humble CMAKE_PREFIX_PATH=${CMAKE_PREFIX_PATH}:/home/masters/ros2/install/turtlebot3_autorace_mission:/home/masters/ros2/install/turtlebot3_autorace_detect:/home/masters/ros2/install/turtlebot3_autorace_camera:/home/masters/ros2/install/sensor_fusion:/home/masters/turtlebot3_ws/install/turtlebot3_teleop:/home/masters/turtlebot3_ws/install/turtlebot3_example:/opt/ros/humble /usr/bin/cmake --install /home/masters/ros2/build/turtlebot3_autorace
[1.890s] Level 1:colcon.colcon_core.environment:checking '/home/masters/ros2/install/turtlebot3_autorace' for CMake config files
[1.890s] Level 1:colcon.colcon_core.shell:create_environment_hook('turtlebot3_autorace', 'cmake_prefix_path')
[1.890s] INFO:colcon.colcon_core.shell:Creating environment hook '/home/masters/ros2/install/turtlebot3_autorace/share/turtlebot3_autorace/hook/cmake_prefix_path.ps1'
[1.891s] INFO:colcon.colcon_core.shell:Creating environment descriptor '/home/masters/ros2/install/turtlebot3_autorace/share/turtlebot3_autorace/hook/cmake_prefix_path.dsv'
[1.891s] INFO:colcon.colcon_core.shell:Creating environment hook '/home/masters/ros2/install/turtlebot3_autorace/share/turtlebot3_autorace/hook/cmake_prefix_path.sh'
[1.891s] Level 1:colcon.colcon_core.environment:checking '/home/masters/ros2/install/turtlebot3_autorace/bin'
[1.891s] Level 1:colcon.colcon_core.environment:checking '/home/masters/ros2/install/turtlebot3_autorace/lib/pkgconfig/turtlebot3_autorace.pc'
[1.892s] Level 1:colcon.colcon_core.environment:checking '/home/masters/ros2/install/turtlebot3_autorace/lib/python3.10/site-packages'
[1.892s] Level 1:colcon.colcon_core.environment:checking '/home/masters/ros2/install/turtlebot3_autorace/bin'
[1.892s] INFO:colcon.colcon_core.shell:Creating package script '/home/masters/ros2/install/turtlebot3_autorace/share/turtlebot3_autorace/package.ps1'
[1.892s] INFO:colcon.colcon_core.shell:Creating package descriptor '/home/masters/ros2/install/turtlebot3_autorace/share/turtlebot3_autorace/package.dsv'
[1.893s] INFO:colcon.colcon_core.shell:Creating package script '/home/masters/ros2/install/turtlebot3_autorace/share/turtlebot3_autorace/package.sh'
[1.893s] INFO:colcon.colcon_core.shell:Creating package script '/home/masters/ros2/install/turtlebot3_autorace/share/turtlebot3_autorace/package.bash'
[1.893s] INFO:colcon.colcon_core.shell:Creating package script '/home/masters/ros2/install/turtlebot3_autorace/share/turtlebot3_autorace/package.zsh'
[1.894s] Level 1:colcon.colcon_core.environment:create_file_with_runtime_dependencies(/home/masters/ros2/install/turtlebot3_autorace/share/colcon-core/packages/turtlebot3_autorace)
[1.894s] Level 1:colcon.colcon_core.environment:create_environment_scripts_only(turtlebot3_autorace)
[1.894s] Level 1:colcon.colcon_core.environment:checking '/home/masters/ros2/install/turtlebot3_autorace' for CMake module files
[1.895s] Level 1:colcon.colcon_core.environment:checking '/home/masters/ros2/install/turtlebot3_autorace' for CMake config files
[1.895s] Level 1:colcon.colcon_core.shell:create_environment_hook('turtlebot3_autorace', 'cmake_prefix_path')
[1.895s] INFO:colcon.colcon_core.shell:Creating environment hook '/home/masters/ros2/install/turtlebot3_autorace/share/turtlebot3_autorace/hook/cmake_prefix_path.ps1'
[1.896s] INFO:colcon.colcon_core.shell:Creating environment descriptor '/home/masters/ros2/install/turtlebot3_autorace/share/turtlebot3_autorace/hook/cmake_prefix_path.dsv'
[1.896s] INFO:colcon.colcon_core.shell:Creating environment hook '/home/masters/ros2/install/turtlebot3_autorace/share/turtlebot3_autorace/hook/cmake_prefix_path.sh'
[1.896s] Level 1:colcon.colcon_core.environment:checking '/home/masters/ros2/install/turtlebot3_autorace/bin'
[1.896s] Level 1:colcon.colcon_core.environment:checking '/home/masters/ros2/install/turtlebot3_autorace/lib/pkgconfig/turtlebot3_autorace.pc'
[1.897s] Level 1:colcon.colcon_core.environment:checking '/home/masters/ros2/install/turtlebot3_autorace/lib/python3.10/site-packages'
[1.897s] Level 1:colcon.colcon_core.environment:checking '/home/masters/ros2/install/turtlebot3_autorace/bin'
[1.897s] INFO:colcon.colcon_core.shell:Creating package script '/home/masters/ros2/install/turtlebot3_autorace/share/turtlebot3_autorace/package.ps1'
[1.897s] INFO:colcon.colcon_core.shell:Creating package descriptor '/home/masters/ros2/install/turtlebot3_autorace/share/turtlebot3_autorace/package.dsv'
[1.898s] INFO:colcon.colcon_core.shell:Creating package script '/home/masters/ros2/install/turtlebot3_autorace/share/turtlebot3_autorace/package.sh'
[1.898s] INFO:colcon.colcon_core.shell:Creating package script '/home/masters/ros2/install/turtlebot3_autorace/share/turtlebot3_autorace/package.bash'
[1.899s] INFO:colcon.colcon_core.shell:Creating package script '/home/masters/ros2/install/turtlebot3_autorace/share/turtlebot3_autorace/package.zsh'
[1.899s] Level 1:colcon.colcon_core.environment:create_file_with_runtime_dependencies(/home/masters/ros2/install/turtlebot3_autorace/share/colcon-core/packages/turtlebot3_autorace)
[1.899s] DEBUG:colcon.colcon_parallel_executor.executor.parallel:closing loop
[1.899s] DEBUG:colcon.colcon_parallel_executor.executor.parallel:loop closed
[1.899s] DEBUG:colcon.colcon_parallel_executor.executor.parallel:run_until_complete finished with '0'
[1.899s] DEBUG:colcon.colcon_core.event_reactor:joining thread
[1.904s] INFO:colcon.colcon_core.plugin_system:Skipping extension 'colcon_notification.desktop_notification.terminal_notifier': Not used on non-Darwin systems
[1.904s] INFO:colcon.colcon_core.plugin_system:Skipping extension 'colcon_notification.desktop_notification.win32': Not used on non-Windows systems
[1.904s] INFO:colcon.colcon_notification.desktop_notification:Sending desktop notification using 'notify2'
[1.913s] DEBUG:colcon.colcon_core.event_reactor:joined thread
[1.913s] INFO:colcon.colcon_core.shell:Creating prefix script '/home/masters/ros2/install/local_setup.ps1'
[1.914s] INFO:colcon.colcon_core.shell:Creating prefix util module '/home/masters/ros2/install/_local_setup_util_ps1.py'
[1.915s] INFO:colcon.colcon_core.shell:Creating prefix chain script '/home/masters/ros2/install/setup.ps1'
[1.917s] INFO:colcon.colcon_core.shell:Creating prefix script '/home/masters/ros2/install/local_setup.sh'
[1.917s] INFO:colcon.colcon_core.shell:Creating prefix util module '/home/masters/ros2/install/_local_setup_util_sh.py'
[1.918s] INFO:colcon.colcon_core.shell:Creating prefix chain script '/home/masters/ros2/install/setup.sh'
[1.919s] INFO:colcon.colcon_core.shell:Creating prefix script '/home/masters/ros2/install/local_setup.bash'
[1.920s] INFO:colcon.colcon_core.shell:Creating prefix chain script '/home/masters/ros2/install/setup.bash'
[1.921s] INFO:colcon.colcon_core.shell:Creating prefix script '/home/masters/ros2/install/local_setup.zsh'
[1.922s] INFO:colcon.colcon_core.shell:Creating prefix chain script '/home/masters/ros2/install/setup.zsh'
