[0.104s] DEBUG:colcon:Command line arguments: ['/usr/bin/colcon', 'build']
[0.104s] DEBUG:colcon:Parsed command line arguments: Namespace(log_base=None, log_level=None, verb_name='build', build_base='build', install_base='install', merge_install=False, symlink_install=False, test_result_base=None, continue_on_error=False, executor='parallel', parallel_workers=16, event_handlers=None, ignore_user_meta=False, metas=['./colcon.meta'], base_paths=['.'], packages_ignore=None, packages_ignore_regex=None, paths=None, packages_up_to=None, packages_up_to_regex=None, packages_above=None, packages_above_and_dependencies=None, packages_above_depth=None, packages_select_by_dep=None, packages_skip_by_dep=None, packages_skip_up_to=None, packages_select_build_failed=False, packages_skip_build_finished=False, packages_select_test_failures=False, packages_skip_test_passed=False, packages_select=None, packages_skip=None, packages_select_regex=None, packages_skip_regex=None, packages_start=None, packages_end=None, allow_overriding=[], cmake_args=None, cmake_target=None, cmake_target_skip_unavailable=False, cmake_clean_cache=False, cmake_clean_first=False, cmake_force_configure=False, ament_cmake_args=None, catkin_cmake_args=None, catkin_skip_building_tests=False, mixin_files=None, mixin=None, verb_parser=<colcon_mixin.mixin.mixin_argument.MixinArgumentDecorator object at 0x7d0c55088430>, verb_extension=<colcon_core.verb.build.BuildVerb object at 0x7d0c55057dc0>, main=<bound method BuildVerb.main of <colcon_core.verb.build.BuildVerb object at 0x7d0c55057dc0>>, mixin_verb=('build',))
[0.253s] Level 1:colcon.colcon_core.package_discovery:discover_packages(colcon_meta) check parameters
[0.253s] Level 1:colcon.colcon_core.package_discovery:discover_packages(recursive) check parameters
[0.253s] Level 1:colcon.colcon_core.package_discovery:discover_packages(ignore) check parameters
[0.253s] Level 1:colcon.colcon_core.package_discovery:discover_packages(path) check parameters
[0.253s] Level 1:colcon.colcon_core.package_discovery:discover_packages(colcon_meta) discover
[0.253s] Level 1:colcon.colcon_core.package_discovery:discover_packages(recursive) discover
[0.253s] INFO:colcon.colcon_core.package_discovery:Crawling recursively for packages in '/home/masters/ros2/src'
[0.253s] Level 1:colcon.colcon_core.package_identification:_identify(.) by extensions ['ignore', 'ignore_ament_install']
[0.253s] Level 1:colcon.colcon_core.package_identification:_identify(.) by extension 'ignore'
[0.253s] Level 1:colcon.colcon_core.package_identification:_identify(.) by extension 'ignore_ament_install'
[0.253s] Level 1:colcon.colcon_core.package_identification:_identify(.) by extensions ['colcon_pkg']
[0.253s] Level 1:colcon.colcon_core.package_identification:_identify(.) by extension 'colcon_pkg'
[0.253s] Level 1:colcon.colcon_core.package_identification:_identify(.) by extensions ['colcon_meta']
[0.253s] Level 1:colcon.colcon_core.package_identification:_identify(.) by extension 'colcon_meta'
[0.253s] Level 1:colcon.colcon_core.package_identification:_identify(.) by extensions ['ros']
[0.253s] Level 1:colcon.colcon_core.package_identification:_identify(.) by extension 'ros'
[0.262s] Level 1:colcon.colcon_core.package_identification:_identify(.) by extensions ['cmake', 'python']
[0.262s] Level 1:colcon.colcon_core.package_identification:_identify(.) by extension 'cmake'
[0.262s] Level 1:colcon.colcon_core.package_identification:_identify(.) by extension 'python'
[0.262s] Level 1:colcon.colcon_core.package_identification:_identify(.) by extensions ['python_setup_py']
[0.262s] Level 1:colcon.colcon_core.package_identification:_identify(.) by extension 'python_setup_py'
[0.262s] Level 1:colcon.colcon_core.package_identification:_identify(build) by extensions ['ignore', 'ignore_ament_install']
[0.262s] Level 1:colcon.colcon_core.package_identification:_identify(build) by extension 'ignore'
[0.262s] Level 1:colcon.colcon_core.package_identification:_identify(build) ignored
[0.263s] Level 1:colcon.colcon_core.package_identification:_identify(install) by extensions ['ignore', 'ignore_ament_install']
[0.263s] Level 1:colcon.colcon_core.package_identification:_identify(install) by extension 'ignore'
[0.263s] Level 1:colcon.colcon_core.package_identification:_identify(install) ignored
[0.263s] Level 1:colcon.colcon_core.package_identification:_identify(log) by extensions ['ignore', 'ignore_ament_install']
[0.263s] Level 1:colcon.colcon_core.package_identification:_identify(log) by extension 'ignore'
[0.263s] Level 1:colcon.colcon_core.package_identification:_identify(log) ignored
[0.263s] Level 1:colcon.colcon_core.package_identification:_identify(sensor_fusion) by extensions ['ignore', 'ignore_ament_install']
[0.263s] Level 1:colcon.colcon_core.package_identification:_identify(sensor_fusion) by extension 'ignore'
[0.263s] Level 1:colcon.colcon_core.package_identification:_identify(sensor_fusion) by extension 'ignore_ament_install'
[0.263s] Level 1:colcon.colcon_core.package_identification:_identify(sensor_fusion) by extensions ['colcon_pkg']
[0.263s] Level 1:colcon.colcon_core.package_identification:_identify(sensor_fusion) by extension 'colcon_pkg'
[0.263s] Level 1:colcon.colcon_core.package_identification:_identify(sensor_fusion) by extensions ['colcon_meta']
[0.263s] Level 1:colcon.colcon_core.package_identification:_identify(sensor_fusion) by extension 'colcon_meta'
[0.263s] Level 1:colcon.colcon_core.package_identification:_identify(sensor_fusion) by extensions ['ros']
[0.263s] Level 1:colcon.colcon_core.package_identification:_identify(sensor_fusion) by extension 'ros'
[0.266s] DEBUG:colcon.colcon_core.package_identification:Package 'sensor_fusion' with type 'ros.ament_python' and name 'sensor_fusion'
[0.266s] Level 1:colcon.colcon_core.package_identification:_identify(turtlebot3_autorace) by extensions ['ignore', 'ignore_ament_install']
[0.266s] Level 1:colcon.colcon_core.package_identification:_identify(turtlebot3_autorace) by extension 'ignore'
[0.266s] Level 1:colcon.colcon_core.package_identification:_identify(turtlebot3_autorace) by extension 'ignore_ament_install'
[0.266s] Level 1:colcon.colcon_core.package_identification:_identify(turtlebot3_autorace) by extensions ['colcon_pkg']
[0.266s] Level 1:colcon.colcon_core.package_identification:_identify(turtlebot3_autorace) by extension 'colcon_pkg'
[0.266s] Level 1:colcon.colcon_core.package_identification:_identify(turtlebot3_autorace) by extensions ['colcon_meta']
[0.266s] Level 1:colcon.colcon_core.package_identification:_identify(turtlebot3_autorace) by extension 'colcon_meta'
[0.266s] Level 1:colcon.colcon_core.package_identification:_identify(turtlebot3_autorace) by extensions ['ros']
[0.266s] Level 1:colcon.colcon_core.package_identification:_identify(turtlebot3_autorace) by extension 'ros'
[0.266s] Level 1:colcon.colcon_core.package_identification:_identify(turtlebot3_autorace) by extensions ['cmake', 'python']
[0.266s] Level 1:colcon.colcon_core.package_identification:_identify(turtlebot3_autorace) by extension 'cmake'
[0.266s] Level 1:colcon.colcon_core.package_identification:_identify(turtlebot3_autorace) by extension 'python'
[0.266s] Level 1:colcon.colcon_core.package_identification:_identify(turtlebot3_autorace) by extensions ['python_setup_py']
[0.267s] Level 1:colcon.colcon_core.package_identification:_identify(turtlebot3_autorace) by extension 'python_setup_py'
[0.267s] Level 1:colcon.colcon_core.package_identification:_identify(turtlebot3_autorace/turtlebot3_autorace) by extensions ['ignore', 'ignore_ament_install']
[0.267s] Level 1:colcon.colcon_core.package_identification:_identify(turtlebot3_autorace/turtlebot3_autorace) by extension 'ignore'
[0.267s] Level 1:colcon.colcon_core.package_identification:_identify(turtlebot3_autorace/turtlebot3_autorace) by extension 'ignore_ament_install'
[0.267s] Level 1:colcon.colcon_core.package_identification:_identify(turtlebot3_autorace/turtlebot3_autorace) by extensions ['colcon_pkg']
[0.267s] Level 1:colcon.colcon_core.package_identification:_identify(turtlebot3_autorace/turtlebot3_autorace) by extension 'colcon_pkg'
[0.267s] Level 1:colcon.colcon_core.package_identification:_identify(turtlebot3_autorace/turtlebot3_autorace) by extensions ['colcon_meta']
[0.267s] Level 1:colcon.colcon_core.package_identification:_identify(turtlebot3_autorace/turtlebot3_autorace) by extension 'colcon_meta'
[0.267s] Level 1:colcon.colcon_core.package_identification:_identify(turtlebot3_autorace/turtlebot3_autorace) by extensions ['ros']
[0.267s] Level 1:colcon.colcon_core.package_identification:_identify(turtlebot3_autorace/turtlebot3_autorace) by extension 'ros'
[0.267s] DEBUG:colcon.colcon_core.package_identification:Package 'turtlebot3_autorace/turtlebot3_autorace' with type 'ros.ament_cmake' and name 'turtlebot3_autorace'
[0.268s] Level 1:colcon.colcon_core.package_identification:_identify(turtlebot3_autorace/turtlebot3_autorace_camera) by extensions ['ignore', 'ignore_ament_install']
[0.268s] Level 1:colcon.colcon_core.package_identification:_identify(turtlebot3_autorace/turtlebot3_autorace_camera) by extension 'ignore'
[0.268s] Level 1:colcon.colcon_core.package_identification:_identify(turtlebot3_autorace/turtlebot3_autorace_camera) by extension 'ignore_ament_install'
[0.268s] Level 1:colcon.colcon_core.package_identification:_identify(turtlebot3_autorace/turtlebot3_autorace_camera) by extensions ['colcon_pkg']
[0.268s] Level 1:colcon.colcon_core.package_identification:_identify(turtlebot3_autorace/turtlebot3_autorace_camera) by extension 'colcon_pkg'
[0.268s] Level 1:colcon.colcon_core.package_identification:_identify(turtlebot3_autorace/turtlebot3_autorace_camera) by extensions ['colcon_meta']
[0.268s] Level 1:colcon.colcon_core.package_identification:_identify(turtlebot3_autorace/turtlebot3_autorace_camera) by extension 'colcon_meta'
[0.268s] Level 1:colcon.colcon_core.package_identification:_identify(turtlebot3_autorace/turtlebot3_autorace_camera) by extensions ['ros']
[0.268s] Level 1:colcon.colcon_core.package_identification:_identify(turtlebot3_autorace/turtlebot3_autorace_camera) by extension 'ros'
[0.269s] DEBUG:colcon.colcon_core.package_identification:Package 'turtlebot3_autorace/turtlebot3_autorace_camera' with type 'ros.ament_python' and name 'turtlebot3_autorace_camera'
[0.269s] Level 1:colcon.colcon_core.package_identification:_identify(turtlebot3_autorace/turtlebot3_autorace_detect) by extensions ['ignore', 'ignore_ament_install']
[0.269s] Level 1:colcon.colcon_core.package_identification:_identify(turtlebot3_autorace/turtlebot3_autorace_detect) by extension 'ignore'
[0.269s] Level 1:colcon.colcon_core.package_identification:_identify(turtlebot3_autorace/turtlebot3_autorace_detect) by extension 'ignore_ament_install'
[0.269s] Level 1:colcon.colcon_core.package_identification:_identify(turtlebot3_autorace/turtlebot3_autorace_detect) by extensions ['colcon_pkg']
[0.269s] Level 1:colcon.colcon_core.package_identification:_identify(turtlebot3_autorace/turtlebot3_autorace_detect) by extension 'colcon_pkg'
[0.269s] Level 1:colcon.colcon_core.package_identification:_identify(turtlebot3_autorace/turtlebot3_autorace_detect) by extensions ['colcon_meta']
[0.269s] Level 1:colcon.colcon_core.package_identification:_identify(turtlebot3_autorace/turtlebot3_autorace_detect) by extension 'colcon_meta'
[0.269s] Level 1:colcon.colcon_core.package_identification:_identify(turtlebot3_autorace/turtlebot3_autorace_detect) by extensions ['ros']
[0.269s] Level 1:colcon.colcon_core.package_identification:_identify(turtlebot3_autorace/turtlebot3_autorace_detect) by extension 'ros'
[0.270s] DEBUG:colcon.colcon_core.package_identification:Package 'turtlebot3_autorace/turtlebot3_autorace_detect' with type 'ros.ament_python' and name 'turtlebot3_autorace_detect'
[0.270s] Level 1:colcon.colcon_core.package_identification:_identify(turtlebot3_autorace/turtlebot3_autorace_mission) by extensions ['ignore', 'ignore_ament_install']
[0.270s] Level 1:colcon.colcon_core.package_identification:_identify(turtlebot3_autorace/turtlebot3_autorace_mission) by extension 'ignore'
[0.270s] Level 1:colcon.colcon_core.package_identification:_identify(turtlebot3_autorace/turtlebot3_autorace_mission) by extension 'ignore_ament_install'
[0.270s] Level 1:colcon.colcon_core.package_identification:_identify(turtlebot3_autorace/turtlebot3_autorace_mission) by extensions ['colcon_pkg']
[0.270s] Level 1:colcon.colcon_core.package_identification:_identify(turtlebot3_autorace/turtlebot3_autorace_mission) by extension 'colcon_pkg'
[0.270s] Level 1:colcon.colcon_core.package_identification:_identify(turtlebot3_autorace/turtlebot3_autorace_mission) by extensions ['colcon_meta']
[0.270s] Level 1:colcon.colcon_core.package_identification:_identify(turtlebot3_autorace/turtlebot3_autorace_mission) by extension 'colcon_meta'
[0.270s] Level 1:colcon.colcon_core.package_identification:_identify(turtlebot3_autorace/turtlebot3_autorace_mission) by extensions ['ros']
[0.270s] Level 1:colcon.colcon_core.package_identification:_identify(turtlebot3_autorace/turtlebot3_autorace_mission) by extension 'ros'
[0.272s] DEBUG:colcon.colcon_core.package_identification:Package 'turtlebot3_autorace/turtlebot3_autorace_mission' with type 'ros.ament_python' and name 'turtlebot3_autorace_mission'
[0.272s] Level 1:colcon.colcon_core.package_discovery:discover_packages(recursive) using defaults
[0.272s] Level 1:colcon.colcon_core.package_discovery:discover_packages(ignore) discover
[0.272s] Level 1:colcon.colcon_core.package_discovery:discover_packages(ignore) using defaults
[0.272s] Level 1:colcon.colcon_core.package_discovery:discover_packages(path) discover
[0.272s] Level 1:colcon.colcon_core.package_discovery:discover_packages(path) using defaults
[0.295s] Level 1:colcon.colcon_core.package_discovery:discover_packages(prefix_path) check parameters
[0.295s] Level 1:colcon.colcon_core.package_discovery:discover_packages(prefix_path) discover
[0.298s] DEBUG:colcon.colcon_installed_package_information.package_discovery:Found 5 installed packages in /home/masters/ros2/install
[0.298s] DEBUG:colcon.colcon_installed_package_information.package_discovery:Found 16 installed packages in /home/masters/turtlebot3_ws/install
[0.299s] DEBUG:colcon.colcon_installed_package_information.package_discovery:Found 377 installed packages in /opt/ros/humble
[0.301s] Level 1:colcon.colcon_core.package_discovery:discover_packages(prefix_path) using defaults
[0.342s] Level 5:colcon.colcon_core.verb:set package 'sensor_fusion' build argument 'cmake_args' from command line to 'None'
[0.342s] Level 5:colcon.colcon_core.verb:set package 'sensor_fusion' build argument 'cmake_target' from command line to 'None'
[0.342s] Level 5:colcon.colcon_core.verb:set package 'sensor_fusion' build argument 'cmake_target_skip_unavailable' from command line to 'False'
[0.342s] Level 5:colcon.colcon_core.verb:set package 'sensor_fusion' build argument 'cmake_clean_cache' from command line to 'False'
[0.342s] Level 5:colcon.colcon_core.verb:set package 'sensor_fusion' build argument 'cmake_clean_first' from command line to 'False'
[0.342s] Level 5:colcon.colcon_core.verb:set package 'sensor_fusion' build argument 'cmake_force_configure' from command line to 'False'
[0.342s] Level 5:colcon.colcon_core.verb:set package 'sensor_fusion' build argument 'ament_cmake_args' from command line to 'None'
[0.342s] Level 5:colcon.colcon_core.verb:set package 'sensor_fusion' build argument 'catkin_cmake_args' from command line to 'None'
[0.342s] Level 5:colcon.colcon_core.verb:set package 'sensor_fusion' build argument 'catkin_skip_building_tests' from command line to 'False'
[0.342s] DEBUG:colcon.colcon_core.verb:Building package 'sensor_fusion' with the following arguments: {'ament_cmake_args': None, 'build_base': '/home/masters/ros2/src/build/sensor_fusion', 'catkin_cmake_args': None, 'catkin_skip_building_tests': False, 'cmake_args': None, 'cmake_clean_cache': False, 'cmake_clean_first': False, 'cmake_force_configure': False, 'cmake_target': None, 'cmake_target_skip_unavailable': False, 'install_base': '/home/masters/ros2/src/install/sensor_fusion', 'merge_install': False, 'path': '/home/masters/ros2/src/sensor_fusion', 'symlink_install': False, 'test_result_base': None}
[0.342s] Level 5:colcon.colcon_core.verb:set package 'turtlebot3_autorace_camera' build argument 'cmake_args' from command line to 'None'
[0.342s] Level 5:colcon.colcon_core.verb:set package 'turtlebot3_autorace_camera' build argument 'cmake_target' from command line to 'None'
[0.342s] Level 5:colcon.colcon_core.verb:set package 'turtlebot3_autorace_camera' build argument 'cmake_target_skip_unavailable' from command line to 'False'
[0.342s] Level 5:colcon.colcon_core.verb:set package 'turtlebot3_autorace_camera' build argument 'cmake_clean_cache' from command line to 'False'
[0.342s] Level 5:colcon.colcon_core.verb:set package 'turtlebot3_autorace_camera' build argument 'cmake_clean_first' from command line to 'False'
[0.342s] Level 5:colcon.colcon_core.verb:set package 'turtlebot3_autorace_camera' build argument 'cmake_force_configure' from command line to 'False'
[0.342s] Level 5:colcon.colcon_core.verb:set package 'turtlebot3_autorace_camera' build argument 'ament_cmake_args' from command line to 'None'
[0.342s] Level 5:colcon.colcon_core.verb:set package 'turtlebot3_autorace_camera' build argument 'catkin_cmake_args' from command line to 'None'
[0.342s] Level 5:colcon.colcon_core.verb:set package 'turtlebot3_autorace_camera' build argument 'catkin_skip_building_tests' from command line to 'False'
[0.342s] DEBUG:colcon.colcon_core.verb:Building package 'turtlebot3_autorace_camera' with the following arguments: {'ament_cmake_args': None, 'build_base': '/home/masters/ros2/src/build/turtlebot3_autorace_camera', 'catkin_cmake_args': None, 'catkin_skip_building_tests': False, 'cmake_args': None, 'cmake_clean_cache': False, 'cmake_clean_first': False, 'cmake_force_configure': False, 'cmake_target': None, 'cmake_target_skip_unavailable': False, 'install_base': '/home/masters/ros2/src/install/turtlebot3_autorace_camera', 'merge_install': False, 'path': '/home/masters/ros2/src/turtlebot3_autorace/turtlebot3_autorace_camera', 'symlink_install': False, 'test_result_base': None}
[0.343s] Level 5:colcon.colcon_core.verb:set package 'turtlebot3_autorace_detect' build argument 'cmake_args' from command line to 'None'
[0.343s] Level 5:colcon.colcon_core.verb:set package 'turtlebot3_autorace_detect' build argument 'cmake_target' from command line to 'None'
[0.343s] Level 5:colcon.colcon_core.verb:set package 'turtlebot3_autorace_detect' build argument 'cmake_target_skip_unavailable' from command line to 'False'
[0.343s] Level 5:colcon.colcon_core.verb:set package 'turtlebot3_autorace_detect' build argument 'cmake_clean_cache' from command line to 'False'
[0.343s] Level 5:colcon.colcon_core.verb:set package 'turtlebot3_autorace_detect' build argument 'cmake_clean_first' from command line to 'False'
[0.343s] Level 5:colcon.colcon_core.verb:set package 'turtlebot3_autorace_detect' build argument 'cmake_force_configure' from command line to 'False'
[0.343s] Level 5:colcon.colcon_core.verb:set package 'turtlebot3_autorace_detect' build argument 'ament_cmake_args' from command line to 'None'
[0.343s] Level 5:colcon.colcon_core.verb:set package 'turtlebot3_autorace_detect' build argument 'catkin_cmake_args' from command line to 'None'
[0.343s] Level 5:colcon.colcon_core.verb:set package 'turtlebot3_autorace_detect' build argument 'catkin_skip_building_tests' from command line to 'False'
[0.343s] DEBUG:colcon.colcon_core.verb:Building package 'turtlebot3_autorace_detect' with the following arguments: {'ament_cmake_args': None, 'build_base': '/home/masters/ros2/src/build/turtlebot3_autorace_detect', 'catkin_cmake_args': None, 'catkin_skip_building_tests': False, 'cmake_args': None, 'cmake_clean_cache': False, 'cmake_clean_first': False, 'cmake_force_configure': False, 'cmake_target': None, 'cmake_target_skip_unavailable': False, 'install_base': '/home/masters/ros2/src/install/turtlebot3_autorace_detect', 'merge_install': False, 'path': '/home/masters/ros2/src/turtlebot3_autorace/turtlebot3_autorace_detect', 'symlink_install': False, 'test_result_base': None}
[0.343s] Level 5:colcon.colcon_core.verb:set package 'turtlebot3_autorace_mission' build argument 'cmake_args' from command line to 'None'
[0.343s] Level 5:colcon.colcon_core.verb:set package 'turtlebot3_autorace_mission' build argument 'cmake_target' from command line to 'None'
[0.343s] Level 5:colcon.colcon_core.verb:set package 'turtlebot3_autorace_mission' build argument 'cmake_target_skip_unavailable' from command line to 'False'
[0.343s] Level 5:colcon.colcon_core.verb:set package 'turtlebot3_autorace_mission' build argument 'cmake_clean_cache' from command line to 'False'
[0.343s] Level 5:colcon.colcon_core.verb:set package 'turtlebot3_autorace_mission' build argument 'cmake_clean_first' from command line to 'False'
[0.343s] Level 5:colcon.colcon_core.verb:set package 'turtlebot3_autorace_mission' build argument 'cmake_force_configure' from command line to 'False'
[0.343s] Level 5:colcon.colcon_core.verb:set package 'turtlebot3_autorace_mission' build argument 'ament_cmake_args' from command line to 'None'
[0.343s] Level 5:colcon.colcon_core.verb:set package 'turtlebot3_autorace_mission' build argument 'catkin_cmake_args' from command line to 'None'
[0.343s] Level 5:colcon.colcon_core.verb:set package 'turtlebot3_autorace_mission' build argument 'catkin_skip_building_tests' from command line to 'False'
[0.343s] DEBUG:colcon.colcon_core.verb:Building package 'turtlebot3_autorace_mission' with the following arguments: {'ament_cmake_args': None, 'build_base': '/home/masters/ros2/src/build/turtlebot3_autorace_mission', 'catkin_cmake_args': None, 'catkin_skip_building_tests': False, 'cmake_args': None, 'cmake_clean_cache': False, 'cmake_clean_first': False, 'cmake_force_configure': False, 'cmake_target': None, 'cmake_target_skip_unavailable': False, 'install_base': '/home/masters/ros2/src/install/turtlebot3_autorace_mission', 'merge_install': False, 'path': '/home/masters/ros2/src/turtlebot3_autorace/turtlebot3_autorace_mission', 'symlink_install': False, 'test_result_base': None}
[0.344s] Level 5:colcon.colcon_core.verb:set package 'turtlebot3_autorace' build argument 'cmake_args' from command line to 'None'
[0.344s] Level 5:colcon.colcon_core.verb:set package 'turtlebot3_autorace' build argument 'cmake_target' from command line to 'None'
[0.344s] Level 5:colcon.colcon_core.verb:set package 'turtlebot3_autorace' build argument 'cmake_target_skip_unavailable' from command line to 'False'
[0.344s] Level 5:colcon.colcon_core.verb:set package 'turtlebot3_autorace' build argument 'cmake_clean_cache' from command line to 'False'
[0.344s] Level 5:colcon.colcon_core.verb:set package 'turtlebot3_autorace' build argument 'cmake_clean_first' from command line to 'False'
[0.344s] Level 5:colcon.colcon_core.verb:set package 'turtlebot3_autorace' build argument 'cmake_force_configure' from command line to 'False'
[0.344s] Level 5:colcon.colcon_core.verb:set package 'turtlebot3_autorace' build argument 'ament_cmake_args' from command line to 'None'
[0.344s] Level 5:colcon.colcon_core.verb:set package 'turtlebot3_autorace' build argument 'catkin_cmake_args' from command line to 'None'
[0.344s] Level 5:colcon.colcon_core.verb:set package 'turtlebot3_autorace' build argument 'catkin_skip_building_tests' from command line to 'False'
[0.344s] DEBUG:colcon.colcon_core.verb:Building package 'turtlebot3_autorace' with the following arguments: {'ament_cmake_args': None, 'build_base': '/home/masters/ros2/src/build/turtlebot3_autorace', 'catkin_cmake_args': None, 'catkin_skip_building_tests': False, 'cmake_args': None, 'cmake_clean_cache': False, 'cmake_clean_first': False, 'cmake_force_configure': False, 'cmake_target': None, 'cmake_target_skip_unavailable': False, 'install_base': '/home/masters/ros2/src/install/turtlebot3_autorace', 'merge_install': False, 'path': '/home/masters/ros2/src/turtlebot3_autorace/turtlebot3_autorace', 'symlink_install': False, 'test_result_base': None}
[0.344s] INFO:colcon.colcon_core.executor:Executing jobs using 'parallel' executor
[0.345s] DEBUG:colcon.colcon_parallel_executor.executor.parallel:run_until_complete
[0.345s] INFO:colcon.colcon_ros.task.ament_python.build:Building ROS package in '/home/masters/ros2/src/turtlebot3_autorace/turtlebot3_autorace_camera' with build type 'ament_python'
[0.345s] Level 1:colcon.colcon_core.shell:create_environment_hook('turtlebot3_autorace_camera', 'ament_prefix_path')
[0.347s] INFO:colcon.colcon_core.plugin_system:Skipping extension 'colcon_core.shell.bat': Not used on non-Windows systems
[0.347s] INFO:colcon.colcon_core.shell:Creating environment hook '/home/masters/ros2/src/install/turtlebot3_autorace_camera/share/turtlebot3_autorace_camera/hook/ament_prefix_path.ps1'
[0.348s] INFO:colcon.colcon_core.shell:Creating environment descriptor '/home/masters/ros2/src/install/turtlebot3_autorace_camera/share/turtlebot3_autorace_camera/hook/ament_prefix_path.dsv'
[0.348s] INFO:colcon.colcon_core.shell:Creating environment hook '/home/masters/ros2/src/install/turtlebot3_autorace_camera/share/turtlebot3_autorace_camera/hook/ament_prefix_path.sh'
[0.348s] INFO:colcon.colcon_core.shell:Skip shell extension 'powershell' for command environment: Not usable outside of PowerShell
[0.348s] DEBUG:colcon.colcon_core.shell:Skip shell extension 'dsv' for command environment
[0.352s] INFO:colcon.colcon_ros.task.ament_python.build:Building ROS package in '/home/masters/ros2/src/turtlebot3_autorace/turtlebot3_autorace_detect' with build type 'ament_python'
[0.352s] Level 1:colcon.colcon_core.shell:create_environment_hook('turtlebot3_autorace_detect', 'ament_prefix_path')
[0.352s] INFO:colcon.colcon_core.shell:Creating environment hook '/home/masters/ros2/src/install/turtlebot3_autorace_detect/share/turtlebot3_autorace_detect/hook/ament_prefix_path.ps1'
[0.353s] INFO:colcon.colcon_core.shell:Creating environment descriptor '/home/masters/ros2/src/install/turtlebot3_autorace_detect/share/turtlebot3_autorace_detect/hook/ament_prefix_path.dsv'
[0.353s] INFO:colcon.colcon_core.shell:Creating environment hook '/home/masters/ros2/src/install/turtlebot3_autorace_detect/share/turtlebot3_autorace_detect/hook/ament_prefix_path.sh'
[0.354s] INFO:colcon.colcon_core.shell:Skip shell extension 'powershell' for command environment: Not usable outside of PowerShell
[0.354s] DEBUG:colcon.colcon_core.shell:Skip shell extension 'dsv' for command environment
[0.357s] INFO:colcon.colcon_ros.task.ament_python.build:Building ROS package in '/home/masters/ros2/src/turtlebot3_autorace/turtlebot3_autorace_mission' with build type 'ament_python'
[0.358s] Level 1:colcon.colcon_core.shell:create_environment_hook('turtlebot3_autorace_mission', 'ament_prefix_path')
[0.358s] INFO:colcon.colcon_core.shell:Creating environment hook '/home/masters/ros2/src/install/turtlebot3_autorace_mission/share/turtlebot3_autorace_mission/hook/ament_prefix_path.ps1'
[0.358s] INFO:colcon.colcon_core.shell:Creating environment descriptor '/home/masters/ros2/src/install/turtlebot3_autorace_mission/share/turtlebot3_autorace_mission/hook/ament_prefix_path.dsv'
[0.359s] INFO:colcon.colcon_core.shell:Creating environment hook '/home/masters/ros2/src/install/turtlebot3_autorace_mission/share/turtlebot3_autorace_mission/hook/ament_prefix_path.sh'
[0.359s] INFO:colcon.colcon_core.shell:Skip shell extension 'powershell' for command environment: Not usable outside of PowerShell
[0.359s] DEBUG:colcon.colcon_core.shell:Skip shell extension 'dsv' for command environment
[0.363s] INFO:colcon.colcon_ros.task.ament_python.build:Building ROS package in '/home/masters/ros2/src/sensor_fusion' with build type 'ament_python'
[0.363s] Level 1:colcon.colcon_core.shell:create_environment_hook('sensor_fusion', 'ament_prefix_path')
[0.363s] INFO:colcon.colcon_core.shell:Creating environment hook '/home/masters/ros2/src/install/sensor_fusion/share/sensor_fusion/hook/ament_prefix_path.ps1'
[0.364s] INFO:colcon.colcon_core.shell:Creating environment descriptor '/home/masters/ros2/src/install/sensor_fusion/share/sensor_fusion/hook/ament_prefix_path.dsv'
[0.364s] INFO:colcon.colcon_core.shell:Creating environment hook '/home/masters/ros2/src/install/sensor_fusion/share/sensor_fusion/hook/ament_prefix_path.sh'
[0.364s] INFO:colcon.colcon_core.shell:Skip shell extension 'powershell' for command environment: Not usable outside of PowerShell
[0.364s] DEBUG:colcon.colcon_core.shell:Skip shell extension 'dsv' for command environment
[0.593s] INFO:colcon.colcon_core.task.python.build:Building Python package in '/home/masters/ros2/src/turtlebot3_autorace/turtlebot3_autorace_camera'
[0.593s] INFO:colcon.colcon_core.shell:Skip shell extension 'powershell' for command environment: Not usable outside of PowerShell
[0.593s] DEBUG:colcon.colcon_core.shell:Skip shell extension 'dsv' for command environment
[0.815s] INFO:colcon.colcon_core.task.python.build:Building Python package in '/home/masters/ros2/src/turtlebot3_autorace/turtlebot3_autorace_detect'
[0.815s] INFO:colcon.colcon_core.shell:Skip shell extension 'powershell' for command environment: Not usable outside of PowerShell
[0.815s] DEBUG:colcon.colcon_core.shell:Skip shell extension 'dsv' for command environment
[1.042s] INFO:colcon.colcon_core.task.python.build:Building Python package in '/home/masters/ros2/src/turtlebot3_autorace/turtlebot3_autorace_mission'
[1.042s] INFO:colcon.colcon_core.shell:Skip shell extension 'powershell' for command environment: Not usable outside of PowerShell
[1.042s] DEBUG:colcon.colcon_core.shell:Skip shell extension 'dsv' for command environment
[1.262s] INFO:colcon.colcon_core.task.python.build:Building Python package in '/home/masters/ros2/src/sensor_fusion'
[1.262s] INFO:colcon.colcon_core.shell:Skip shell extension 'powershell' for command environment: Not usable outside of PowerShell
[1.262s] DEBUG:colcon.colcon_core.shell:Skip shell extension 'dsv' for command environment
[1.585s] DEBUG:colcon.colcon_core.event_handler.log_command:Invoking command in '/home/masters/ros2/src/sensor_fusion': PYTHONPATH=/home/masters/ros2/src/build/sensor_fusion/prefix_override:/usr/lib/python3/dist-packages/colcon_core/task/python/colcon_distutils_commands:/home/masters/ros2/src/install/sensor_fusion/lib/python3.10/site-packages:${PYTHONPATH} /usr/bin/python3 -W ignore:setup.py install is deprecated -W ignore:easy_install command is deprecated setup.py egg_info --egg-base ../build/sensor_fusion build --build-base /home/masters/ros2/src/build/sensor_fusion/build install --record /home/masters/ros2/src/build/sensor_fusion/install.log --single-version-externally-managed install_data
[1.589s] DEBUG:colcon.colcon_core.event_handler.log_command:Invoking command in '/home/masters/ros2/src/turtlebot3_autorace/turtlebot3_autorace_camera': PYTHONPATH=/home/masters/ros2/src/build/turtlebot3_autorace_camera/prefix_override:/usr/lib/python3/dist-packages/colcon_core/task/python/colcon_distutils_commands:/home/masters/ros2/src/install/turtlebot3_autorace_camera/lib/python3.10/site-packages:${PYTHONPATH} /usr/bin/python3 -W ignore:setup.py install is deprecated -W ignore:easy_install command is deprecated setup.py egg_info --egg-base ../../build/turtlebot3_autorace_camera build --build-base /home/masters/ros2/src/build/turtlebot3_autorace_camera/build install --record /home/masters/ros2/src/build/turtlebot3_autorace_camera/install.log --single-version-externally-managed install_data
[1.607s] DEBUG:colcon.colcon_core.event_handler.log_command:Invoking command in '/home/masters/ros2/src/turtlebot3_autorace/turtlebot3_autorace_mission': PYTHONPATH=/home/masters/ros2/src/build/turtlebot3_autorace_mission/prefix_override:/usr/lib/python3/dist-packages/colcon_core/task/python/colcon_distutils_commands:/home/masters/ros2/src/install/turtlebot3_autorace_mission/lib/python3.10/site-packages:${PYTHONPATH} /usr/bin/python3 -W ignore:setup.py install is deprecated -W ignore:easy_install command is deprecated setup.py egg_info --egg-base ../../build/turtlebot3_autorace_mission build --build-base /home/masters/ros2/src/build/turtlebot3_autorace_mission/build install --record /home/masters/ros2/src/build/turtlebot3_autorace_mission/install.log --single-version-externally-managed install_data
[1.608s] DEBUG:colcon.colcon_core.event_handler.log_command:Invoking command in '/home/masters/ros2/src/turtlebot3_autorace/turtlebot3_autorace_detect': PYTHONPATH=/home/masters/ros2/src/build/turtlebot3_autorace_detect/prefix_override:/usr/lib/python3/dist-packages/colcon_core/task/python/colcon_distutils_commands:/home/masters/ros2/src/install/turtlebot3_autorace_detect/lib/python3.10/site-packages:${PYTHONPATH} /usr/bin/python3 -W ignore:setup.py install is deprecated -W ignore:easy_install command is deprecated setup.py egg_info --egg-base ../../build/turtlebot3_autorace_detect build --build-base /home/masters/ros2/src/build/turtlebot3_autorace_detect/build install --record /home/masters/ros2/src/build/turtlebot3_autorace_detect/install.log --single-version-externally-managed install_data
[1.864s] DEBUG:colcon.colcon_core.event_handler.log_command:Invoked command in '/home/masters/ros2/src/sensor_fusion' returned '0': PYTHONPATH=/home/masters/ros2/src/build/sensor_fusion/prefix_override:/usr/lib/python3/dist-packages/colcon_core/task/python/colcon_distutils_commands:/home/masters/ros2/src/install/sensor_fusion/lib/python3.10/site-packages:${PYTHONPATH} /usr/bin/python3 -W ignore:setup.py install is deprecated -W ignore:easy_install command is deprecated setup.py egg_info --egg-base ../build/sensor_fusion build --build-base /home/masters/ros2/src/build/sensor_fusion/build install --record /home/masters/ros2/src/build/sensor_fusion/install.log --single-version-externally-managed install_data
[1.868s] Level 1:colcon.colcon_core.environment:checking '/home/masters/ros2/src/install/sensor_fusion' for CMake module files
[1.869s] Level 1:colcon.colcon_core.environment:checking '/home/masters/ros2/src/install/sensor_fusion' for CMake config files
[1.869s] Level 1:colcon.colcon_core.environment:checking '/home/masters/ros2/src/install/sensor_fusion/lib'
[1.870s] Level 1:colcon.colcon_core.environment:checking '/home/masters/ros2/src/install/sensor_fusion/bin'
[1.870s] Level 1:colcon.colcon_core.environment:checking '/home/masters/ros2/src/install/sensor_fusion/lib/pkgconfig/sensor_fusion.pc'
[1.870s] Level 1:colcon.colcon_core.environment:checking '/home/masters/ros2/src/install/sensor_fusion/lib/python3.10/site-packages'
[1.870s] Level 1:colcon.colcon_core.shell:create_environment_hook('sensor_fusion', 'pythonpath')
[1.871s] INFO:colcon.colcon_core.shell:Creating environment hook '/home/masters/ros2/src/install/sensor_fusion/share/sensor_fusion/hook/pythonpath.ps1'
[1.871s] INFO:colcon.colcon_core.shell:Creating environment descriptor '/home/masters/ros2/src/install/sensor_fusion/share/sensor_fusion/hook/pythonpath.dsv'
[1.872s] INFO:colcon.colcon_core.shell:Creating environment hook '/home/masters/ros2/src/install/sensor_fusion/share/sensor_fusion/hook/pythonpath.sh'
[1.873s] Level 1:colcon.colcon_core.environment:checking '/home/masters/ros2/src/install/sensor_fusion/bin'
[1.873s] Level 1:colcon.colcon_core.environment:create_environment_scripts_only(sensor_fusion)
[1.873s] INFO:colcon.colcon_core.shell:Creating package script '/home/masters/ros2/src/install/sensor_fusion/share/sensor_fusion/package.ps1'
[1.874s] INFO:colcon.colcon_core.shell:Creating package descriptor '/home/masters/ros2/src/install/sensor_fusion/share/sensor_fusion/package.dsv'
[1.876s] INFO:colcon.colcon_core.shell:Creating package script '/home/masters/ros2/src/install/sensor_fusion/share/sensor_fusion/package.sh'
[1.877s] INFO:colcon.colcon_core.shell:Creating package script '/home/masters/ros2/src/install/sensor_fusion/share/sensor_fusion/package.bash'
[1.877s] INFO:colcon.colcon_core.shell:Creating package script '/home/masters/ros2/src/install/sensor_fusion/share/sensor_fusion/package.zsh'
[1.878s] Level 1:colcon.colcon_core.environment:create_file_with_runtime_dependencies(/home/masters/ros2/src/install/sensor_fusion/share/colcon-core/packages/sensor_fusion)
[1.879s] Level 1:colcon.colcon_core.environment:checking '/home/masters/ros2/src/install/turtlebot3_autorace_camera' for CMake module files
[1.880s] DEBUG:colcon.colcon_core.event_handler.log_command:Invoked command in '/home/masters/ros2/src/turtlebot3_autorace/turtlebot3_autorace_camera' returned '0': PYTHONPATH=/home/masters/ros2/src/build/turtlebot3_autorace_camera/prefix_override:/usr/lib/python3/dist-packages/colcon_core/task/python/colcon_distutils_commands:/home/masters/ros2/src/install/turtlebot3_autorace_camera/lib/python3.10/site-packages:${PYTHONPATH} /usr/bin/python3 -W ignore:setup.py install is deprecated -W ignore:easy_install command is deprecated setup.py egg_info --egg-base ../../build/turtlebot3_autorace_camera build --build-base /home/masters/ros2/src/build/turtlebot3_autorace_camera/build install --record /home/masters/ros2/src/build/turtlebot3_autorace_camera/install.log --single-version-externally-managed install_data
[1.880s] Level 1:colcon.colcon_core.environment:checking '/home/masters/ros2/src/install/turtlebot3_autorace_camera' for CMake config files
[1.881s] Level 1:colcon.colcon_core.environment:checking '/home/masters/ros2/src/install/turtlebot3_autorace_camera/lib'
[1.881s] Level 1:colcon.colcon_core.environment:checking '/home/masters/ros2/src/install/turtlebot3_autorace_camera/bin'
[1.881s] Level 1:colcon.colcon_core.environment:checking '/home/masters/ros2/src/install/turtlebot3_autorace_camera/lib/pkgconfig/turtlebot3_autorace_camera.pc'
[1.882s] Level 1:colcon.colcon_core.environment:checking '/home/masters/ros2/src/install/turtlebot3_autorace_camera/lib/python3.10/site-packages'
[1.882s] Level 1:colcon.colcon_core.shell:create_environment_hook('turtlebot3_autorace_camera', 'pythonpath')
[1.882s] INFO:colcon.colcon_core.shell:Creating environment hook '/home/masters/ros2/src/install/turtlebot3_autorace_camera/share/turtlebot3_autorace_camera/hook/pythonpath.ps1'
[1.883s] INFO:colcon.colcon_core.shell:Creating environment descriptor '/home/masters/ros2/src/install/turtlebot3_autorace_camera/share/turtlebot3_autorace_camera/hook/pythonpath.dsv'
[1.883s] INFO:colcon.colcon_core.shell:Creating environment hook '/home/masters/ros2/src/install/turtlebot3_autorace_camera/share/turtlebot3_autorace_camera/hook/pythonpath.sh'
[1.884s] Level 1:colcon.colcon_core.environment:checking '/home/masters/ros2/src/install/turtlebot3_autorace_camera/bin'
[1.884s] Level 1:colcon.colcon_core.environment:create_environment_scripts_only(turtlebot3_autorace_camera)
[1.885s] INFO:colcon.colcon_core.shell:Creating package script '/home/masters/ros2/src/install/turtlebot3_autorace_camera/share/turtlebot3_autorace_camera/package.ps1'
[1.885s] INFO:colcon.colcon_core.shell:Creating package descriptor '/home/masters/ros2/src/install/turtlebot3_autorace_camera/share/turtlebot3_autorace_camera/package.dsv'
[1.886s] INFO:colcon.colcon_core.shell:Creating package script '/home/masters/ros2/src/install/turtlebot3_autorace_camera/share/turtlebot3_autorace_camera/package.sh'
[1.886s] INFO:colcon.colcon_core.shell:Creating package script '/home/masters/ros2/src/install/turtlebot3_autorace_camera/share/turtlebot3_autorace_camera/package.bash'
[1.887s] INFO:colcon.colcon_core.shell:Creating package script '/home/masters/ros2/src/install/turtlebot3_autorace_camera/share/turtlebot3_autorace_camera/package.zsh'
[1.887s] Level 1:colcon.colcon_core.environment:create_file_with_runtime_dependencies(/home/masters/ros2/src/install/turtlebot3_autorace_camera/share/colcon-core/packages/turtlebot3_autorace_camera)
[1.889s] Level 1:colcon.colcon_core.environment:checking '/home/masters/ros2/src/install/turtlebot3_autorace_detect' for CMake module files
[1.890s] DEBUG:colcon.colcon_core.event_handler.log_command:Invoked command in '/home/masters/ros2/src/turtlebot3_autorace/turtlebot3_autorace_detect' returned '0': PYTHONPATH=/home/masters/ros2/src/build/turtlebot3_autorace_detect/prefix_override:/usr/lib/python3/dist-packages/colcon_core/task/python/colcon_distutils_commands:/home/masters/ros2/src/install/turtlebot3_autorace_detect/lib/python3.10/site-packages:${PYTHONPATH} /usr/bin/python3 -W ignore:setup.py install is deprecated -W ignore:easy_install command is deprecated setup.py egg_info --egg-base ../../build/turtlebot3_autorace_detect build --build-base /home/masters/ros2/src/build/turtlebot3_autorace_detect/build install --record /home/masters/ros2/src/build/turtlebot3_autorace_detect/install.log --single-version-externally-managed install_data
[1.890s] Level 1:colcon.colcon_core.environment:checking '/home/masters/ros2/src/install/turtlebot3_autorace_detect' for CMake config files
[1.891s] Level 1:colcon.colcon_core.environment:checking '/home/masters/ros2/src/install/turtlebot3_autorace_detect/lib'
[1.891s] Level 1:colcon.colcon_core.environment:checking '/home/masters/ros2/src/install/turtlebot3_autorace_detect/bin'
[1.891s] Level 1:colcon.colcon_core.environment:checking '/home/masters/ros2/src/install/turtlebot3_autorace_detect/lib/pkgconfig/turtlebot3_autorace_detect.pc'
[1.891s] Level 1:colcon.colcon_core.environment:checking '/home/masters/ros2/src/install/turtlebot3_autorace_detect/lib/python3.10/site-packages'
[1.891s] Level 1:colcon.colcon_core.shell:create_environment_hook('turtlebot3_autorace_detect', 'pythonpath')
[1.892s] INFO:colcon.colcon_core.shell:Creating environment hook '/home/masters/ros2/src/install/turtlebot3_autorace_detect/share/turtlebot3_autorace_detect/hook/pythonpath.ps1'
[1.892s] INFO:colcon.colcon_core.shell:Creating environment descriptor '/home/masters/ros2/src/install/turtlebot3_autorace_detect/share/turtlebot3_autorace_detect/hook/pythonpath.dsv'
[1.893s] INFO:colcon.colcon_core.shell:Creating environment hook '/home/masters/ros2/src/install/turtlebot3_autorace_detect/share/turtlebot3_autorace_detect/hook/pythonpath.sh'
[1.893s] Level 1:colcon.colcon_core.environment:checking '/home/masters/ros2/src/install/turtlebot3_autorace_detect/bin'
[1.894s] Level 1:colcon.colcon_core.environment:create_environment_scripts_only(turtlebot3_autorace_detect)
[1.894s] INFO:colcon.colcon_core.shell:Creating package script '/home/masters/ros2/src/install/turtlebot3_autorace_detect/share/turtlebot3_autorace_detect/package.ps1'
[1.895s] INFO:colcon.colcon_core.shell:Creating package descriptor '/home/masters/ros2/src/install/turtlebot3_autorace_detect/share/turtlebot3_autorace_detect/package.dsv'
[1.895s] INFO:colcon.colcon_core.shell:Creating package script '/home/masters/ros2/src/install/turtlebot3_autorace_detect/share/turtlebot3_autorace_detect/package.sh'
[1.896s] INFO:colcon.colcon_core.shell:Creating package script '/home/masters/ros2/src/install/turtlebot3_autorace_detect/share/turtlebot3_autorace_detect/package.bash'
[1.896s] INFO:colcon.colcon_core.shell:Creating package script '/home/masters/ros2/src/install/turtlebot3_autorace_detect/share/turtlebot3_autorace_detect/package.zsh'
[1.897s] Level 1:colcon.colcon_core.environment:create_file_with_runtime_dependencies(/home/masters/ros2/src/install/turtlebot3_autorace_detect/share/colcon-core/packages/turtlebot3_autorace_detect)
[1.904s] Level 1:colcon.colcon_core.environment:checking '/home/masters/ros2/src/install/turtlebot3_autorace_mission' for CMake module files
[1.905s] DEBUG:colcon.colcon_core.event_handler.log_command:Invoked command in '/home/masters/ros2/src/turtlebot3_autorace/turtlebot3_autorace_mission' returned '0': PYTHONPATH=/home/masters/ros2/src/build/turtlebot3_autorace_mission/prefix_override:/usr/lib/python3/dist-packages/colcon_core/task/python/colcon_distutils_commands:/home/masters/ros2/src/install/turtlebot3_autorace_mission/lib/python3.10/site-packages:${PYTHONPATH} /usr/bin/python3 -W ignore:setup.py install is deprecated -W ignore:easy_install command is deprecated setup.py egg_info --egg-base ../../build/turtlebot3_autorace_mission build --build-base /home/masters/ros2/src/build/turtlebot3_autorace_mission/build install --record /home/masters/ros2/src/build/turtlebot3_autorace_mission/install.log --single-version-externally-managed install_data
[1.905s] Level 1:colcon.colcon_core.environment:checking '/home/masters/ros2/src/install/turtlebot3_autorace_mission' for CMake config files
[1.906s] Level 1:colcon.colcon_core.environment:checking '/home/masters/ros2/src/install/turtlebot3_autorace_mission/lib'
[1.906s] Level 1:colcon.colcon_core.environment:checking '/home/masters/ros2/src/install/turtlebot3_autorace_mission/bin'
[1.906s] Level 1:colcon.colcon_core.environment:checking '/home/masters/ros2/src/install/turtlebot3_autorace_mission/lib/pkgconfig/turtlebot3_autorace_mission.pc'
[1.906s] Level 1:colcon.colcon_core.environment:checking '/home/masters/ros2/src/install/turtlebot3_autorace_mission/lib/python3.10/site-packages'
[1.906s] Level 1:colcon.colcon_core.shell:create_environment_hook('turtlebot3_autorace_mission', 'pythonpath')
[1.906s] INFO:colcon.colcon_core.shell:Creating environment hook '/home/masters/ros2/src/install/turtlebot3_autorace_mission/share/turtlebot3_autorace_mission/hook/pythonpath.ps1'
[1.907s] INFO:colcon.colcon_core.shell:Creating environment descriptor '/home/masters/ros2/src/install/turtlebot3_autorace_mission/share/turtlebot3_autorace_mission/hook/pythonpath.dsv'
[1.907s] INFO:colcon.colcon_core.shell:Creating environment hook '/home/masters/ros2/src/install/turtlebot3_autorace_mission/share/turtlebot3_autorace_mission/hook/pythonpath.sh'
[1.908s] Level 1:colcon.colcon_core.environment:checking '/home/masters/ros2/src/install/turtlebot3_autorace_mission/bin'
[1.908s] Level 1:colcon.colcon_core.environment:create_environment_scripts_only(turtlebot3_autorace_mission)
[1.908s] INFO:colcon.colcon_core.shell:Creating package script '/home/masters/ros2/src/install/turtlebot3_autorace_mission/share/turtlebot3_autorace_mission/package.ps1'
[1.908s] INFO:colcon.colcon_core.shell:Creating package descriptor '/home/masters/ros2/src/install/turtlebot3_autorace_mission/share/turtlebot3_autorace_mission/package.dsv'
[1.909s] INFO:colcon.colcon_core.shell:Creating package script '/home/masters/ros2/src/install/turtlebot3_autorace_mission/share/turtlebot3_autorace_mission/package.sh'
[1.909s] INFO:colcon.colcon_core.shell:Creating package script '/home/masters/ros2/src/install/turtlebot3_autorace_mission/share/turtlebot3_autorace_mission/package.bash'
[1.910s] INFO:colcon.colcon_core.shell:Creating package script '/home/masters/ros2/src/install/turtlebot3_autorace_mission/share/turtlebot3_autorace_mission/package.zsh'
[1.910s] Level 1:colcon.colcon_core.environment:create_file_with_runtime_dependencies(/home/masters/ros2/src/install/turtlebot3_autorace_mission/share/colcon-core/packages/turtlebot3_autorace_mission)
[1.910s] INFO:colcon.colcon_ros.task.ament_cmake.build:Building ROS package in '/home/masters/ros2/src/turtlebot3_autorace/turtlebot3_autorace' with build type 'ament_cmake'
[1.910s] INFO:colcon.colcon_cmake.task.cmake.build:Building CMake package in '/home/masters/ros2/src/turtlebot3_autorace/turtlebot3_autorace'
[1.911s] INFO:colcon.colcon_core.shell:Skip shell extension 'powershell' for command environment: Not usable outside of PowerShell
[1.911s] DEBUG:colcon.colcon_core.shell:Skip shell extension 'dsv' for command environment
[1.921s] DEBUG:colcon.colcon_core.event_handler.log_command:Invoking command in '/home/masters/ros2/src/build/turtlebot3_autorace': AMENT_PREFIX_PATH=/home/masters/ros2/src/install/turtlebot3_autorace_mission:/home/masters/ros2/src/install/turtlebot3_autorace_detect:/home/masters/ros2/src/install/turtlebot3_autorace_camera:${AMENT_PREFIX_PATH} CMAKE_PREFIX_PATH=${CMAKE_PREFIX_PATH}:/home/masters/ros2/install/turtlebot3_autorace_mission:/home/masters/ros2/install/turtlebot3_autorace_detect:/home/masters/ros2/install/turtlebot3_autorace_camera:/home/masters/ros2/install/sensor_fusion:/home/masters/turtlebot3_ws/install/turtlebot3_teleop:/home/masters/turtlebot3_ws/install/turtlebot3_example:/opt/ros/humble PYTHONPATH=/home/masters/ros2/src/install/turtlebot3_autorace_mission/lib/python3.10/site-packages:/home/masters/ros2/src/install/turtlebot3_autorace_detect/lib/python3.10/site-packages:/home/masters/ros2/src/install/turtlebot3_autorace_camera/lib/python3.10/site-packages:${PYTHONPATH} /usr/bin/cmake --build /home/masters/ros2/src/build/turtlebot3_autorace -- -j16 -l16
[1.953s] DEBUG:colcon.colcon_core.event_handler.log_command:Invoked command in '/home/masters/ros2/src/build/turtlebot3_autorace' returned '0': AMENT_PREFIX_PATH=/home/masters/ros2/src/install/turtlebot3_autorace_mission:/home/masters/ros2/src/install/turtlebot3_autorace_detect:/home/masters/ros2/src/install/turtlebot3_autorace_camera:${AMENT_PREFIX_PATH} CMAKE_PREFIX_PATH=${CMAKE_PREFIX_PATH}:/home/masters/ros2/install/turtlebot3_autorace_mission:/home/masters/ros2/install/turtlebot3_autorace_detect:/home/masters/ros2/install/turtlebot3_autorace_camera:/home/masters/ros2/install/sensor_fusion:/home/masters/turtlebot3_ws/install/turtlebot3_teleop:/home/masters/turtlebot3_ws/install/turtlebot3_example:/opt/ros/humble PYTHONPATH=/home/masters/ros2/src/install/turtlebot3_autorace_mission/lib/python3.10/site-packages:/home/masters/ros2/src/install/turtlebot3_autorace_detect/lib/python3.10/site-packages:/home/masters/ros2/src/install/turtlebot3_autorace_camera/lib/python3.10/site-packages:${PYTHONPATH} /usr/bin/cmake --build /home/masters/ros2/src/build/turtlebot3_autorace -- -j16 -l16
[1.962s] DEBUG:colcon.colcon_core.event_handler.log_command:Invoking command in '/home/masters/ros2/src/build/turtlebot3_autorace': AMENT_PREFIX_PATH=/home/masters/ros2/src/install/turtlebot3_autorace_mission:/home/masters/ros2/src/install/turtlebot3_autorace_detect:/home/masters/ros2/src/install/turtlebot3_autorace_camera:${AMENT_PREFIX_PATH} CMAKE_PREFIX_PATH=${CMAKE_PREFIX_PATH}:/home/masters/ros2/install/turtlebot3_autorace_mission:/home/masters/ros2/install/turtlebot3_autorace_detect:/home/masters/ros2/install/turtlebot3_autorace_camera:/home/masters/ros2/install/sensor_fusion:/home/masters/turtlebot3_ws/install/turtlebot3_teleop:/home/masters/turtlebot3_ws/install/turtlebot3_example:/opt/ros/humble PYTHONPATH=/home/masters/ros2/src/install/turtlebot3_autorace_mission/lib/python3.10/site-packages:/home/masters/ros2/src/install/turtlebot3_autorace_detect/lib/python3.10/site-packages:/home/masters/ros2/src/install/turtlebot3_autorace_camera/lib/python3.10/site-packages:${PYTHONPATH} /usr/bin/cmake --install /home/masters/ros2/src/build/turtlebot3_autorace
[1.970s] Level 1:colcon.colcon_core.environment:create_environment_scripts_only(turtlebot3_autorace)
[1.971s] Level 1:colcon.colcon_core.environment:checking '/home/masters/ros2/src/install/turtlebot3_autorace' for CMake module files
[1.971s] DEBUG:colcon.colcon_core.event_handler.log_command:Invoked command in '/home/masters/ros2/src/build/turtlebot3_autorace' returned '0': AMENT_PREFIX_PATH=/home/masters/ros2/src/install/turtlebot3_autorace_mission:/home/masters/ros2/src/install/turtlebot3_autorace_detect:/home/masters/ros2/src/install/turtlebot3_autorace_camera:${AMENT_PREFIX_PATH} CMAKE_PREFIX_PATH=${CMAKE_PREFIX_PATH}:/home/masters/ros2/install/turtlebot3_autorace_mission:/home/masters/ros2/install/turtlebot3_autorace_detect:/home/masters/ros2/install/turtlebot3_autorace_camera:/home/masters/ros2/install/sensor_fusion:/home/masters/turtlebot3_ws/install/turtlebot3_teleop:/home/masters/turtlebot3_ws/install/turtlebot3_example:/opt/ros/humble PYTHONPATH=/home/masters/ros2/src/install/turtlebot3_autorace_mission/lib/python3.10/site-packages:/home/masters/ros2/src/install/turtlebot3_autorace_detect/lib/python3.10/site-packages:/home/masters/ros2/src/install/turtlebot3_autorace_camera/lib/python3.10/site-packages:${PYTHONPATH} /usr/bin/cmake --install /home/masters/ros2/src/build/turtlebot3_autorace
[1.971s] Level 1:colcon.colcon_core.environment:checking '/home/masters/ros2/src/install/turtlebot3_autorace' for CMake config files
[1.972s] Level 1:colcon.colcon_core.shell:create_environment_hook('turtlebot3_autorace', 'cmake_prefix_path')
[1.972s] INFO:colcon.colcon_core.shell:Creating environment hook '/home/masters/ros2/src/install/turtlebot3_autorace/share/turtlebot3_autorace/hook/cmake_prefix_path.ps1'
[1.972s] INFO:colcon.colcon_core.shell:Creating environment descriptor '/home/masters/ros2/src/install/turtlebot3_autorace/share/turtlebot3_autorace/hook/cmake_prefix_path.dsv'
[1.972s] INFO:colcon.colcon_core.shell:Creating environment hook '/home/masters/ros2/src/install/turtlebot3_autorace/share/turtlebot3_autorace/hook/cmake_prefix_path.sh'
[1.973s] Level 1:colcon.colcon_core.environment:checking '/home/masters/ros2/src/install/turtlebot3_autorace/bin'
[1.973s] Level 1:colcon.colcon_core.environment:checking '/home/masters/ros2/src/install/turtlebot3_autorace/lib/pkgconfig/turtlebot3_autorace.pc'
[1.973s] Level 1:colcon.colcon_core.environment:checking '/home/masters/ros2/src/install/turtlebot3_autorace/lib/python3.10/site-packages'
[1.973s] Level 1:colcon.colcon_core.environment:checking '/home/masters/ros2/src/install/turtlebot3_autorace/bin'
[1.974s] INFO:colcon.colcon_core.shell:Creating package script '/home/masters/ros2/src/install/turtlebot3_autorace/share/turtlebot3_autorace/package.ps1'
[1.974s] INFO:colcon.colcon_core.shell:Creating package descriptor '/home/masters/ros2/src/install/turtlebot3_autorace/share/turtlebot3_autorace/package.dsv'
[1.974s] INFO:colcon.colcon_core.shell:Creating package script '/home/masters/ros2/src/install/turtlebot3_autorace/share/turtlebot3_autorace/package.sh'
[1.975s] INFO:colcon.colcon_core.shell:Creating package script '/home/masters/ros2/src/install/turtlebot3_autorace/share/turtlebot3_autorace/package.bash'
[1.975s] INFO:colcon.colcon_core.shell:Creating package script '/home/masters/ros2/src/install/turtlebot3_autorace/share/turtlebot3_autorace/package.zsh'
[1.975s] Level 1:colcon.colcon_core.environment:create_file_with_runtime_dependencies(/home/masters/ros2/src/install/turtlebot3_autorace/share/colcon-core/packages/turtlebot3_autorace)
[1.976s] Level 1:colcon.colcon_core.environment:create_environment_scripts_only(turtlebot3_autorace)
[1.976s] Level 1:colcon.colcon_core.environment:checking '/home/masters/ros2/src/install/turtlebot3_autorace' for CMake module files
[1.976s] Level 1:colcon.colcon_core.environment:checking '/home/masters/ros2/src/install/turtlebot3_autorace' for CMake config files
[1.977s] Level 1:colcon.colcon_core.shell:create_environment_hook('turtlebot3_autorace', 'cmake_prefix_path')
[1.977s] INFO:colcon.colcon_core.shell:Creating environment hook '/home/masters/ros2/src/install/turtlebot3_autorace/share/turtlebot3_autorace/hook/cmake_prefix_path.ps1'
[1.977s] INFO:colcon.colcon_core.shell:Creating environment descriptor '/home/masters/ros2/src/install/turtlebot3_autorace/share/turtlebot3_autorace/hook/cmake_prefix_path.dsv'
[1.978s] INFO:colcon.colcon_core.shell:Creating environment hook '/home/masters/ros2/src/install/turtlebot3_autorace/share/turtlebot3_autorace/hook/cmake_prefix_path.sh'
[1.978s] Level 1:colcon.colcon_core.environment:checking '/home/masters/ros2/src/install/turtlebot3_autorace/bin'
[1.978s] Level 1:colcon.colcon_core.environment:checking '/home/masters/ros2/src/install/turtlebot3_autorace/lib/pkgconfig/turtlebot3_autorace.pc'
[1.978s] Level 1:colcon.colcon_core.environment:checking '/home/masters/ros2/src/install/turtlebot3_autorace/lib/python3.10/site-packages'
[1.978s] Level 1:colcon.colcon_core.environment:checking '/home/masters/ros2/src/install/turtlebot3_autorace/bin'
[1.979s] INFO:colcon.colcon_core.shell:Creating package script '/home/masters/ros2/src/install/turtlebot3_autorace/share/turtlebot3_autorace/package.ps1'
[1.979s] INFO:colcon.colcon_core.shell:Creating package descriptor '/home/masters/ros2/src/install/turtlebot3_autorace/share/turtlebot3_autorace/package.dsv'
[1.979s] INFO:colcon.colcon_core.shell:Creating package script '/home/masters/ros2/src/install/turtlebot3_autorace/share/turtlebot3_autorace/package.sh'
[1.980s] INFO:colcon.colcon_core.shell:Creating package script '/home/masters/ros2/src/install/turtlebot3_autorace/share/turtlebot3_autorace/package.bash'
[1.980s] INFO:colcon.colcon_core.shell:Creating package script '/home/masters/ros2/src/install/turtlebot3_autorace/share/turtlebot3_autorace/package.zsh'
[1.980s] Level 1:colcon.colcon_core.environment:create_file_with_runtime_dependencies(/home/masters/ros2/src/install/turtlebot3_autorace/share/colcon-core/packages/turtlebot3_autorace)
[1.981s] DEBUG:colcon.colcon_parallel_executor.executor.parallel:closing loop
[1.981s] DEBUG:colcon.colcon_parallel_executor.executor.parallel:loop closed
[1.981s] DEBUG:colcon.colcon_parallel_executor.executor.parallel:run_until_complete finished with '0'
[1.981s] DEBUG:colcon.colcon_core.event_reactor:joining thread
[1.985s] INFO:colcon.colcon_core.plugin_system:Skipping extension 'colcon_notification.desktop_notification.terminal_notifier': Not used on non-Darwin systems
[1.985s] INFO:colcon.colcon_core.plugin_system:Skipping extension 'colcon_notification.desktop_notification.win32': Not used on non-Windows systems
[1.985s] INFO:colcon.colcon_notification.desktop_notification:Sending desktop notification using 'notify2'
[1.993s] DEBUG:colcon.colcon_core.event_reactor:joined thread
[1.993s] INFO:colcon.colcon_core.shell:Creating prefix script '/home/masters/ros2/src/install/local_setup.ps1'
[1.994s] INFO:colcon.colcon_core.shell:Creating prefix util module '/home/masters/ros2/src/install/_local_setup_util_ps1.py'
[1.995s] INFO:colcon.colcon_core.shell:Creating prefix chain script '/home/masters/ros2/src/install/setup.ps1'
[1.997s] INFO:colcon.colcon_core.shell:Creating prefix script '/home/masters/ros2/src/install/local_setup.sh'
[1.997s] INFO:colcon.colcon_core.shell:Creating prefix util module '/home/masters/ros2/src/install/_local_setup_util_sh.py'
[1.998s] INFO:colcon.colcon_core.shell:Creating prefix chain script '/home/masters/ros2/src/install/setup.sh'
[1.999s] INFO:colcon.colcon_core.shell:Creating prefix script '/home/masters/ros2/src/install/local_setup.bash'
[2.000s] INFO:colcon.colcon_core.shell:Creating prefix chain script '/home/masters/ros2/src/install/setup.bash'
[2.002s] INFO:colcon.colcon_core.shell:Creating prefix script '/home/masters/ros2/src/install/local_setup.zsh'
[2.002s] INFO:colcon.colcon_core.shell:Creating prefix chain script '/home/masters/ros2/src/install/setup.zsh'
