[1.148s] Invoking command in '/home/masters/ros2/build/turtlebot3_autorace_detect': PYTHONPATH=/home/masters/ros2/build/turtlebot3_autorace_detect/prefix_override:/usr/lib/python3/dist-packages/colcon_core/task/python/colcon_distutils_commands:/home/masters/ros2/install/turtlebot3_autorace_detect/lib/python3.10/site-packages:${PYTHONPATH} /usr/bin/python3 -W ignore:setup.py install is deprecated -W ignore:easy_install command is deprecated setup.py develop --editable --build-directory /home/masters/ros2/build/turtlebot3_autorace_detect/build --no-deps symlink_data
[1.373s] running develop
[1.518s] running egg_info
[1.518s] writing turtlebot3_autorace_detect.egg-info/PKG-INFO
[1.518s] writing dependency_links to turtlebot3_autorace_detect.egg-info/dependency_links.txt
[1.518s] writing entry points to turtlebot3_autorace_detect.egg-info/entry_points.txt
[1.519s] writing requirements to turtlebot3_autorace_detect.egg-info/requires.txt
[1.519s] writing top-level names to turtlebot3_autorace_detect.egg-info/top_level.txt
[1.520s] reading manifest file 'turtlebot3_autorace_detect.egg-info/SOURCES.txt'
[1.521s] writing manifest file 'turtlebot3_autorace_detect.egg-info/SOURCES.txt'
[1.522s] running build_ext
[1.522s] Creating /home/masters/ros2/install/turtlebot3_autorace_detect/lib/python3.10/site-packages/turtlebot3-autorace-detect.egg-link (link to .)
[1.523s] Installing detect_construction_sign script to /home/masters/ros2/install/turtlebot3_autorace_detect/lib/turtlebot3_autorace_detect
[1.523s] Installing detect_intersection_sign script to /home/masters/ros2/install/turtlebot3_autorace_detect/lib/turtlebot3_autorace_detect
[1.523s] Installing detect_lane script to /home/masters/ros2/install/turtlebot3_autorace_detect/lib/turtlebot3_autorace_detect
[1.523s] Installing detect_level_crossing script to /home/masters/ros2/install/turtlebot3_autorace_detect/lib/turtlebot3_autorace_detect
[1.523s] Installing detect_level_crossing_sign script to /home/masters/ros2/install/turtlebot3_autorace_detect/lib/turtlebot3_autorace_detect
[1.523s] Installing detect_parking_sign script to /home/masters/ros2/install/turtlebot3_autorace_detect/lib/turtlebot3_autorace_detect
[1.523s] Installing detect_traffic_light script to /home/masters/ros2/install/turtlebot3_autorace_detect/lib/turtlebot3_autorace_detect
[1.524s] Installing detect_tunnel_sign script to /home/masters/ros2/install/turtlebot3_autorace_detect/lib/turtlebot3_autorace_detect
[1.524s] 
[1.524s] Installed /home/masters/ros2/build/turtlebot3_autorace_detect
[1.524s] running symlink_data
[1.558s] Invoked command in '/home/masters/ros2/build/turtlebot3_autorace_detect' returned '0': PYTHONPATH=/home/masters/ros2/build/turtlebot3_autorace_detect/prefix_override:/usr/lib/python3/dist-packages/colcon_core/task/python/colcon_distutils_commands:/home/masters/ros2/install/turtlebot3_autorace_detect/lib/python3.10/site-packages:${PYTHONPATH} /usr/bin/python3 -W ignore:setup.py install is deprecated -W ignore:easy_install command is deprecated setup.py develop --editable --build-directory /home/masters/ros2/build/turtlebot3_autorace_detect/build --no-deps symlink_data
