[1.160s] Invoking command in '/home/masters/ros2/build/sensor_fusion': PYTHONPATH=/home/masters/ros2/build/sensor_fusion/prefix_override:/usr/lib/python3/dist-packages/colcon_core/task/python/colcon_distutils_commands:/home/masters/ros2/install/sensor_fusion/lib/python3.10/site-packages:${PYTHONPATH} /usr/bin/python3 -W ignore:setup.py install is deprecated -W ignore:easy_install command is deprecated setup.py develop --uninstall --editable --build-directory /home/masters/ros2/build/sensor_fusion/build
[1.385s] running develop
[1.531s] Removing /home/masters/ros2/install/sensor_fusion/lib/python3.10/site-packages/sensor-fusion.egg-link (link to .)
[1.562s] Invoked command in '/home/masters/ros2/build/sensor_fusion' returned '0': PYTHONPATH=/home/masters/ros2/build/sensor_fusion/prefix_override:/usr/lib/python3/dist-packages/colcon_core/task/python/colcon_distutils_commands:/home/masters/ros2/install/sensor_fusion/lib/python3.10/site-packages:${PYTHONPATH} /usr/bin/python3 -W ignore:setup.py install is deprecated -W ignore:easy_install command is deprecated setup.py develop --uninstall --editable --build-directory /home/masters/ros2/build/sensor_fusion/build
[1.564s] Invoking command in '/home/masters/ros2/src/sensor_fusion': PYTHONPATH=/home/masters/ros2/build/sensor_fusion/prefix_override:/usr/lib/python3/dist-packages/colcon_core/task/python/colcon_distutils_commands:/home/masters/ros2/install/sensor_fusion/lib/python3.10/site-packages:${PYTHONPATH} /usr/bin/python3 -W ignore:setup.py install is deprecated -W ignore:easy_install command is deprecated setup.py egg_info --egg-base ../../build/sensor_fusion build --build-base /home/masters/ros2/build/sensor_fusion/build install --record /home/masters/ros2/build/sensor_fusion/install.log --single-version-externally-managed install_data --force
[1.772s] running egg_info
[1.772s] writing ../../build/sensor_fusion/sensor_fusion.egg-info/PKG-INFO
[1.773s] writing dependency_links to ../../build/sensor_fusion/sensor_fusion.egg-info/dependency_links.txt
[1.773s] writing entry points to ../../build/sensor_fusion/sensor_fusion.egg-info/entry_points.txt
[1.773s] writing requirements to ../../build/sensor_fusion/sensor_fusion.egg-info/requires.txt
[1.773s] writing top-level names to ../../build/sensor_fusion/sensor_fusion.egg-info/top_level.txt
[1.774s] reading manifest file '../../build/sensor_fusion/sensor_fusion.egg-info/SOURCES.txt'
[1.775s] writing manifest file '../../build/sensor_fusion/sensor_fusion.egg-info/SOURCES.txt'
[1.775s] running build
[1.775s] running build_py
[1.775s] running install
[1.776s] running install_lib
[1.776s] creating /home/masters/ros2/install/sensor_fusion/lib/python3.10/site-packages/sensor_fusion
[1.776s] copying /home/masters/ros2/build/sensor_fusion/build/lib/sensor_fusion/image.py -> /home/masters/ros2/install/sensor_fusion/lib/python3.10/site-packages/sensor_fusion
[1.776s] copying /home/masters/ros2/build/sensor_fusion/build/lib/sensor_fusion/lidar.py -> /home/masters/ros2/install/sensor_fusion/lib/python3.10/site-packages/sensor_fusion
[1.776s] copying /home/masters/ros2/build/sensor_fusion/build/lib/sensor_fusion/__init__.py -> /home/masters/ros2/install/sensor_fusion/lib/python3.10/site-packages/sensor_fusion
[1.777s] byte-compiling /home/masters/ros2/install/sensor_fusion/lib/python3.10/site-packages/sensor_fusion/image.py to image.cpython-310.pyc
[1.777s] byte-compiling /home/masters/ros2/install/sensor_fusion/lib/python3.10/site-packages/sensor_fusion/lidar.py to lidar.cpython-310.pyc
[1.778s] byte-compiling /home/masters/ros2/install/sensor_fusion/lib/python3.10/site-packages/sensor_fusion/__init__.py to __init__.cpython-310.pyc
[1.778s] running install_data
[1.778s] copying resource/sensor_fusion -> /home/masters/ros2/install/sensor_fusion/share/ament_index/resource_index/packages
[1.778s] copying package.xml -> /home/masters/ros2/install/sensor_fusion/share/sensor_fusion
[1.778s] running install_egg_info
[1.779s] Copying ../../build/sensor_fusion/sensor_fusion.egg-info to /home/masters/ros2/install/sensor_fusion/lib/python3.10/site-packages/sensor_fusion-0.0.0-py3.10.egg-info
[1.780s] running install_scripts
[1.796s] Installing image_executable script to /home/masters/ros2/install/sensor_fusion/lib/sensor_fusion
[1.797s] Installing lidar_executable script to /home/masters/ros2/install/sensor_fusion/lib/sensor_fusion
[1.797s] writing list of installed files to '/home/masters/ros2/build/sensor_fusion/install.log'
[1.821s] Invoked command in '/home/masters/ros2/src/sensor_fusion' returned '0': PYTHONPATH=/home/masters/ros2/build/sensor_fusion/prefix_override:/usr/lib/python3/dist-packages/colcon_core/task/python/colcon_distutils_commands:/home/masters/ros2/install/sensor_fusion/lib/python3.10/site-packages:${PYTHONPATH} /usr/bin/python3 -W ignore:setup.py install is deprecated -W ignore:easy_install command is deprecated setup.py egg_info --egg-base ../../build/sensor_fusion build --build-base /home/masters/ros2/build/sensor_fusion/build install --record /home/masters/ros2/build/sensor_fusion/install.log --single-version-externally-managed install_data --force
