[1.249s] Invoking command in '/home/masters/ros2/src/turtlebot3_autorace/turtlebot3_autorace_mission': PYTHONPATH=/home/masters/ros2/src/build/turtlebot3_autorace_mission/prefix_override:/usr/lib/python3/dist-packages/colcon_core/task/python/colcon_distutils_commands:/home/masters/ros2/src/install/turtlebot3_autorace_mission/lib/python3.10/site-packages:${PYTHONPATH} /usr/bin/python3 -W ignore:setup.py install is deprecated -W ignore:easy_install command is deprecated setup.py egg_info --egg-base ../../build/turtlebot3_autorace_mission build --build-base /home/masters/ros2/src/build/turtlebot3_autorace_mission/build install --record /home/masters/ros2/src/build/turtlebot3_autorace_mission/install.log --single-version-externally-managed install_data
[1.484s] running egg_info
[1.484s] writing ../../build/turtlebot3_autorace_mission/turtlebot3_autorace_mission.egg-info/PKG-INFO
[1.485s] writing dependency_links to ../../build/turtlebot3_autorace_mission/turtlebot3_autorace_mission.egg-info/dependency_links.txt
[1.485s] writing entry points to ../../build/turtlebot3_autorace_mission/turtlebot3_autorace_mission.egg-info/entry_points.txt
[1.485s] writing requirements to ../../build/turtlebot3_autorace_mission/turtlebot3_autorace_mission.egg-info/requires.txt
[1.485s] writing top-level names to ../../build/turtlebot3_autorace_mission/turtlebot3_autorace_mission.egg-info/top_level.txt
[1.486s] reading manifest file '../../build/turtlebot3_autorace_mission/turtlebot3_autorace_mission.egg-info/SOURCES.txt'
[1.487s] writing manifest file '../../build/turtlebot3_autorace_mission/turtlebot3_autorace_mission.egg-info/SOURCES.txt'
[1.487s] running build
[1.487s] running build_py
[1.488s] running install
[1.488s] running install_lib
[1.489s] running install_data
[1.490s] running install_egg_info
[1.492s] removing '/home/masters/ros2/src/install/turtlebot3_autorace_mission/lib/python3.10/site-packages/turtlebot3_autorace_mission-1.2.2-py3.10.egg-info' (and everything under it)
[1.492s] Copying ../../build/turtlebot3_autorace_mission/turtlebot3_autorace_mission.egg-info to /home/masters/ros2/src/install/turtlebot3_autorace_mission/lib/python3.10/site-packages/turtlebot3_autorace_mission-1.2.2-py3.10.egg-info
[1.493s] running install_scripts
[1.518s] Installing avoid_construction script to /home/masters/ros2/src/install/turtlebot3_autorace_mission/lib/turtlebot3_autorace_mission
[1.518s] Installing control_lane script to /home/masters/ros2/src/install/turtlebot3_autorace_mission/lib/turtlebot3_autorace_mission
[1.518s] Installing mission_tunnel script to /home/masters/ros2/src/install/turtlebot3_autorace_mission/lib/turtlebot3_autorace_mission
[1.518s] writing list of installed files to '/home/masters/ros2/src/build/turtlebot3_autorace_mission/install.log'
[1.547s] Invoked command in '/home/masters/ros2/src/turtlebot3_autorace/turtlebot3_autorace_mission' returned '0': PYTHONPATH=/home/masters/ros2/src/build/turtlebot3_autorace_mission/prefix_override:/usr/lib/python3/dist-packages/colcon_core/task/python/colcon_distutils_commands:/home/masters/ros2/src/install/turtlebot3_autorace_mission/lib/python3.10/site-packages:${PYTHONPATH} /usr/bin/python3 -W ignore:setup.py install is deprecated -W ignore:easy_install command is deprecated setup.py egg_info --egg-base ../../build/turtlebot3_autorace_mission build --build-base /home/masters/ros2/src/build/turtlebot3_autorace_mission/build install --record /home/masters/ros2/src/build/turtlebot3_autorace_mission/install.log --single-version-externally-managed install_data
