[0.941s] Invoking command in '/home/masters/ros2/src/turtlebot3_autorace/turtlebot3_autorace_detect': PYTHONPATH=/home/masters/ros2/src/turtlebot3_autorace/build/turtlebot3_autorace_detect/prefix_override:/usr/lib/python3/dist-packages/colcon_core/task/python/colcon_distutils_commands:/home/masters/ros2/src/turtlebot3_autorace/install/turtlebot3_autorace_detect/lib/python3.10/site-packages:${PYTHONPATH} /usr/bin/python3 -W ignore:setup.py install is deprecated -W ignore:easy_install command is deprecated setup.py egg_info --egg-base ../build/turtlebot3_autorace_detect build --build-base /home/masters/ros2/src/turtlebot3_autorace/build/turtlebot3_autorace_detect/build install --record /home/masters/ros2/src/turtlebot3_autorace/build/turtlebot3_autorace_detect/install.log --single-version-externally-managed install_data
[1.141s] running egg_info
[1.141s] creating ../build/turtlebot3_autorace_detect/turtlebot3_autorace_detect.egg-info
[1.141s] writing ../build/turtlebot3_autorace_detect/turtlebot3_autorace_detect.egg-info/PKG-INFO
[1.142s] writing dependency_links to ../build/turtlebot3_autorace_detect/turtlebot3_autorace_detect.egg-info/dependency_links.txt
[1.142s] writing entry points to ../build/turtlebot3_autorace_detect/turtlebot3_autorace_detect.egg-info/entry_points.txt
[1.142s] writing requirements to ../build/turtlebot3_autorace_detect/turtlebot3_autorace_detect.egg-info/requires.txt
[1.142s] writing top-level names to ../build/turtlebot3_autorace_detect/turtlebot3_autorace_detect.egg-info/top_level.txt
[1.142s] writing manifest file '../build/turtlebot3_autorace_detect/turtlebot3_autorace_detect.egg-info/SOURCES.txt'
[1.143s] reading manifest file '../build/turtlebot3_autorace_detect/turtlebot3_autorace_detect.egg-info/SOURCES.txt'
[1.144s] writing manifest file '../build/turtlebot3_autorace_detect/turtlebot3_autorace_detect.egg-info/SOURCES.txt'
[1.144s] running build
[1.144s] running build_py
[1.144s] creating /home/masters/ros2/src/turtlebot3_autorace/build/turtlebot3_autorace_detect/build
[1.144s] creating /home/masters/ros2/src/turtlebot3_autorace/build/turtlebot3_autorace_detect/build/lib
[1.144s] creating /home/masters/ros2/src/turtlebot3_autorace/build/turtlebot3_autorace_detect/build/lib/turtlebot3_autorace_detect
[1.144s] copying turtlebot3_autorace_detect/detect_level_crossing_sign.py -> /home/masters/ros2/src/turtlebot3_autorace/build/turtlebot3_autorace_detect/build/lib/turtlebot3_autorace_detect
[1.145s] copying turtlebot3_autorace_detect/detect_level_crossing.py -> /home/masters/ros2/src/turtlebot3_autorace/build/turtlebot3_autorace_detect/build/lib/turtlebot3_autorace_detect
[1.145s] copying turtlebot3_autorace_detect/detect_intersection_sign.py -> /home/masters/ros2/src/turtlebot3_autorace/build/turtlebot3_autorace_detect/build/lib/turtlebot3_autorace_detect
[1.145s] copying turtlebot3_autorace_detect/detect_construction_sign.py -> /home/masters/ros2/src/turtlebot3_autorace/build/turtlebot3_autorace_detect/build/lib/turtlebot3_autorace_detect
[1.145s] copying turtlebot3_autorace_detect/detect_parking_sign.py -> /home/masters/ros2/src/turtlebot3_autorace/build/turtlebot3_autorace_detect/build/lib/turtlebot3_autorace_detect
[1.145s] copying turtlebot3_autorace_detect/detect_tunnel_sign.py -> /home/masters/ros2/src/turtlebot3_autorace/build/turtlebot3_autorace_detect/build/lib/turtlebot3_autorace_detect
[1.145s] copying turtlebot3_autorace_detect/detect_traffic_light.py -> /home/masters/ros2/src/turtlebot3_autorace/build/turtlebot3_autorace_detect/build/lib/turtlebot3_autorace_detect
[1.145s] copying turtlebot3_autorace_detect/__init__.py -> /home/masters/ros2/src/turtlebot3_autorace/build/turtlebot3_autorace_detect/build/lib/turtlebot3_autorace_detect
[1.145s] copying turtlebot3_autorace_detect/detect_lane.py -> /home/masters/ros2/src/turtlebot3_autorace/build/turtlebot3_autorace_detect/build/lib/turtlebot3_autorace_detect
[1.145s] running install
[1.145s] running install_lib
[1.146s] creating /home/masters/ros2/src/turtlebot3_autorace/install/turtlebot3_autorace_detect/lib/python3.10/site-packages/turtlebot3_autorace_detect
[1.146s] copying /home/masters/ros2/src/turtlebot3_autorace/build/turtlebot3_autorace_detect/build/lib/turtlebot3_autorace_detect/detect_level_crossing_sign.py -> /home/masters/ros2/src/turtlebot3_autorace/install/turtlebot3_autorace_detect/lib/python3.10/site-packages/turtlebot3_autorace_detect
[1.146s] copying /home/masters/ros2/src/turtlebot3_autorace/build/turtlebot3_autorace_detect/build/lib/turtlebot3_autorace_detect/detect_level_crossing.py -> /home/masters/ros2/src/turtlebot3_autorace/install/turtlebot3_autorace_detect/lib/python3.10/site-packages/turtlebot3_autorace_detect
[1.146s] copying /home/masters/ros2/src/turtlebot3_autorace/build/turtlebot3_autorace_detect/build/lib/turtlebot3_autorace_detect/detect_intersection_sign.py -> /home/masters/ros2/src/turtlebot3_autorace/install/turtlebot3_autorace_detect/lib/python3.10/site-packages/turtlebot3_autorace_detect
[1.146s] copying /home/masters/ros2/src/turtlebot3_autorace/build/turtlebot3_autorace_detect/build/lib/turtlebot3_autorace_detect/detect_construction_sign.py -> /home/masters/ros2/src/turtlebot3_autorace/install/turtlebot3_autorace_detect/lib/python3.10/site-packages/turtlebot3_autorace_detect
[1.147s] copying /home/masters/ros2/src/turtlebot3_autorace/build/turtlebot3_autorace_detect/build/lib/turtlebot3_autorace_detect/detect_parking_sign.py -> /home/masters/ros2/src/turtlebot3_autorace/install/turtlebot3_autorace_detect/lib/python3.10/site-packages/turtlebot3_autorace_detect
[1.147s] copying /home/masters/ros2/src/turtlebot3_autorace/build/turtlebot3_autorace_detect/build/lib/turtlebot3_autorace_detect/detect_tunnel_sign.py -> /home/masters/ros2/src/turtlebot3_autorace/install/turtlebot3_autorace_detect/lib/python3.10/site-packages/turtlebot3_autorace_detect
[1.147s] copying /home/masters/ros2/src/turtlebot3_autorace/build/turtlebot3_autorace_detect/build/lib/turtlebot3_autorace_detect/detect_traffic_light.py -> /home/masters/ros2/src/turtlebot3_autorace/install/turtlebot3_autorace_detect/lib/python3.10/site-packages/turtlebot3_autorace_detect
[1.147s] copying /home/masters/ros2/src/turtlebot3_autorace/build/turtlebot3_autorace_detect/build/lib/turtlebot3_autorace_detect/__init__.py -> /home/masters/ros2/src/turtlebot3_autorace/install/turtlebot3_autorace_detect/lib/python3.10/site-packages/turtlebot3_autorace_detect
[1.147s] copying /home/masters/ros2/src/turtlebot3_autorace/build/turtlebot3_autorace_detect/build/lib/turtlebot3_autorace_detect/detect_lane.py -> /home/masters/ros2/src/turtlebot3_autorace/install/turtlebot3_autorace_detect/lib/python3.10/site-packages/turtlebot3_autorace_detect
[1.147s] byte-compiling /home/masters/ros2/src/turtlebot3_autorace/install/turtlebot3_autorace_detect/lib/python3.10/site-packages/turtlebot3_autorace_detect/detect_level_crossing_sign.py to detect_level_crossing_sign.cpython-310.pyc
[1.148s] byte-compiling /home/masters/ros2/src/turtlebot3_autorace/install/turtlebot3_autorace_detect/lib/python3.10/site-packages/turtlebot3_autorace_detect/detect_level_crossing.py to detect_level_crossing.cpython-310.pyc
[1.149s] byte-compiling /home/masters/ros2/src/turtlebot3_autorace/install/turtlebot3_autorace_detect/lib/python3.10/site-packages/turtlebot3_autorace_detect/detect_intersection_sign.py to detect_intersection_sign.cpython-310.pyc
[1.150s] byte-compiling /home/masters/ros2/src/turtlebot3_autorace/install/turtlebot3_autorace_detect/lib/python3.10/site-packages/turtlebot3_autorace_detect/detect_construction_sign.py to detect_construction_sign.cpython-310.pyc
[1.151s] byte-compiling /home/masters/ros2/src/turtlebot3_autorace/install/turtlebot3_autorace_detect/lib/python3.10/site-packages/turtlebot3_autorace_detect/detect_parking_sign.py to detect_parking_sign.cpython-310.pyc
[1.152s] byte-compiling /home/masters/ros2/src/turtlebot3_autorace/install/turtlebot3_autorace_detect/lib/python3.10/site-packages/turtlebot3_autorace_detect/detect_tunnel_sign.py to detect_tunnel_sign.cpython-310.pyc
[1.152s] byte-compiling /home/masters/ros2/src/turtlebot3_autorace/install/turtlebot3_autorace_detect/lib/python3.10/site-packages/turtlebot3_autorace_detect/detect_traffic_light.py to detect_traffic_light.cpython-310.pyc
[1.154s] byte-compiling /home/masters/ros2/src/turtlebot3_autorace/install/turtlebot3_autorace_detect/lib/python3.10/site-packages/turtlebot3_autorace_detect/__init__.py to __init__.cpython-310.pyc
[1.154s] byte-compiling /home/masters/ros2/src/turtlebot3_autorace/install/turtlebot3_autorace_detect/lib/python3.10/site-packages/turtlebot3_autorace_detect/detect_lane.py to detect_lane.cpython-310.pyc
[1.156s] running install_data
[1.156s] creating /home/masters/ros2/src/turtlebot3_autorace/install/turtlebot3_autorace_detect/share/ament_index
[1.156s] creating /home/masters/ros2/src/turtlebot3_autorace/install/turtlebot3_autorace_detect/share/ament_index/resource_index
[1.156s] creating /home/masters/ros2/src/turtlebot3_autorace/install/turtlebot3_autorace_detect/share/ament_index/resource_index/packages
[1.156s] copying resource/turtlebot3_autorace_detect -> /home/masters/ros2/src/turtlebot3_autorace/install/turtlebot3_autorace_detect/share/ament_index/resource_index/packages
[1.156s] copying package.xml -> /home/masters/ros2/src/turtlebot3_autorace/install/turtlebot3_autorace_detect/share/turtlebot3_autorace_detect
[1.156s] creating /home/masters/ros2/src/turtlebot3_autorace/install/turtlebot3_autorace_detect/share/turtlebot3_autorace_detect/launch
[1.156s] copying launch/detect_lane.launch.py -> /home/masters/ros2/src/turtlebot3_autorace/install/turtlebot3_autorace_detect/share/turtlebot3_autorace_detect/launch
[1.156s] copying launch/detect_traffic_light.launch.py -> /home/masters/ros2/src/turtlebot3_autorace/install/turtlebot3_autorace_detect/share/turtlebot3_autorace_detect/launch
[1.157s] copying launch/detect_level_crossing.launch.py -> /home/masters/ros2/src/turtlebot3_autorace/install/turtlebot3_autorace_detect/share/turtlebot3_autorace_detect/launch
[1.157s] copying launch/detect_sign.launch.py -> /home/masters/ros2/src/turtlebot3_autorace/install/turtlebot3_autorace_detect/share/turtlebot3_autorace_detect/launch
[1.157s] creating /home/masters/ros2/src/turtlebot3_autorace/install/turtlebot3_autorace_detect/share/turtlebot3_autorace_detect/param
[1.157s] creating /home/masters/ros2/src/turtlebot3_autorace/install/turtlebot3_autorace_detect/share/turtlebot3_autorace_detect/param/lane
[1.157s] copying param/lane/lane.yaml -> /home/masters/ros2/src/turtlebot3_autorace/install/turtlebot3_autorace_detect/share/turtlebot3_autorace_detect/param/lane
[1.157s] creating /home/masters/ros2/src/turtlebot3_autorace/install/turtlebot3_autorace_detect/share/turtlebot3_autorace_detect/param/level
[1.157s] copying param/level/level.yaml -> /home/masters/ros2/src/turtlebot3_autorace/install/turtlebot3_autorace_detect/share/turtlebot3_autorace_detect/param/level
[1.157s] creating /home/masters/ros2/src/turtlebot3_autorace/install/turtlebot3_autorace_detect/share/turtlebot3_autorace_detect/param/traffic_light
[1.157s] copying param/traffic_light/traffic_light.yaml -> /home/masters/ros2/src/turtlebot3_autorace/install/turtlebot3_autorace_detect/share/turtlebot3_autorace_detect/param/traffic_light
[1.157s] creating /home/masters/ros2/src/turtlebot3_autorace/install/turtlebot3_autorace_detect/share/turtlebot3_autorace_detect/image
[1.157s] copying image/construction.png -> /home/masters/ros2/src/turtlebot3_autorace/install/turtlebot3_autorace_detect/share/turtlebot3_autorace_detect/image
[1.157s] copying image/tunnel.png -> /home/masters/ros2/src/turtlebot3_autorace/install/turtlebot3_autorace_detect/share/turtlebot3_autorace_detect/image
[1.157s] copying image/stop.png -> /home/masters/ros2/src/turtlebot3_autorace/install/turtlebot3_autorace_detect/share/turtlebot3_autorace_detect/image
[1.157s] copying image/left.png -> /home/masters/ros2/src/turtlebot3_autorace/install/turtlebot3_autorace_detect/share/turtlebot3_autorace_detect/image
[1.157s] copying image/right.png -> /home/masters/ros2/src/turtlebot3_autorace/install/turtlebot3_autorace_detect/share/turtlebot3_autorace_detect/image
[1.157s] copying image/parking.png -> /home/masters/ros2/src/turtlebot3_autorace/install/turtlebot3_autorace_detect/share/turtlebot3_autorace_detect/image
[1.157s] copying image/intersection.png -> /home/masters/ros2/src/turtlebot3_autorace/install/turtlebot3_autorace_detect/share/turtlebot3_autorace_detect/image
[1.158s] running install_egg_info
[1.159s] Copying ../build/turtlebot3_autorace_detect/turtlebot3_autorace_detect.egg-info to /home/masters/ros2/src/turtlebot3_autorace/install/turtlebot3_autorace_detect/lib/python3.10/site-packages/turtlebot3_autorace_detect-1.2.2-py3.10.egg-info
[1.159s] running install_scripts
[1.175s] Installing detect_construction_sign script to /home/masters/ros2/src/turtlebot3_autorace/install/turtlebot3_autorace_detect/lib/turtlebot3_autorace_detect
[1.175s] Installing detect_intersection_sign script to /home/masters/ros2/src/turtlebot3_autorace/install/turtlebot3_autorace_detect/lib/turtlebot3_autorace_detect
[1.176s] Installing detect_lane script to /home/masters/ros2/src/turtlebot3_autorace/install/turtlebot3_autorace_detect/lib/turtlebot3_autorace_detect
[1.176s] Installing detect_level_crossing script to /home/masters/ros2/src/turtlebot3_autorace/install/turtlebot3_autorace_detect/lib/turtlebot3_autorace_detect
[1.176s] Installing detect_level_crossing_sign script to /home/masters/ros2/src/turtlebot3_autorace/install/turtlebot3_autorace_detect/lib/turtlebot3_autorace_detect
[1.176s] Installing detect_parking_sign script to /home/masters/ros2/src/turtlebot3_autorace/install/turtlebot3_autorace_detect/lib/turtlebot3_autorace_detect
[1.176s] Installing detect_traffic_light script to /home/masters/ros2/src/turtlebot3_autorace/install/turtlebot3_autorace_detect/lib/turtlebot3_autorace_detect
[1.176s] Installing detect_tunnel_sign script to /home/masters/ros2/src/turtlebot3_autorace/install/turtlebot3_autorace_detect/lib/turtlebot3_autorace_detect
[1.176s] writing list of installed files to '/home/masters/ros2/src/turtlebot3_autorace/build/turtlebot3_autorace_detect/install.log'
[1.200s] Invoked command in '/home/masters/ros2/src/turtlebot3_autorace/turtlebot3_autorace_detect' returned '0': PYTHONPATH=/home/masters/ros2/src/turtlebot3_autorace/build/turtlebot3_autorace_detect/prefix_override:/usr/lib/python3/dist-packages/colcon_core/task/python/colcon_distutils_commands:/home/masters/ros2/src/turtlebot3_autorace/install/turtlebot3_autorace_detect/lib/python3.10/site-packages:${PYTHONPATH} /usr/bin/python3 -W ignore:setup.py install is deprecated -W ignore:easy_install command is deprecated setup.py egg_info --egg-base ../build/turtlebot3_autorace_detect build --build-base /home/masters/ros2/src/turtlebot3_autorace/build/turtlebot3_autorace_detect/build install --record /home/masters/ros2/src/turtlebot3_autorace/build/turtlebot3_autorace_detect/install.log --single-version-externally-managed install_data
