[1.152s] Invoking command in '/home/masters/ros2/src/sensor_fusion': PYTHONPATH=/home/masters/ros2/build/sensor_fusion/prefix_override:/usr/lib/python3/dist-packages/colcon_core/task/python/colcon_distutils_commands:/home/masters/ros2/install/sensor_fusion/lib/python3.10/site-packages:${PYTHONPATH} /usr/bin/python3 -W ignore:setup.py install is deprecated -W ignore:easy_install command is deprecated setup.py egg_info --egg-base ../../build/sensor_fusion build --build-base /home/masters/ros2/build/sensor_fusion/build install --record /home/masters/ros2/build/sensor_fusion/install.log --single-version-externally-managed install_data
[1.361s] running egg_info
[1.361s] writing ../../build/sensor_fusion/sensor_fusion.egg-info/PKG-INFO
[1.361s] writing dependency_links to ../../build/sensor_fusion/sensor_fusion.egg-info/dependency_links.txt
[1.362s] writing entry points to ../../build/sensor_fusion/sensor_fusion.egg-info/entry_points.txt
[1.362s] writing requirements to ../../build/sensor_fusion/sensor_fusion.egg-info/requires.txt
[1.362s] writing top-level names to ../../build/sensor_fusion/sensor_fusion.egg-info/top_level.txt
[1.363s] reading manifest file '../../build/sensor_fusion/sensor_fusion.egg-info/SOURCES.txt'
[1.364s] writing manifest file '../../build/sensor_fusion/sensor_fusion.egg-info/SOURCES.txt'
[1.364s] running build
[1.364s] running build_py
[1.364s] running install
[1.364s] running install_lib
[1.365s] running install_data
[1.365s] running install_egg_info
[1.367s] removing '/home/masters/ros2/install/sensor_fusion/lib/python3.10/site-packages/sensor_fusion-0.0.0-py3.10.egg-info' (and everything under it)
[1.367s] Copying ../../build/sensor_fusion/sensor_fusion.egg-info to /home/masters/ros2/install/sensor_fusion/lib/python3.10/site-packages/sensor_fusion-0.0.0-py3.10.egg-info
[1.367s] running install_scripts
[1.384s] Installing image_executable script to /home/masters/ros2/install/sensor_fusion/lib/sensor_fusion
[1.384s] Installing lidar_executable script to /home/masters/ros2/install/sensor_fusion/lib/sensor_fusion
[1.385s] writing list of installed files to '/home/masters/ros2/build/sensor_fusion/install.log'
[1.416s] Invoked command in '/home/masters/ros2/src/sensor_fusion' returned '0': PYTHONPATH=/home/masters/ros2/build/sensor_fusion/prefix_override:/usr/lib/python3/dist-packages/colcon_core/task/python/colcon_distutils_commands:/home/masters/ros2/install/sensor_fusion/lib/python3.10/site-packages:${PYTHONPATH} /usr/bin/python3 -W ignore:setup.py install is deprecated -W ignore:easy_install command is deprecated setup.py egg_info --egg-base ../../build/sensor_fusion build --build-base /home/masters/ros2/build/sensor_fusion/build install --record /home/masters/ros2/build/sensor_fusion/install.log --single-version-externally-managed install_data
