running egg_info
creating ../../../build/turtlebot3_autorace_camera/turtlebot3_autorace_camera.egg-info
writing ../../../build/turtlebot3_autorace_camera/turtlebot3_autorace_camera.egg-info/PKG-INFO
writing dependency_links to ../../../build/turtlebot3_autorace_camera/turtlebot3_autorace_camera.egg-info/dependency_links.txt
writing entry points to ../../../build/turtlebot3_autorace_camera/turtlebot3_autorace_camera.egg-info/entry_points.txt
writing requirements to ../../../build/turtlebot3_autorace_camera/turtlebot3_autorace_camera.egg-info/requires.txt
writing top-level names to ../../../build/turtlebot3_autorace_camera/turtlebot3_autorace_camera.egg-info/top_level.txt
writing manifest file '../../../build/turtlebot3_autorace_camera/turtlebot3_autorace_camera.egg-info/SOURCES.txt'
reading manifest file '../../../build/turtlebot3_autorace_camera/turtlebot3_autorace_camera.egg-info/SOURCES.txt'
writing manifest file '../../../build/turtlebot3_autorace_camera/turtlebot3_autorace_camera.egg-info/SOURCES.txt'
running build
running build_py
creating /home/masters/ros2/build/turtlebot3_autorace_camera/build
creating /home/masters/ros2/build/turtlebot3_autorace_camera/build/lib
creating /home/masters/ros2/build/turtlebot3_autorace_camera/build/lib/turtlebot3_autorace_camera
copying turtlebot3_autorace_camera/__init__.py -> /home/masters/ros2/build/turtlebot3_autorace_camera/build/lib/turtlebot3_autorace_camera
copying turtlebot3_autorace_camera/image_compensation.py -> /home/masters/ros2/build/turtlebot3_autorace_camera/build/lib/turtlebot3_autorace_camera
copying turtlebot3_autorace_camera/image_projection.py -> /home/masters/ros2/build/turtlebot3_autorace_camera/build/lib/turtlebot3_autorace_camera
running install
running install_lib
creating /home/masters/ros2/install/turtlebot3_autorace_camera/lib/python3.10/site-packages/turtlebot3_autorace_camera
copying /home/masters/ros2/build/turtlebot3_autorace_camera/build/lib/turtlebot3_autorace_camera/__init__.py -> /home/masters/ros2/install/turtlebot3_autorace_camera/lib/python3.10/site-packages/turtlebot3_autorace_camera
copying /home/masters/ros2/build/turtlebot3_autorace_camera/build/lib/turtlebot3_autorace_camera/image_compensation.py -> /home/masters/ros2/install/turtlebot3_autorace_camera/lib/python3.10/site-packages/turtlebot3_autorace_camera
copying /home/masters/ros2/build/turtlebot3_autorace_camera/build/lib/turtlebot3_autorace_camera/image_projection.py -> /home/masters/ros2/install/turtlebot3_autorace_camera/lib/python3.10/site-packages/turtlebot3_autorace_camera
byte-compiling /home/masters/ros2/install/turtlebot3_autorace_camera/lib/python3.10/site-packages/turtlebot3_autorace_camera/__init__.py to __init__.cpython-310.pyc
byte-compiling /home/masters/ros2/install/turtlebot3_autorace_camera/lib/python3.10/site-packages/turtlebot3_autorace_camera/image_compensation.py to image_compensation.cpython-310.pyc
byte-compiling /home/masters/ros2/install/turtlebot3_autorace_camera/lib/python3.10/site-packages/turtlebot3_autorace_camera/image_projection.py to image_projection.cpython-310.pyc
running install_data
creating /home/masters/ros2/install/turtlebot3_autorace_camera/share/ament_index
creating /home/masters/ros2/install/turtlebot3_autorace_camera/share/ament_index/resource_index
creating /home/masters/ros2/install/turtlebot3_autorace_camera/share/ament_index/resource_index/packages
copying resource/turtlebot3_autorace_camera -> /home/masters/ros2/install/turtlebot3_autorace_camera/share/ament_index/resource_index/packages
copying package.xml -> /home/masters/ros2/install/turtlebot3_autorace_camera/share/turtlebot3_autorace_camera
creating /home/masters/ros2/install/turtlebot3_autorace_camera/share/turtlebot3_autorace_camera/launch
copying launch/extrinsic_camera_calibration.launch.py -> /home/masters/ros2/install/turtlebot3_autorace_camera/share/turtlebot3_autorace_camera/launch
copying launch/intrinsic_camera_calibration.launch.py -> /home/masters/ros2/install/turtlebot3_autorace_camera/share/turtlebot3_autorace_camera/launch
creating /home/masters/ros2/install/turtlebot3_autorace_camera/share/turtlebot3_autorace_camera/calibration
creating /home/masters/ros2/install/turtlebot3_autorace_camera/share/turtlebot3_autorace_camera/calibration/extrinsic_calibration
copying calibration/extrinsic_calibration/compensation.yaml -> /home/masters/ros2/install/turtlebot3_autorace_camera/share/turtlebot3_autorace_camera/calibration/extrinsic_calibration
copying calibration/extrinsic_calibration/projection.yaml -> /home/masters/ros2/install/turtlebot3_autorace_camera/share/turtlebot3_autorace_camera/calibration/extrinsic_calibration
running install_egg_info
Copying ../../../build/turtlebot3_autorace_camera/turtlebot3_autorace_camera.egg-info to /home/masters/ros2/install/turtlebot3_autorace_camera/lib/python3.10/site-packages/turtlebot3_autorace_camera-1.2.2-py3.10.egg-info
running install_scripts
Installing image_compensation script to /home/masters/ros2/install/turtlebot3_autorace_camera/lib/turtlebot3_autorace_camera
Installing image_projection script to /home/masters/ros2/install/turtlebot3_autorace_camera/lib/turtlebot3_autorace_camera
writing list of installed files to '/home/masters/ros2/build/turtlebot3_autorace_camera/install.log'
