[1.256s] Invoking command in '/home/masters/ros2/src/turtlebot3_autorace/turtlebot3_autorace_detect': PYTHONPATH=/home/masters/ros2/src/build/turtlebot3_autorace_detect/prefix_override:/usr/lib/python3/dist-packages/colcon_core/task/python/colcon_distutils_commands:/home/masters/ros2/src/install/turtlebot3_autorace_detect/lib/python3.10/site-packages:${PYTHONPATH} /usr/bin/python3 -W ignore:setup.py install is deprecated -W ignore:easy_install command is deprecated setup.py egg_info --egg-base ../../build/turtlebot3_autorace_detect build --build-base /home/masters/ros2/src/build/turtlebot3_autorace_detect/build install --record /home/masters/ros2/src/build/turtlebot3_autorace_detect/install.log --single-version-externally-managed install_data
[1.477s] running egg_info
[1.477s] writing ../../build/turtlebot3_autorace_detect/turtlebot3_autorace_detect.egg-info/PKG-INFO
[1.477s] writing dependency_links to ../../build/turtlebot3_autorace_detect/turtlebot3_autorace_detect.egg-info/dependency_links.txt
[1.478s] writing entry points to ../../build/turtlebot3_autorace_detect/turtlebot3_autorace_detect.egg-info/entry_points.txt
[1.478s] writing requirements to ../../build/turtlebot3_autorace_detect/turtlebot3_autorace_detect.egg-info/requires.txt
[1.478s] writing top-level names to ../../build/turtlebot3_autorace_detect/turtlebot3_autorace_detect.egg-info/top_level.txt
[1.479s] reading manifest file '../../build/turtlebot3_autorace_detect/turtlebot3_autorace_detect.egg-info/SOURCES.txt'
[1.480s] writing manifest file '../../build/turtlebot3_autorace_detect/turtlebot3_autorace_detect.egg-info/SOURCES.txt'
[1.481s] running build
[1.481s] running build_py
[1.481s] running install
[1.482s] running install_lib
[1.483s] running install_data
[1.483s] running install_egg_info
[1.485s] removing '/home/masters/ros2/src/install/turtlebot3_autorace_detect/lib/python3.10/site-packages/turtlebot3_autorace_detect-1.2.2-py3.10.egg-info' (and everything under it)
[1.485s] Copying ../../build/turtlebot3_autorace_detect/turtlebot3_autorace_detect.egg-info to /home/masters/ros2/src/install/turtlebot3_autorace_detect/lib/python3.10/site-packages/turtlebot3_autorace_detect-1.2.2-py3.10.egg-info
[1.486s] running install_scripts
[1.506s] Installing detect_construction_sign script to /home/masters/ros2/src/install/turtlebot3_autorace_detect/lib/turtlebot3_autorace_detect
[1.506s] Installing detect_intersection_sign script to /home/masters/ros2/src/install/turtlebot3_autorace_detect/lib/turtlebot3_autorace_detect
[1.506s] Installing detect_lane script to /home/masters/ros2/src/install/turtlebot3_autorace_detect/lib/turtlebot3_autorace_detect
[1.506s] Installing detect_level_crossing script to /home/masters/ros2/src/install/turtlebot3_autorace_detect/lib/turtlebot3_autorace_detect
[1.506s] Installing detect_level_crossing_sign script to /home/masters/ros2/src/install/turtlebot3_autorace_detect/lib/turtlebot3_autorace_detect
[1.506s] Installing detect_parking_sign script to /home/masters/ros2/src/install/turtlebot3_autorace_detect/lib/turtlebot3_autorace_detect
[1.506s] Installing detect_traffic_light script to /home/masters/ros2/src/install/turtlebot3_autorace_detect/lib/turtlebot3_autorace_detect
[1.506s] Installing detect_tunnel_sign script to /home/masters/ros2/src/install/turtlebot3_autorace_detect/lib/turtlebot3_autorace_detect
[1.507s] writing list of installed files to '/home/masters/ros2/src/build/turtlebot3_autorace_detect/install.log'
[1.537s] Invoked command in '/home/masters/ros2/src/turtlebot3_autorace/turtlebot3_autorace_detect' returned '0': PYTHONPATH=/home/masters/ros2/src/build/turtlebot3_autorace_detect/prefix_override:/usr/lib/python3/dist-packages/colcon_core/task/python/colcon_distutils_commands:/home/masters/ros2/src/install/turtlebot3_autorace_detect/lib/python3.10/site-packages:${PYTHONPATH} /usr/bin/python3 -W ignore:setup.py install is deprecated -W ignore:easy_install command is deprecated setup.py egg_info --egg-base ../../build/turtlebot3_autorace_detect build --build-base /home/masters/ros2/src/build/turtlebot3_autorace_detect/build install --record /home/masters/ros2/src/build/turtlebot3_autorace_detect/install.log --single-version-externally-managed install_data
