[0.009s] Invoking command in '/home/masters/ros2/build/turtlebot3_autorace': AMENT_PREFIX_PATH=/home/masters/ros2/install/turtlebot3_autorace_mission:/home/masters/ros2/install/turtlebot3_autorace_detect:/home/masters/ros2/install/turtlebot3_autorace_camera:${AMENT_PREFIX_PATH} CMAKE_PREFIX_PATH=${CMAKE_PREFIX_PATH}:/home/masters/ros2/install/sensor_fusion:/home/masters/turtlebot3_ws/install/turtlebot3_teleop:/home/masters/turtlebot3_ws/install/turtlebot3_example:/opt/ros/humble PYTHONPATH=/home/masters/ros2/install/turtlebot3_autorace_mission/lib/python3.10/site-packages:/home/masters/ros2/install/turtlebot3_autorace_detect/lib/python3.10/site-packages:/home/masters/ros2/install/turtlebot3_autorace_camera/lib/python3.10/site-packages:${PYTHONPATH} /usr/bin/cmake /home/masters/ros2/src/turtlebot3_autorace/turtlebot3_autorace -DCMAKE_INSTALL_PREFIX=/home/masters/ros2/install/turtlebot3_autorace
[0.088s] -- The C compiler identification is GNU 11.4.0
[0.154s] -- The CXX compiler identification is GNU 11.4.0
[0.162s] -- Detecting C compiler ABI info
[0.210s] -- Detecting C compiler ABI info - done
[0.216s] -- Check for working C compiler: /usr/bin/cc - skipped
[0.217s] -- Detecting C compile features
[0.218s] -- Detecting C compile features - done
[0.221s] -- Detecting CXX compiler ABI info
[0.278s] -- Detecting CXX compiler ABI info - done
[0.284s] -- Check for working CXX compiler: /usr/bin/c++ - skipped
[0.284s] -- Detecting CXX compile features
[0.284s] -- Detecting CXX compile features - done
[0.287s] -- Found ament_cmake: 1.3.11 (/opt/ros/humble/share/ament_cmake/cmake)
[0.415s] -- Found Python3: /usr/bin/python3 (found version "3.10.12") found components: Interpreter 
[0.557s] -- Configuring done
[0.558s] -- Generating done
[0.560s] -- Build files have been written to: /home/masters/ros2/build/turtlebot3_autorace
[0.562s] Invoked command in '/home/masters/ros2/build/turtlebot3_autorace' returned '0': AMENT_PREFIX_PATH=/home/masters/ros2/install/turtlebot3_autorace_mission:/home/masters/ros2/install/turtlebot3_autorace_detect:/home/masters/ros2/install/turtlebot3_autorace_camera:${AMENT_PREFIX_PATH} CMAKE_PREFIX_PATH=${CMAKE_PREFIX_PATH}:/home/masters/ros2/install/sensor_fusion:/home/masters/turtlebot3_ws/install/turtlebot3_teleop:/home/masters/turtlebot3_ws/install/turtlebot3_example:/opt/ros/humble PYTHONPATH=/home/masters/ros2/install/turtlebot3_autorace_mission/lib/python3.10/site-packages:/home/masters/ros2/install/turtlebot3_autorace_detect/lib/python3.10/site-packages:/home/masters/ros2/install/turtlebot3_autorace_camera/lib/python3.10/site-packages:${PYTHONPATH} /usr/bin/cmake /home/masters/ros2/src/turtlebot3_autorace/turtlebot3_autorace -DCMAKE_INSTALL_PREFIX=/home/masters/ros2/install/turtlebot3_autorace
[0.564s] Invoking command in '/home/masters/ros2/build/turtlebot3_autorace': AMENT_PREFIX_PATH=/home/masters/ros2/install/turtlebot3_autorace_mission:/home/masters/ros2/install/turtlebot3_autorace_detect:/home/masters/ros2/install/turtlebot3_autorace_camera:${AMENT_PREFIX_PATH} CMAKE_PREFIX_PATH=${CMAKE_PREFIX_PATH}:/home/masters/ros2/install/sensor_fusion:/home/masters/turtlebot3_ws/install/turtlebot3_teleop:/home/masters/turtlebot3_ws/install/turtlebot3_example:/opt/ros/humble PYTHONPATH=/home/masters/ros2/install/turtlebot3_autorace_mission/lib/python3.10/site-packages:/home/masters/ros2/install/turtlebot3_autorace_detect/lib/python3.10/site-packages:/home/masters/ros2/install/turtlebot3_autorace_camera/lib/python3.10/site-packages:${PYTHONPATH} /usr/bin/cmake --build /home/masters/ros2/build/turtlebot3_autorace -- -j16 -l16
[0.590s] Invoked command in '/home/masters/ros2/build/turtlebot3_autorace' returned '0': AMENT_PREFIX_PATH=/home/masters/ros2/install/turtlebot3_autorace_mission:/home/masters/ros2/install/turtlebot3_autorace_detect:/home/masters/ros2/install/turtlebot3_autorace_camera:${AMENT_PREFIX_PATH} CMAKE_PREFIX_PATH=${CMAKE_PREFIX_PATH}:/home/masters/ros2/install/sensor_fusion:/home/masters/turtlebot3_ws/install/turtlebot3_teleop:/home/masters/turtlebot3_ws/install/turtlebot3_example:/opt/ros/humble PYTHONPATH=/home/masters/ros2/install/turtlebot3_autorace_mission/lib/python3.10/site-packages:/home/masters/ros2/install/turtlebot3_autorace_detect/lib/python3.10/site-packages:/home/masters/ros2/install/turtlebot3_autorace_camera/lib/python3.10/site-packages:${PYTHONPATH} /usr/bin/cmake --build /home/masters/ros2/build/turtlebot3_autorace -- -j16 -l16
[0.596s] Invoking command in '/home/masters/ros2/build/turtlebot3_autorace': AMENT_PREFIX_PATH=/home/masters/ros2/install/turtlebot3_autorace_mission:/home/masters/ros2/install/turtlebot3_autorace_detect:/home/masters/ros2/install/turtlebot3_autorace_camera:${AMENT_PREFIX_PATH} CMAKE_PREFIX_PATH=${CMAKE_PREFIX_PATH}:/home/masters/ros2/install/sensor_fusion:/home/masters/turtlebot3_ws/install/turtlebot3_teleop:/home/masters/turtlebot3_ws/install/turtlebot3_example:/opt/ros/humble PYTHONPATH=/home/masters/ros2/install/turtlebot3_autorace_mission/lib/python3.10/site-packages:/home/masters/ros2/install/turtlebot3_autorace_detect/lib/python3.10/site-packages:/home/masters/ros2/install/turtlebot3_autorace_camera/lib/python3.10/site-packages:${PYTHONPATH} /usr/bin/cmake --install /home/masters/ros2/build/turtlebot3_autorace
[0.601s] -- Install configuration: ""
[0.601s] -- Installing: /home/masters/ros2/install/turtlebot3_autorace/share/ament_index/resource_index/package_run_dependencies/turtlebot3_autorace
[0.601s] -- Installing: /home/masters/ros2/install/turtlebot3_autorace/share/ament_index/resource_index/parent_prefix_path/turtlebot3_autorace
[0.602s] -- Installing: /home/masters/ros2/install/turtlebot3_autorace/share/turtlebot3_autorace/environment/ament_prefix_path.sh
[0.602s] -- Installing: /home/masters/ros2/install/turtlebot3_autorace/share/turtlebot3_autorace/environment/ament_prefix_path.dsv
[0.602s] -- Installing: /home/masters/ros2/install/turtlebot3_autorace/share/turtlebot3_autorace/environment/path.sh
[0.602s] -- Installing: /home/masters/ros2/install/turtlebot3_autorace/share/turtlebot3_autorace/environment/path.dsv
[0.602s] -- Installing: /home/masters/ros2/install/turtlebot3_autorace/share/turtlebot3_autorace/local_setup.bash
[0.602s] -- Installing: /home/masters/ros2/install/turtlebot3_autorace/share/turtlebot3_autorace/local_setup.sh
[0.602s] -- Installing: /home/masters/ros2/install/turtlebot3_autorace/share/turtlebot3_autorace/local_setup.zsh
[0.602s] -- Installing: /home/masters/ros2/install/turtlebot3_autorace/share/turtlebot3_autorace/local_setup.dsv
[0.602s] -- Installing: /home/masters/ros2/install/turtlebot3_autorace/share/turtlebot3_autorace/package.dsv
[0.602s] -- Installing: /home/masters/ros2/install/turtlebot3_autorace/share/ament_index/resource_index/packages/turtlebot3_autorace
[0.602s] -- Installing: /home/masters/ros2/install/turtlebot3_autorace/share/turtlebot3_autorace/cmake/turtlebot3_autoraceConfig.cmake
[0.602s] -- Installing: /home/masters/ros2/install/turtlebot3_autorace/share/turtlebot3_autorace/cmake/turtlebot3_autoraceConfig-version.cmake
[0.603s] -- Installing: /home/masters/ros2/install/turtlebot3_autorace/share/turtlebot3_autorace/package.xml
[0.604s] Invoked command in '/home/masters/ros2/build/turtlebot3_autorace' returned '0': AMENT_PREFIX_PATH=/home/masters/ros2/install/turtlebot3_autorace_mission:/home/masters/ros2/install/turtlebot3_autorace_detect:/home/masters/ros2/install/turtlebot3_autorace_camera:${AMENT_PREFIX_PATH} CMAKE_PREFIX_PATH=${CMAKE_PREFIX_PATH}:/home/masters/ros2/install/sensor_fusion:/home/masters/turtlebot3_ws/install/turtlebot3_teleop:/home/masters/turtlebot3_ws/install/turtlebot3_example:/opt/ros/humble PYTHONPATH=/home/masters/ros2/install/turtlebot3_autorace_mission/lib/python3.10/site-packages:/home/masters/ros2/install/turtlebot3_autorace_detect/lib/python3.10/site-packages:/home/masters/ros2/install/turtlebot3_autorace_camera/lib/python3.10/site-packages:${PYTHONPATH} /usr/bin/cmake --install /home/masters/ros2/build/turtlebot3_autorace
