-- Found ament_cmake: 1.3.11 (/opt/ros/humble/share/ament_cmake/cmake)
-- Override CMake install command with custom implementation using symlinks instead of copying resources
-- Configuring done
-- Generating done
-- Build files have been written to: /home/masters/ros2/build/turtlebot3_autorace
-- Install configuration: ""
-- Execute custom install script
-- Symlinking: /home/masters/ros2/install/turtlebot3_autorace/share/ament_index/resource_index/package_run_dependencies/turtlebot3_autorace
-- Symlinking: /home/masters/ros2/install/turtlebot3_autorace/share/ament_index/resource_index/parent_prefix_path/turtlebot3_autorace
-- Symlinking: /home/masters/ros2/install/turtlebot3_autorace/share/turtlebot3_autorace/environment/ament_prefix_path.sh
-- Symlinking: /home/masters/ros2/install/turtlebot3_autorace/share/turtlebot3_autorace/environment/ament_prefix_path.dsv
-- Symlinking: /home/masters/ros2/install/turtlebot3_autorace/share/turtlebot3_autorace/environment/path.sh
-- Symlinking: /home/masters/ros2/install/turtlebot3_autorace/share/turtlebot3_autorace/environment/path.dsv
-- Symlinking: /home/masters/ros2/install/turtlebot3_autorace/share/turtlebot3_autorace/local_setup.bash
-- Symlinking: /home/masters/ros2/install/turtlebot3_autorace/share/turtlebot3_autorace/local_setup.sh
-- Symlinking: /home/masters/ros2/install/turtlebot3_autorace/share/turtlebot3_autorace/local_setup.zsh
-- Symlinking: /home/masters/ros2/install/turtlebot3_autorace/share/turtlebot3_autorace/local_setup.dsv
-- Symlinking: /home/masters/ros2/install/turtlebot3_autorace/share/turtlebot3_autorace/package.dsv
-- Symlinking: /home/masters/ros2/install/turtlebot3_autorace/share/ament_index/resource_index/packages/turtlebot3_autorace
-- Symlinking: /home/masters/ros2/install/turtlebot3_autorace/share/turtlebot3_autorace/cmake/turtlebot3_autoraceConfig.cmake
-- Symlinking: /home/masters/ros2/install/turtlebot3_autorace/share/turtlebot3_autorace/cmake/turtlebot3_autoraceConfig-version.cmake
-- Symlinking: /home/masters/ros2/install/turtlebot3_autorace/share/turtlebot3_autorace/package.xml
