[1.142s] Invoking command in '/home/masters/ros2/src/turtlebot3_autorace/turtlebot3_autorace_detect': PYTHONPATH=/home/masters/ros2/build/turtlebot3_autorace_detect/prefix_override:/usr/lib/python3/dist-packages/colcon_core/task/python/colcon_distutils_commands:/home/masters/ros2/install/turtlebot3_autorace_detect/lib/python3.10/site-packages:${PYTHONPATH} /usr/bin/python3 -W ignore:setup.py install is deprecated -W ignore:easy_install command is deprecated setup.py egg_info --egg-base ../../../build/turtlebot3_autorace_detect build --build-base /home/masters/ros2/build/turtlebot3_autorace_detect/build install --record /home/masters/ros2/build/turtlebot3_autorace_detect/install.log --single-version-externally-managed install_data
[1.360s] running egg_info
[1.360s] creating ../../../build/turtlebot3_autorace_detect/turtlebot3_autorace_detect.egg-info
[1.360s] writing ../../../build/turtlebot3_autorace_detect/turtlebot3_autorace_detect.egg-info/PKG-INFO
[1.360s] writing dependency_links to ../../../build/turtlebot3_autorace_detect/turtlebot3_autorace_detect.egg-info/dependency_links.txt
[1.361s] writing entry points to ../../../build/turtlebot3_autorace_detect/turtlebot3_autorace_detect.egg-info/entry_points.txt
[1.361s] writing requirements to ../../../build/turtlebot3_autorace_detect/turtlebot3_autorace_detect.egg-info/requires.txt
[1.361s] writing top-level names to ../../../build/turtlebot3_autorace_detect/turtlebot3_autorace_detect.egg-info/top_level.txt
[1.361s] writing manifest file '../../../build/turtlebot3_autorace_detect/turtlebot3_autorace_detect.egg-info/SOURCES.txt'
[1.362s] reading manifest file '../../../build/turtlebot3_autorace_detect/turtlebot3_autorace_detect.egg-info/SOURCES.txt'
[1.362s] writing manifest file '../../../build/turtlebot3_autorace_detect/turtlebot3_autorace_detect.egg-info/SOURCES.txt'
[1.363s] running build
[1.363s] running build_py
[1.363s] creating /home/masters/ros2/build/turtlebot3_autorace_detect/build
[1.363s] creating /home/masters/ros2/build/turtlebot3_autorace_detect/build/lib
[1.363s] creating /home/masters/ros2/build/turtlebot3_autorace_detect/build/lib/turtlebot3_autorace_detect
[1.363s] copying turtlebot3_autorace_detect/detect_level_crossing_sign.py -> /home/masters/ros2/build/turtlebot3_autorace_detect/build/lib/turtlebot3_autorace_detect
[1.363s] copying turtlebot3_autorace_detect/detect_level_crossing.py -> /home/masters/ros2/build/turtlebot3_autorace_detect/build/lib/turtlebot3_autorace_detect
[1.363s] copying turtlebot3_autorace_detect/detect_intersection_sign.py -> /home/masters/ros2/build/turtlebot3_autorace_detect/build/lib/turtlebot3_autorace_detect
[1.364s] copying turtlebot3_autorace_detect/detect_construction_sign.py -> /home/masters/ros2/build/turtlebot3_autorace_detect/build/lib/turtlebot3_autorace_detect
[1.364s] copying turtlebot3_autorace_detect/detect_parking_sign.py -> /home/masters/ros2/build/turtlebot3_autorace_detect/build/lib/turtlebot3_autorace_detect
[1.364s] copying turtlebot3_autorace_detect/detect_tunnel_sign.py -> /home/masters/ros2/build/turtlebot3_autorace_detect/build/lib/turtlebot3_autorace_detect
[1.364s] copying turtlebot3_autorace_detect/detect_traffic_light.py -> /home/masters/ros2/build/turtlebot3_autorace_detect/build/lib/turtlebot3_autorace_detect
[1.364s] copying turtlebot3_autorace_detect/__init__.py -> /home/masters/ros2/build/turtlebot3_autorace_detect/build/lib/turtlebot3_autorace_detect
[1.364s] copying turtlebot3_autorace_detect/detect_lane.py -> /home/masters/ros2/build/turtlebot3_autorace_detect/build/lib/turtlebot3_autorace_detect
[1.365s] running install
[1.365s] running install_lib
[1.365s] creating /home/masters/ros2/install/turtlebot3_autorace_detect/lib/python3.10/site-packages/turtlebot3_autorace_detect
[1.365s] copying /home/masters/ros2/build/turtlebot3_autorace_detect/build/lib/turtlebot3_autorace_detect/detect_level_crossing_sign.py -> /home/masters/ros2/install/turtlebot3_autorace_detect/lib/python3.10/site-packages/turtlebot3_autorace_detect
[1.365s] copying /home/masters/ros2/build/turtlebot3_autorace_detect/build/lib/turtlebot3_autorace_detect/detect_level_crossing.py -> /home/masters/ros2/install/turtlebot3_autorace_detect/lib/python3.10/site-packages/turtlebot3_autorace_detect
[1.365s] copying /home/masters/ros2/build/turtlebot3_autorace_detect/build/lib/turtlebot3_autorace_detect/detect_intersection_sign.py -> /home/masters/ros2/install/turtlebot3_autorace_detect/lib/python3.10/site-packages/turtlebot3_autorace_detect
[1.365s] copying /home/masters/ros2/build/turtlebot3_autorace_detect/build/lib/turtlebot3_autorace_detect/detect_construction_sign.py -> /home/masters/ros2/install/turtlebot3_autorace_detect/lib/python3.10/site-packages/turtlebot3_autorace_detect
[1.365s] copying /home/masters/ros2/build/turtlebot3_autorace_detect/build/lib/turtlebot3_autorace_detect/detect_parking_sign.py -> /home/masters/ros2/install/turtlebot3_autorace_detect/lib/python3.10/site-packages/turtlebot3_autorace_detect
[1.365s] copying /home/masters/ros2/build/turtlebot3_autorace_detect/build/lib/turtlebot3_autorace_detect/detect_tunnel_sign.py -> /home/masters/ros2/install/turtlebot3_autorace_detect/lib/python3.10/site-packages/turtlebot3_autorace_detect
[1.365s] copying /home/masters/ros2/build/turtlebot3_autorace_detect/build/lib/turtlebot3_autorace_detect/detect_traffic_light.py -> /home/masters/ros2/install/turtlebot3_autorace_detect/lib/python3.10/site-packages/turtlebot3_autorace_detect
[1.366s] copying /home/masters/ros2/build/turtlebot3_autorace_detect/build/lib/turtlebot3_autorace_detect/__init__.py -> /home/masters/ros2/install/turtlebot3_autorace_detect/lib/python3.10/site-packages/turtlebot3_autorace_detect
[1.366s] copying /home/masters/ros2/build/turtlebot3_autorace_detect/build/lib/turtlebot3_autorace_detect/detect_lane.py -> /home/masters/ros2/install/turtlebot3_autorace_detect/lib/python3.10/site-packages/turtlebot3_autorace_detect
[1.366s] byte-compiling /home/masters/ros2/install/turtlebot3_autorace_detect/lib/python3.10/site-packages/turtlebot3_autorace_detect/detect_level_crossing_sign.py to detect_level_crossing_sign.cpython-310.pyc
[1.366s] byte-compiling /home/masters/ros2/install/turtlebot3_autorace_detect/lib/python3.10/site-packages/turtlebot3_autorace_detect/detect_level_crossing.py to detect_level_crossing.cpython-310.pyc
[1.368s] byte-compiling /home/masters/ros2/install/turtlebot3_autorace_detect/lib/python3.10/site-packages/turtlebot3_autorace_detect/detect_intersection_sign.py to detect_intersection_sign.cpython-310.pyc
[1.371s] byte-compiling /home/masters/ros2/install/turtlebot3_autorace_detect/lib/python3.10/site-packages/turtlebot3_autorace_detect/detect_construction_sign.py to detect_construction_sign.cpython-310.pyc
[1.371s] byte-compiling /home/masters/ros2/install/turtlebot3_autorace_detect/lib/python3.10/site-packages/turtlebot3_autorace_detect/detect_parking_sign.py to detect_parking_sign.cpython-310.pyc
[1.372s] byte-compiling /home/masters/ros2/install/turtlebot3_autorace_detect/lib/python3.10/site-packages/turtlebot3_autorace_detect/detect_tunnel_sign.py to detect_tunnel_sign.cpython-310.pyc
[1.372s] byte-compiling /home/masters/ros2/install/turtlebot3_autorace_detect/lib/python3.10/site-packages/turtlebot3_autorace_detect/detect_traffic_light.py to detect_traffic_light.cpython-310.pyc
[1.373s] byte-compiling /home/masters/ros2/install/turtlebot3_autorace_detect/lib/python3.10/site-packages/turtlebot3_autorace_detect/__init__.py to __init__.cpython-310.pyc
[1.373s] byte-compiling /home/masters/ros2/install/turtlebot3_autorace_detect/lib/python3.10/site-packages/turtlebot3_autorace_detect/detect_lane.py to detect_lane.cpython-310.pyc
[1.375s] running install_data
[1.375s] creating /home/masters/ros2/install/turtlebot3_autorace_detect/share/ament_index
[1.375s] creating /home/masters/ros2/install/turtlebot3_autorace_detect/share/ament_index/resource_index
[1.375s] creating /home/masters/ros2/install/turtlebot3_autorace_detect/share/ament_index/resource_index/packages
[1.376s] copying resource/turtlebot3_autorace_detect -> /home/masters/ros2/install/turtlebot3_autorace_detect/share/ament_index/resource_index/packages
[1.376s] copying package.xml -> /home/masters/ros2/install/turtlebot3_autorace_detect/share/turtlebot3_autorace_detect
[1.376s] creating /home/masters/ros2/install/turtlebot3_autorace_detect/share/turtlebot3_autorace_detect/launch
[1.376s] copying launch/detect_lane.launch.py -> /home/masters/ros2/install/turtlebot3_autorace_detect/share/turtlebot3_autorace_detect/launch
[1.376s] copying launch/detect_traffic_light.launch.py -> /home/masters/ros2/install/turtlebot3_autorace_detect/share/turtlebot3_autorace_detect/launch
[1.376s] copying launch/detect_level_crossing.launch.py -> /home/masters/ros2/install/turtlebot3_autorace_detect/share/turtlebot3_autorace_detect/launch
[1.376s] copying launch/detect_sign.launch.py -> /home/masters/ros2/install/turtlebot3_autorace_detect/share/turtlebot3_autorace_detect/launch
[1.376s] creating /home/masters/ros2/install/turtlebot3_autorace_detect/share/turtlebot3_autorace_detect/param
[1.376s] creating /home/masters/ros2/install/turtlebot3_autorace_detect/share/turtlebot3_autorace_detect/param/lane
[1.377s] copying param/lane/lane.yaml -> /home/masters/ros2/install/turtlebot3_autorace_detect/share/turtlebot3_autorace_detect/param/lane
[1.377s] creating /home/masters/ros2/install/turtlebot3_autorace_detect/share/turtlebot3_autorace_detect/param/level
[1.377s] copying param/level/level.yaml -> /home/masters/ros2/install/turtlebot3_autorace_detect/share/turtlebot3_autorace_detect/param/level
[1.377s] creating /home/masters/ros2/install/turtlebot3_autorace_detect/share/turtlebot3_autorace_detect/param/traffic_light
[1.377s] copying param/traffic_light/traffic_light.yaml -> /home/masters/ros2/install/turtlebot3_autorace_detect/share/turtlebot3_autorace_detect/param/traffic_light
[1.377s] creating /home/masters/ros2/install/turtlebot3_autorace_detect/share/turtlebot3_autorace_detect/image
[1.377s] copying image/construction.png -> /home/masters/ros2/install/turtlebot3_autorace_detect/share/turtlebot3_autorace_detect/image
[1.377s] copying image/tunnel.png -> /home/masters/ros2/install/turtlebot3_autorace_detect/share/turtlebot3_autorace_detect/image
[1.377s] copying image/stop.png -> /home/masters/ros2/install/turtlebot3_autorace_detect/share/turtlebot3_autorace_detect/image
[1.377s] copying image/left.png -> /home/masters/ros2/install/turtlebot3_autorace_detect/share/turtlebot3_autorace_detect/image
[1.377s] copying image/right.png -> /home/masters/ros2/install/turtlebot3_autorace_detect/share/turtlebot3_autorace_detect/image
[1.378s] copying image/parking.png -> /home/masters/ros2/install/turtlebot3_autorace_detect/share/turtlebot3_autorace_detect/image
[1.378s] copying image/intersection.png -> /home/masters/ros2/install/turtlebot3_autorace_detect/share/turtlebot3_autorace_detect/image
[1.378s] running install_egg_info
[1.378s] Copying ../../../build/turtlebot3_autorace_detect/turtlebot3_autorace_detect.egg-info to /home/masters/ros2/install/turtlebot3_autorace_detect/lib/python3.10/site-packages/turtlebot3_autorace_detect-1.2.2-py3.10.egg-info
[1.379s] running install_scripts
[1.394s] Installing detect_construction_sign script to /home/masters/ros2/install/turtlebot3_autorace_detect/lib/turtlebot3_autorace_detect
[1.395s] Installing detect_intersection_sign script to /home/masters/ros2/install/turtlebot3_autorace_detect/lib/turtlebot3_autorace_detect
[1.395s] Installing detect_lane script to /home/masters/ros2/install/turtlebot3_autorace_detect/lib/turtlebot3_autorace_detect
[1.395s] Installing detect_level_crossing script to /home/masters/ros2/install/turtlebot3_autorace_detect/lib/turtlebot3_autorace_detect
[1.395s] Installing detect_level_crossing_sign script to /home/masters/ros2/install/turtlebot3_autorace_detect/lib/turtlebot3_autorace_detect
[1.395s] Installing detect_parking_sign script to /home/masters/ros2/install/turtlebot3_autorace_detect/lib/turtlebot3_autorace_detect
[1.395s] Installing detect_traffic_light script to /home/masters/ros2/install/turtlebot3_autorace_detect/lib/turtlebot3_autorace_detect
[1.396s] Installing detect_tunnel_sign script to /home/masters/ros2/install/turtlebot3_autorace_detect/lib/turtlebot3_autorace_detect
[1.396s] writing list of installed files to '/home/masters/ros2/build/turtlebot3_autorace_detect/install.log'
[1.421s] Invoked command in '/home/masters/ros2/src/turtlebot3_autorace/turtlebot3_autorace_detect' returned '0': PYTHONPATH=/home/masters/ros2/build/turtlebot3_autorace_detect/prefix_override:/usr/lib/python3/dist-packages/colcon_core/task/python/colcon_distutils_commands:/home/masters/ros2/install/turtlebot3_autorace_detect/lib/python3.10/site-packages:${PYTHONPATH} /usr/bin/python3 -W ignore:setup.py install is deprecated -W ignore:easy_install command is deprecated setup.py egg_info --egg-base ../../../build/turtlebot3_autorace_detect build --build-base /home/masters/ros2/build/turtlebot3_autorace_detect/build install --record /home/masters/ros2/build/turtlebot3_autorace_detect/install.log --single-version-externally-managed install_data
