[1.139s] Invoking command in '/home/masters/ros2/src/sensor_fusion': PYTHONPATH=/home/masters/ros2/build/sensor_fusion/prefix_override:/usr/lib/python3/dist-packages/colcon_core/task/python/colcon_distutils_commands:/home/masters/ros2/install/sensor_fusion/lib/python3.10/site-packages:${PYTHONPATH} /usr/bin/python3 -W ignore:setup.py install is deprecated -W ignore:easy_install command is deprecated setup.py egg_info --egg-base ../../build/sensor_fusion build --build-base /home/masters/ros2/build/sensor_fusion/build install --record /home/masters/ros2/build/sensor_fusion/install.log --single-version-externally-managed install_data
[1.357s] running egg_info
[1.357s] creating ../../build/sensor_fusion/sensor_fusion.egg-info
[1.357s] writing ../../build/sensor_fusion/sensor_fusion.egg-info/PKG-INFO
[1.357s] writing dependency_links to ../../build/sensor_fusion/sensor_fusion.egg-info/dependency_links.txt
[1.357s] writing entry points to ../../build/sensor_fusion/sensor_fusion.egg-info/entry_points.txt
[1.357s] writing requirements to ../../build/sensor_fusion/sensor_fusion.egg-info/requires.txt
[1.357s] writing top-level names to ../../build/sensor_fusion/sensor_fusion.egg-info/top_level.txt
[1.358s] writing manifest file '../../build/sensor_fusion/sensor_fusion.egg-info/SOURCES.txt'
[1.359s] reading manifest file '../../build/sensor_fusion/sensor_fusion.egg-info/SOURCES.txt'
[1.359s] writing manifest file '../../build/sensor_fusion/sensor_fusion.egg-info/SOURCES.txt'
[1.359s] running build
[1.359s] running build_py
[1.360s] creating /home/masters/ros2/build/sensor_fusion/build
[1.360s] creating /home/masters/ros2/build/sensor_fusion/build/lib
[1.360s] creating /home/masters/ros2/build/sensor_fusion/build/lib/sensor_fusion
[1.360s] copying sensor_fusion/image.py -> /home/masters/ros2/build/sensor_fusion/build/lib/sensor_fusion
[1.361s] copying sensor_fusion/lidar.py -> /home/masters/ros2/build/sensor_fusion/build/lib/sensor_fusion
[1.361s] copying sensor_fusion/__init__.py -> /home/masters/ros2/build/sensor_fusion/build/lib/sensor_fusion
[1.361s] running install
[1.362s] running install_lib
[1.362s] creating /home/masters/ros2/install/sensor_fusion/lib/python3.10/site-packages/sensor_fusion
[1.362s] copying /home/masters/ros2/build/sensor_fusion/build/lib/sensor_fusion/image.py -> /home/masters/ros2/install/sensor_fusion/lib/python3.10/site-packages/sensor_fusion
[1.363s] copying /home/masters/ros2/build/sensor_fusion/build/lib/sensor_fusion/lidar.py -> /home/masters/ros2/install/sensor_fusion/lib/python3.10/site-packages/sensor_fusion
[1.363s] copying /home/masters/ros2/build/sensor_fusion/build/lib/sensor_fusion/__init__.py -> /home/masters/ros2/install/sensor_fusion/lib/python3.10/site-packages/sensor_fusion
[1.363s] byte-compiling /home/masters/ros2/install/sensor_fusion/lib/python3.10/site-packages/sensor_fusion/image.py to image.cpython-310.pyc
[1.363s] byte-compiling /home/masters/ros2/install/sensor_fusion/lib/python3.10/site-packages/sensor_fusion/lidar.py to lidar.cpython-310.pyc
[1.363s] byte-compiling /home/masters/ros2/install/sensor_fusion/lib/python3.10/site-packages/sensor_fusion/__init__.py to __init__.cpython-310.pyc
[1.364s] running install_data
[1.364s] creating /home/masters/ros2/install/sensor_fusion/share/ament_index
[1.364s] creating /home/masters/ros2/install/sensor_fusion/share/ament_index/resource_index
[1.364s] creating /home/masters/ros2/install/sensor_fusion/share/ament_index/resource_index/packages
[1.364s] copying resource/sensor_fusion -> /home/masters/ros2/install/sensor_fusion/share/ament_index/resource_index/packages
[1.364s] copying package.xml -> /home/masters/ros2/install/sensor_fusion/share/sensor_fusion
[1.364s] running install_egg_info
[1.365s] Copying ../../build/sensor_fusion/sensor_fusion.egg-info to /home/masters/ros2/install/sensor_fusion/lib/python3.10/site-packages/sensor_fusion-0.0.0-py3.10.egg-info
[1.366s] running install_scripts
[1.386s] Installing image_executable script to /home/masters/ros2/install/sensor_fusion/lib/sensor_fusion
[1.386s] Installing lidar_executable script to /home/masters/ros2/install/sensor_fusion/lib/sensor_fusion
[1.387s] writing list of installed files to '/home/masters/ros2/build/sensor_fusion/install.log'
[1.419s] Invoked command in '/home/masters/ros2/src/sensor_fusion' returned '0': PYTHONPATH=/home/masters/ros2/build/sensor_fusion/prefix_override:/usr/lib/python3/dist-packages/colcon_core/task/python/colcon_distutils_commands:/home/masters/ros2/install/sensor_fusion/lib/python3.10/site-packages:${PYTHONPATH} /usr/bin/python3 -W ignore:setup.py install is deprecated -W ignore:easy_install command is deprecated setup.py egg_info --egg-base ../../build/sensor_fusion build --build-base /home/masters/ros2/build/sensor_fusion/build install --record /home/masters/ros2/build/sensor_fusion/install.log --single-version-externally-managed install_data
