[1.185s] Invoking command in '/home/masters/ros2/src/sensor_fusion': PYTHONPATH=/home/masters/ros2/src/build/sensor_fusion/prefix_override:/usr/lib/python3/dist-packages/colcon_core/task/python/colcon_distutils_commands:/home/masters/ros2/src/install/sensor_fusion/lib/python3.10/site-packages:${PYTHONPATH} /usr/bin/python3 -W ignore:setup.py install is deprecated -W ignore:easy_install command is deprecated setup.py egg_info --egg-base ../build/sensor_fusion build --build-base /home/masters/ros2/src/build/sensor_fusion/build install --record /home/masters/ros2/src/build/sensor_fusion/install.log --single-version-externally-managed install_data
[1.397s] running egg_info
[1.398s] writing ../build/sensor_fusion/sensor_fusion.egg-info/PKG-INFO
[1.398s] writing dependency_links to ../build/sensor_fusion/sensor_fusion.egg-info/dependency_links.txt
[1.398s] writing entry points to ../build/sensor_fusion/sensor_fusion.egg-info/entry_points.txt
[1.398s] writing requirements to ../build/sensor_fusion/sensor_fusion.egg-info/requires.txt
[1.398s] writing top-level names to ../build/sensor_fusion/sensor_fusion.egg-info/top_level.txt
[1.399s] reading manifest file '../build/sensor_fusion/sensor_fusion.egg-info/SOURCES.txt'
[1.400s] writing manifest file '../build/sensor_fusion/sensor_fusion.egg-info/SOURCES.txt'
[1.400s] running build
[1.400s] running build_py
[1.401s] running install
[1.401s] running install_lib
[1.402s] running install_data
[1.402s] running install_egg_info
[1.403s] removing '/home/masters/ros2/src/install/sensor_fusion/lib/python3.10/site-packages/sensor_fusion-0.0.0-py3.10.egg-info' (and everything under it)
[1.404s] Copying ../build/sensor_fusion/sensor_fusion.egg-info to /home/masters/ros2/src/install/sensor_fusion/lib/python3.10/site-packages/sensor_fusion-0.0.0-py3.10.egg-info
[1.404s] running install_scripts
[1.420s] Installing image_executable script to /home/masters/ros2/src/install/sensor_fusion/lib/sensor_fusion
[1.420s] Installing lidar_executable script to /home/masters/ros2/src/install/sensor_fusion/lib/sensor_fusion
[1.420s] writing list of installed files to '/home/masters/ros2/src/build/sensor_fusion/install.log'
[1.458s] Invoked command in '/home/masters/ros2/src/sensor_fusion' returned '0': PYTHONPATH=/home/masters/ros2/src/build/sensor_fusion/prefix_override:/usr/lib/python3/dist-packages/colcon_core/task/python/colcon_distutils_commands:/home/masters/ros2/src/install/sensor_fusion/lib/python3.10/site-packages:${PYTHONPATH} /usr/bin/python3 -W ignore:setup.py install is deprecated -W ignore:easy_install command is deprecated setup.py egg_info --egg-base ../build/sensor_fusion build --build-base /home/masters/ros2/src/build/sensor_fusion/build install --record /home/masters/ros2/src/build/sensor_fusion/install.log --single-version-externally-managed install_data
